<?xml version="1.0" encoding="UTF-8"?>
<testsuite xmlns:xsi="http://www.w3.org/2001/XMLSchema-instance" xsi:noNamespaceSchemaLocation="https://maven.apache.org/surefire/maven-surefire-plugin/xsd/surefire-test-report-3.0.xsd" version="3.0" name="TestSuite" time="11.927" tests="18" errors="0" skipped="0" failures="0">
  <properties>
[...]
</properties>
  <testcase name="runScenario[&quot;Validate representative public content page templates&quot;, &quot;DTCC public website page coverage&quot;](2)" classname="com.dtcc.automation.runners.CucumberTestRunner" time="4.551">
    <system-out><![CDATA[
Scenario Outline: Login screen rejects invalid or unsafe credentials              # src/test/resources/features/account-management/Login.feature:22

Scenario Outline: Login screen rejects invalid or unsafe credentials             # src/test/resources/features/account-management/Login.feature:25

Scenario Outline: Login screen rejects invalid or unsafe credentials                           # src/test/resources/features/account-management/Login.feature:24

Scenario Outline: Login screen rejects invalid or unsafe credentials # src/test/resources/features/account-management/Login.feature:23

@publicSite
Scenario: Validate the DTCC home page loads with basic navigation # src/test/resources/features/public-site/DtccPublicWebsite.feature:8

Scenario Outline: Login screen accepts valid public-safe test credentials        # src/test/resources/features/account-management/Login.feature:11

@publicSite
Scenario Outline: Validate representative public content page templates # src/test/resources/features/public-site/DtccPublicWebsite.feature:20

Scenario Outline: Login screen accepts valid public-safe test credentials      # src/test/resources/features/account-management/Login.feature:12

Scenario Outline: Login screen accepts valid public-safe test credentials           # src/test/resources/features/account-management/Login.feature:10

@publicSite
Scenario Outline: Validate representative public content page templates  # src/test/resources/features/public-site/DtccPublicWebsite.feature:21
  Given User is on the login screen                                  # com.dtcc.automation.stepdefs.OrderLifecycleSteps.userIsOnLoginScreen()
  Given User is on the login screen                                              # com.dtcc.automation.stepdefs.OrderLifecycleSteps.userIsOnLoginScreen()
  Given User is on the login screen                                                 # com.dtcc.automation.stepdefs.OrderLifecycleSteps.userIsOnLoginScreen()
  Given User is on the login screen                                              # com.dtcc.automation.stepdefs.OrderLifecycleSteps.userIsOnLoginScreen()
  Given User is on the login screen                                            # com.dtcc.automation.stepdefs.OrderLifecycleSteps.userIsOnLoginScreen()
  Given User is on the login screen                                               # com.dtcc.automation.stepdefs.OrderLifecycleSteps.userIsOnLoginScreen()
  Given User is on the login screen                                                            # com.dtcc.automation.stepdefs.OrderLifecycleSteps.userIsOnLoginScreen()
  Given I open the DTCC public page "https://www.dtcc.com/about"        # com.dtcc.automation.stepdefs.DtccPublicWebsiteSteps.iOpenTheDtccPublicPage(java.lang.String)
  Given I open the DTCC public page "https://www.dtcc.com/client-center" # com.dtcc.automation.stepdefs.DtccPublicWebsiteSteps.iOpenTheDtccPublicPage(java.lang.String)
  Then the DTCC page should load successfully                           # com.dtcc.automation.stepdefs.DtccPublicWebsiteSteps.theDtccPageShouldLoadSuccessfully()
  Then the DTCC page should load successfully                            # com.dtcc.automation.stepdefs.DtccPublicWebsiteSteps.theDtccPageShouldLoadSuccessfully()
  And the page should contain a visible content area                    # com.dtcc.automation.stepdefs.DtccPublicWebsiteSteps.thePageShouldContainAVisibleContentArea()
  When User attempts login with invalid credentials "script-alert-payload" and "demo_password" # com.dtcc.automation.stepdefs.OrderLifecycleSteps.userAttemptsInvalidLogin(java.lang.String,java.lang.String)
  And the page should contain a visible content area                     # com.dtcc.automation.stepdefs.DtccPublicWebsiteSteps.thePageShouldContainAVisibleContentArea()
  When User authenticates with valid credentials "demo_user" and "demo_password" # com.dtcc.automation.stepdefs.OrderLifecycleSteps.userAuthenticatesPlain(java.lang.String,java.lang.String)
  When User authenticates with valid credentials "sdet_dtcc_user" and "SecureP@ss1" # com.dtcc.automation.stepdefs.OrderLifecycleSteps.userAuthenticatesPlain(java.lang.String,java.lang.String)
  When User attempts login with invalid credentials "' OR '1'='1" and "anything" # com.dtcc.automation.stepdefs.OrderLifecycleSteps.userAttemptsInvalidLogin(java.lang.String,java.lang.String)
  Then The login error should be displayed                                                     # com.dtcc.automation.stepdefs.OrderLifecycleSteps.loginErrorShouldBeDisplayed()
  Then The catalogue should be available                                         # com.dtcc.automation.stepdefs.OrderLifecycleSteps.catalogueShouldBeAvailable()
  Then The catalogue should be available                                            # com.dtcc.automation.stepdefs.OrderLifecycleSteps.catalogueShouldBeAvailable()
  Then The login error should be displayed                                       # com.dtcc.automation.stepdefs.OrderLifecycleSteps.loginErrorShouldBeDisplayed()
  When User authenticates with valid credentials "sdet_user" and "SecureP@ss1" # com.dtcc.automation.stepdefs.OrderLifecycleSteps.userAuthenticatesPlain(java.lang.String,java.lang.String)
  And The catalogue should remain hidden                                                       # com.dtcc.automation.stepdefs.OrderLifecycleSteps.catalogueShouldRemainHidden()
]]></system-out>
    <system-err><![CDATA[SLF4J: Failed to load class "org.slf4j.impl.StaticLoggerBinder".
SLF4J: Defaulting to no-operation (NOP) logger implementation
SLF4J: See http://www.slf4j.org/codes.html#StaticLoggerBinder for further details.
Jun 04, 2026 1:47:46 AM org.openqa.selenium.devtools.CdpVersionFinder findNearestMatch
WARNING: Unable to find CDP implementation matching 148
Jun 04, 2026 1:47:46 AM org.openqa.selenium.devtools.CdpVersionFinder findNearestMatch
WARNING: Unable to find CDP implementation matching 148
Jun 04, 2026 1:47:46 AM org.openqa.selenium.devtools.CdpVersionFinder findNearestMatch
WARNING: Unable to find CDP implementation matching 148
Jun 04, 2026 1:47:46 AM org.openqa.selenium.devtools.CdpVersionFinder findNearestMatch
WARNING: Unable to find CDP implementation matching 148
Jun 04, 2026 1:47:46 AM org.openqa.selenium.devtools.CdpVersionFinder findNearestMatch
WARNING: Unable to find CDP implementation matching 148
Jun 04, 2026 1:47:46 AM org.openqa.selenium.devtools.CdpVersionFinder findNearestMatch
WARNING: Unable to find CDP implementation matching 148
Jun 04, 2026 1:47:46 AM org.openqa.selenium.chromium.ChromiumDriver lambda$new$5
WARNING: Unable to find version of CDP to use for 148.0.7778.178. You may need to include a dependency on a specific version of the CDP using something similar to `org.seleniumhq.selenium:selenium-devtools-v86:4.21.0` where the version ("v86") matches the version of the chromium-based browser you're using and the version number of the artifact is the same as Selenium's.
Jun 04, 2026 1:47:46 AM org.openqa.selenium.chromium.ChromiumDriver lambda$new$5
WARNING: Unable to find version of CDP to use for 148.0.7778.178. You may need to include a dependency on a specific version of the CDP using something similar to `org.seleniumhq.selenium:selenium-devtools-v86:4.21.0` where the version ("v86") matches the version of the chromium-based browser you're using and the version number of the artifact is the same as Selenium's.
Jun 04, 2026 1:47:46 AM org.openqa.selenium.chromium.ChromiumDriver lambda$new$5
WARNING: Unable to find version of CDP to use for 148.0.7778.178. You may need to include a dependency on a specific version of the CDP using something similar to `org.seleniumhq.selenium:selenium-devtools-v86:4.21.0` where the version ("v86") matches the version of the chromium-based browser you're using and the version number of the artifact is the same as Selenium's.
Jun 04, 2026 1:47:46 AM org.openqa.selenium.chromium.ChromiumDriver lambda$new$5
WARNING: Unable to find version of CDP to use for 148.0.7778.178. You may need to include a dependency on a specific version of the CDP using something similar to `org.seleniumhq.selenium:selenium-devtools-v86:4.21.0` where the version ("v86") matches the version of the chromium-based browser you're using and the version number of the artifact is the same as Selenium's.
Jun 04, 2026 1:47:46 AM org.openqa.selenium.chromium.ChromiumDriver lambda$new$5
WARNING: Unable to find version of CDP to use for 148.0.7778.178. You may need to include a dependency on a specific version of the CDP using something similar to `org.seleniumhq.selenium:selenium-devtools-v86:4.21.0` where the version ("v86") matches the version of the chromium-based browser you're using and the version number of the artifact is the same as Selenium's.
Jun 04, 2026 1:47:46 AM org.openqa.selenium.chromium.ChromiumDriver lambda$new$5
WARNING: Unable to find version of CDP to use for 148.0.7778.178. You may need to include a dependency on a specific version of the CDP using something similar to `org.seleniumhq.selenium:selenium-devtools-v86:4.21.0` where the version ("v86") matches the version of the chromium-based browser you're using and the version number of the artifact is the same as Selenium's.
Jun 04, 2026 1:47:46 AM org.openqa.selenium.devtools.CdpVersionFinder findNearestMatch
WARNING: Unable to find CDP implementation matching 148
Jun 04, 2026 1:47:46 AM org.openqa.selenium.chromium.ChromiumDriver lambda$new$5
WARNING: Unable to find version of CDP to use for 148.0.7778.178. You may need to include a dependency on a specific version of the CDP using something similar to `org.seleniumhq.selenium:selenium-devtools-v86:4.21.0` where the version ("v86") matches the version of the chromium-based browser you're using and the version number of the artifact is the same as Selenium's.
Jun 04, 2026 1:47:46 AM org.openqa.selenium.devtools.CdpVersionFinder findNearestMatch
WARNING: Unable to find CDP implementation matching 148
Jun 04, 2026 1:47:46 AM org.openqa.selenium.chromium.ChromiumDriver lambda$new$5
WARNING: Unable to find version of CDP to use for 148.0.7778.178. You may need to include a dependency on a specific version of the CDP using something similar to `org.seleniumhq.selenium:selenium-devtools-v86:4.21.0` where the version ("v86") matches the version of the chromium-based browser you're using and the version number of the artifact is the same as Selenium's.
Jun 04, 2026 1:47:46 AM org.openqa.selenium.devtools.CdpVersionFinder findNearestMatch
WARNING: Unable to find CDP implementation matching 148
Jun 04, 2026 1:47:46 AM org.openqa.selenium.chromium.ChromiumDriver lambda$new$5
WARNING: Unable to find version of CDP to use for 148.0.7778.178. You may need to include a dependency on a specific version of the CDP using something similar to `org.seleniumhq.selenium:selenium-devtools-v86:4.21.0` where the version ("v86") matches the version of the chromium-based browser you're using and the version number of the artifact is the same as Selenium's.
Jun 04, 2026 1:47:46 AM org.openqa.selenium.devtools.CdpVersionFinder findNearestMatch
WARNING: Unable to find CDP implementation matching 148
Jun 04, 2026 1:47:46 AM org.openqa.selenium.chromium.ChromiumDriver lambda$new$5
WARNING: Unable to find version of CDP to use for 148.0.7778.178. You may need to include a dependency on a specific version of the CDP using something similar to `org.seleniumhq.selenium:selenium-devtools-v86:4.21.0` where the version ("v86") matches the version of the chromium-based browser you're using and the version number of the artifact is the same as Selenium's.
]]></system-err>
  </testcase>
  <testcase name="runScenario[&quot;Validate representative public content page templates&quot;, &quot;DTCC public website page coverage&quot;](2)" classname="com.dtcc.automation.runners.CucumberTestRunner" time="4.552"/>
  <testcase name="runScenario[&quot;Login screen accepts valid public-safe test credentials&quot;, &quot;Account authentication validation&quot;](3)" classname="com.dtcc.automation.runners.CucumberTestRunner" time="0.084">
    <system-out><![CDATA[  When User attempts login with invalid credentials "" and ""        # com.dtcc.automation.stepdefs.OrderLifecycleSteps.userAttemptsInvalidLogin(java.lang.String,java.lang.String)

@publicSite
Scenario Outline: Validate representative public content page templates # src/test/resources/features/public-site/DtccPublicWebsite.feature:22

@publicSite
Scenario Outline: Validate representative public content page templates # src/test/resources/features/public-site/DtccPublicWebsite.feature:23
]]></system-out>
  </testcase>
  <testcase name="runScenario[&quot;Login screen accepts valid public-safe test credentials&quot;, &quot;Account authentication validation&quot;](4)" classname="com.dtcc.automation.runners.CucumberTestRunner" time="0.007">
    <system-out><![CDATA[  Then The catalogue should be available                                       # com.dtcc.automation.stepdefs.OrderLifecycleSteps.catalogueShouldBeAvailable()
]]></system-out>
  </testcase>
  <testcase name="runScenario[&quot;Login screen rejects invalid or unsafe credentials&quot;, &quot;Account authentication validation&quot;](5)" classname="com.dtcc.automation.runners.CucumberTestRunner" time="0.021">
    <system-out><![CDATA[
@publicSite
Scenario Outline: Validate representative public content page templates # src/test/resources/features/public-site/DtccPublicWebsite.feature:24

Scenario Outline: Successful user login and complete checkout fulfillment workflow            # src/test/resources/features/trading-order-lifecycle/OrderE2E.feature:13
]]></system-out>
  </testcase>
  <testcase name="runScenario[&quot;Login screen accepts valid public-safe test credentials&quot;, &quot;Account authentication validation&quot;](6)" classname="com.dtcc.automation.runners.CucumberTestRunner" time="0.178">
    <system-out><![CDATA[  And The catalogue should remain hidden                                         # com.dtcc.automation.stepdefs.OrderLifecycleSteps.catalogueShouldRemainHidden()
  Then The login error should be displayed                           # com.dtcc.automation.stepdefs.OrderLifecycleSteps.loginErrorShouldBeDisplayed()

Scenario Outline: Successful user login and complete checkout fulfillment workflow            # src/test/resources/features/trading-order-lifecycle/OrderE2E.feature:14
]]></system-out>
  </testcase>
  <testcase name="runScenario[&quot;Login screen rejects invalid or unsafe credentials&quot;, &quot;Account authentication validation&quot;](7)" classname="com.dtcc.automation.runners.CucumberTestRunner" time="0.022">
    <system-out><![CDATA[
Scenario Outline: Successful user login and complete checkout fulfillment workflow            # src/test/resources/features/trading-order-lifecycle/OrderE2E.feature:15
]]></system-out>
  </testcase>
  <testcase name="runScenario[&quot;Login screen rejects invalid or unsafe credentials&quot;, &quot;Account authentication validation&quot;](8)" classname="com.dtcc.automation.runners.CucumberTestRunner" time="0.208">
    <system-out><![CDATA[  When User attempts login with invalid credentials "bad_user" and "bad_password" # com.dtcc.automation.stepdefs.OrderLifecycleSteps.userAttemptsInvalidLogin(java.lang.String,java.lang.String)

Scenario: Checkout cannot start before an item is selected                       # src/test/resources/features/trading-order-lifecycle/OrderE2E.feature:17
  And The catalogue should remain hidden                             # com.dtcc.automation.stepdefs.OrderLifecycleSteps.catalogueShouldRemainHidden()
  Then The login error should be displayed                                        # com.dtcc.automation.stepdefs.OrderLifecycleSteps.loginErrorShouldBeDisplayed()
]]></system-out>
  </testcase>
  <testcase name="runScenario[&quot;Login screen rejects invalid or unsafe credentials&quot;, &quot;Account authentication validation&quot;](9)" classname="com.dtcc.automation.runners.CucumberTestRunner" time="0.221">
    <system-out><![CDATA[
Scenario: Cart selection makes checkout available                                             # src/test/resources/features/trading-order-lifecycle/OrderE2E.feature:23
  And The catalogue should remain hidden                                          # com.dtcc.automation.stepdefs.OrderLifecycleSteps.catalogueShouldRemainHidden()
  Given I open the DTCC public home page                          # com.dtcc.automation.stepdefs.DtccPublicWebsiteSteps.iOpenTheDtccPublicHomePage()
]]></system-out>
  </testcase>
  <testcase name="runScenario[&quot;Validate representative public content page templates&quot;, &quot;DTCC public website page coverage&quot;](10)" classname="com.dtcc.automation.runners.CucumberTestRunner" time="2.694">
    <system-out><![CDATA[  Then the DTCC page should load successfully                     # com.dtcc.automation.stepdefs.DtccPublicWebsiteSteps.theDtccPageShouldLoadSuccessfully()
  Given User is on the login screen                                                           # com.dtcc.automation.stepdefs.OrderLifecycleSteps.userIsOnLoginScreen()
  Given User is on the login screen                                                           # com.dtcc.automation.stepdefs.OrderLifecycleSteps.userIsOnLoginScreen()
  Given User is on the login screen                                              # com.dtcc.automation.stepdefs.OrderLifecycleSteps.userIsOnLoginScreen()
  Given User is on the login screen                                                           # com.dtcc.automation.stepdefs.OrderLifecycleSteps.userIsOnLoginScreen()
  Given I open the DTCC public page "https://www.dtcc.com/legal"        # com.dtcc.automation.stepdefs.DtccPublicWebsiteSteps.iOpenTheDtccPublicPage(java.lang.String)
  Given I open the DTCC public page "https://www.dtcc.com/news"         # com.dtcc.automation.stepdefs.DtccPublicWebsiteSteps.iOpenTheDtccPublicPage(java.lang.String)
  Given User is on the login screen                                                           # com.dtcc.automation.stepdefs.OrderLifecycleSteps.userIsOnLoginScreen()
  Then the DTCC page should load successfully                           # com.dtcc.automation.stepdefs.DtccPublicWebsiteSteps.theDtccPageShouldLoadSuccessfully()
  Then the DTCC page should load successfully                           # com.dtcc.automation.stepdefs.DtccPublicWebsiteSteps.theDtccPageShouldLoadSuccessfully()
  Given I open the DTCC public page "https://www.dtcc.com/products"     # com.dtcc.automation.stepdefs.DtccPublicWebsiteSteps.iOpenTheDtccPublicPage(java.lang.String)
  Then the DTCC page should load successfully                           # com.dtcc.automation.stepdefs.DtccPublicWebsiteSteps.theDtccPageShouldLoadSuccessfully()
  And the page should contain a visible content area                    # com.dtcc.automation.stepdefs.DtccPublicWebsiteSteps.thePageShouldContainAVisibleContentArea()
  And the page should contain a visible content area                    # com.dtcc.automation.stepdefs.DtccPublicWebsiteSteps.thePageShouldContainAVisibleContentArea()
  And the page should contain a visible content area                    # com.dtcc.automation.stepdefs.DtccPublicWebsiteSteps.thePageShouldContainAVisibleContentArea()
]]></system-out>
    <system-err><![CDATA[Jun 04, 2026 1:47:50 AM org.openqa.selenium.devtools.CdpVersionFinder findNearestMatch
WARNING: Unable to find CDP implementation matching 148
Jun 04, 2026 1:47:50 AM org.openqa.selenium.chromium.ChromiumDriver lambda$new$5
WARNING: Unable to find version of CDP to use for 148.0.7778.178. You may need to include a dependency on a specific version of the CDP using something similar to `org.seleniumhq.selenium:selenium-devtools-v86:4.21.0` where the version ("v86") matches the version of the chromium-based browser you're using and the version number of the artifact is the same as Selenium's.
Jun 04, 2026 1:47:50 AM org.openqa.selenium.devtools.CdpVersionFinder findNearestMatch
WARNING: Unable to find CDP implementation matching 148
Jun 04, 2026 1:47:50 AM org.openqa.selenium.chromium.ChromiumDriver lambda$new$5
WARNING: Unable to find version of CDP to use for 148.0.7778.178. You may need to include a dependency on a specific version of the CDP using something similar to `org.seleniumhq.selenium:selenium-devtools-v86:4.21.0` where the version ("v86") matches the version of the chromium-based browser you're using and the version number of the artifact is the same as Selenium's.
Jun 04, 2026 1:47:50 AM org.openqa.selenium.devtools.CdpVersionFinder findNearestMatch
WARNING: Unable to find CDP implementation matching 148
Jun 04, 2026 1:47:50 AM org.openqa.selenium.chromium.ChromiumDriver lambda$new$5
WARNING: Unable to find version of CDP to use for 148.0.7778.178. You may need to include a dependency on a specific version of the CDP using something similar to `org.seleniumhq.selenium:selenium-devtools-v86:4.21.0` where the version ("v86") matches the version of the chromium-based browser you're using and the version number of the artifact is the same as Selenium's.
Jun 04, 2026 1:47:50 AM org.openqa.selenium.devtools.CdpVersionFinder findNearestMatch
WARNING: Unable to find CDP implementation matching 148
Jun 04, 2026 1:47:50 AM org.openqa.selenium.chromium.ChromiumDriver lambda$new$5
WARNING: Unable to find version of CDP to use for 148.0.7778.178. You may need to include a dependency on a specific version of the CDP using something similar to `org.seleniumhq.selenium:selenium-devtools-v86:4.21.0` where the version ("v86") matches the version of the chromium-based browser you're using and the version number of the artifact is the same as Selenium's.
Jun 04, 2026 1:47:50 AM org.openqa.selenium.devtools.CdpVersionFinder findNearestMatch
WARNING: Unable to find CDP implementation matching 148
Jun 04, 2026 1:47:50 AM org.openqa.selenium.chromium.ChromiumDriver lambda$new$5
WARNING: Unable to find version of CDP to use for 148.0.7778.178. You may need to include a dependency on a specific version of the CDP using something similar to `org.seleniumhq.selenium:selenium-devtools-v86:4.21.0` where the version ("v86") matches the version of the chromium-based browser you're using and the version number of the artifact is the same as Selenium's.
Jun 04, 2026 1:47:50 AM org.openqa.selenium.devtools.CdpVersionFinder findNearestMatch
WARNING: Unable to find CDP implementation matching 148
Jun 04, 2026 1:47:50 AM org.openqa.selenium.chromium.ChromiumDriver lambda$new$5
WARNING: Unable to find version of CDP to use for 148.0.7778.178. You may need to include a dependency on a specific version of the CDP using something similar to `org.seleniumhq.selenium:selenium-devtools-v86:4.21.0` where the version ("v86") matches the version of the chromium-based browser you're using and the version number of the artifact is the same as Selenium's.
Jun 04, 2026 1:47:50 AM org.openqa.selenium.devtools.CdpVersionFinder findNearestMatch
WARNING: Unable to find CDP implementation matching 148
Jun 04, 2026 1:47:50 AM org.openqa.selenium.chromium.ChromiumDriver lambda$new$5
WARNING: Unable to find version of CDP to use for 148.0.7778.178. You may need to include a dependency on a specific version of the CDP using something similar to `org.seleniumhq.selenium:selenium-devtools-v86:4.21.0` where the version ("v86") matches the version of the chromium-based browser you're using and the version number of the artifact is the same as Selenium's.
Jun 04, 2026 1:47:51 AM org.openqa.selenium.devtools.CdpVersionFinder findNearestMatch
WARNING: Unable to find CDP implementation matching 148
Jun 04, 2026 1:47:51 AM org.openqa.selenium.chromium.ChromiumDriver lambda$new$5
WARNING: Unable to find version of CDP to use for 148.0.7778.178. You may need to include a dependency on a specific version of the CDP using something similar to `org.seleniumhq.selenium:selenium-devtools-v86:4.21.0` where the version ("v86") matches the version of the chromium-based browser you're using and the version number of the artifact is the same as Selenium's.
]]></system-err>
  </testcase>
  <testcase name="runScenario[&quot;Validate representative public content page templates&quot;, &quot;DTCC public website page coverage&quot;](11)" classname="com.dtcc.automation.runners.CucumberTestRunner" time="2.721"/>
  <testcase name="runScenario[&quot;Validate representative public content page templates&quot;, &quot;DTCC public website page coverage&quot;](12)" classname="com.dtcc.automation.runners.CucumberTestRunner" time="2.777"/>
  <testcase name="runScenario[&quot;Checkout cannot start before an item is selected&quot;, &quot;End to End Order Lifecycle Validation&quot;](13)" classname="com.dtcc.automation.runners.CucumberTestRunner" time="3.455">
    <system-out><![CDATA[  When User authenticates with valid credentials "sdet_user" and "SecureP@ss1"                # com.dtcc.automation.stepdefs.OrderLifecycleSteps.userAuthenticatesPlain(java.lang.String,java.lang.String)
  When User authenticates with valid credentials "demo_user" and "demo_password"              # com.dtcc.automation.stepdefs.OrderLifecycleSteps.userAuthenticatesPlain(java.lang.String,java.lang.String)
  And User adds a specific item "HighVolumeEquity_X1" from the catalogue to the shopping cart # com.dtcc.automation.stepdefs.OrderLifecycleSteps.userAddsItem(java.lang.String)
  When User authenticates with valid credentials "demo_user" and "demo_password" # com.dtcc.automation.stepdefs.OrderLifecycleSteps.userAuthenticatesPlain(java.lang.String,java.lang.String)
  When User authenticates with valid credentials "sdet_dtcc_user" and "SecureP@ss1"           # com.dtcc.automation.stepdefs.OrderLifecycleSteps.userAuthenticatesPlain(java.lang.String,java.lang.String)
  And User adds a specific item "HighVolumeEquity_X1" from the catalogue to the shopping cart # com.dtcc.automation.stepdefs.OrderLifecycleSteps.userAddsItem(java.lang.String)
  When User authenticates with valid credentials "demo_user" and "demo_password"              # com.dtcc.automation.stepdefs.OrderLifecycleSteps.userAuthenticatesPlain(java.lang.String,java.lang.String)
  And User opens the cart before selecting an item                               # com.dtcc.automation.stepdefs.OrderLifecycleSteps.userOpensCartBeforeSelectingItem()
  Then The checkout action should remain unavailable                             # com.dtcc.automation.stepdefs.OrderLifecycleSteps.checkoutActionShouldRemainUnavailable()
  And User adds a specific item "HighVolumeEquity_X1" from the catalogue to the shopping cart # com.dtcc.automation.stepdefs.OrderLifecycleSteps.userAddsItem(java.lang.String)
]]></system-out>
  </testcase>
  <testcase name="runScenario[&quot;Cart selection makes checkout available&quot;, &quot;End to End Order Lifecycle Validation&quot;](14)" classname="com.dtcc.automation.runners.CucumberTestRunner" time="3.743">
    <system-out><![CDATA[  And User adds a specific item "HighVolumeEquity_X1" from the catalogue to the shopping cart # com.dtcc.automation.stepdefs.OrderLifecycleSteps.userAddsItem(java.lang.String)
  And User converts the cart contents into a finalized order                                  # com.dtcc.automation.stepdefs.OrderLifecycleSteps.userConvertsCart()
  And User opens the cart before selecting an item                                            # com.dtcc.automation.stepdefs.OrderLifecycleSteps.userOpensCartBeforeSelectingItem()
  Then The checkout action should become available                                            # com.dtcc.automation.stepdefs.OrderLifecycleSteps.checkoutActionShouldBecomeAvailable()
  And User converts the cart contents into a finalized order                                  # com.dtcc.automation.stepdefs.OrderLifecycleSteps.userConvertsCart()
  And User submits a valid payment processing profile                                         # com.dtcc.automation.stepdefs.OrderLifecycleSteps.userSubmitsPayment()
]]></system-out>
  </testcase>
  <testcase name="runScenario[&quot;Successful user login and complete checkout fulfillment workflow&quot;, &quot;End to End Order Lifecycle Validation&quot;](15)" classname="com.dtcc.automation.runners.CucumberTestRunner" time="3.88">
    <system-out><![CDATA[  Then The order confirmation payload should display a successful transition status           # com.dtcc.automation.stepdefs.OrderLifecycleSteps.orderConfirmationShouldBeSuccessful()
  And User converts the cart contents into a finalized order                                  # com.dtcc.automation.stepdefs.OrderLifecycleSteps.userConvertsCart()
  And User submits a valid payment processing profile                                         # com.dtcc.automation.stepdefs.OrderLifecycleSteps.userSubmitsPayment()
  Then The order confirmation payload should display a successful transition status           # com.dtcc.automation.stepdefs.OrderLifecycleSteps.orderConfirmationShouldBeSuccessful()
]]></system-out>
  </testcase>
  <testcase name="runScenario[&quot;Successful user login and complete checkout fulfillment workflow&quot;, &quot;End to End Order Lifecycle Validation&quot;](16)" classname="com.dtcc.automation.runners.CucumberTestRunner" time="3.955">
    <system-out><![CDATA[  And User submits a valid payment processing profile                                         # com.dtcc.automation.stepdefs.OrderLifecycleSteps.userSubmitsPayment()
]]></system-out>
  </testcase>
  <testcase name="runScenario[&quot;Successful user login and complete checkout fulfillment workflow&quot;, &quot;End to End Order Lifecycle Validation&quot;](17)" classname="com.dtcc.automation.runners.CucumberTestRunner" time="4.069">
    <system-out><![CDATA[  Then The order confirmation payload should display a successful transition status           # com.dtcc.automation.stepdefs.OrderLifecycleSteps.orderConfirmationShouldBeSuccessful()
]]></system-out>
  </testcase>
  <testcase name="runScenario[&quot;Validate the DTCC home page loads with basic navigation&quot;, &quot;DTCC public website page coverage&quot;](18)" classname="com.dtcc.automation.runners.CucumberTestRunner" time="5.791">
    <system-out><![CDATA[  And the page should show public site navigation                 # com.dtcc.automation.stepdefs.DtccPublicWebsiteSteps.thePageShouldShowPublicSiteNavigation()
]]></system-out>
  </testcase>
</testsuite>