<?xml version="1.0" encoding="UTF-8"?>
<testng-results ignored="0" total="43" passed="43" failed="0" skipped="0">
  <reporter-output>
  </reporter-output>
  <suite started-at="2026-06-04T03:15:10 UTC" name="DTCC Core UI Automation Suite" finished-at="2026-06-04T03:15:29 UTC" duration-ms="18663">
    <groups>
      <group name="cucumber">
        <method signature="AbstractTestNGCucumberTests.runScenario(io.cucumber.testng.PickleWrapper,io.cucumber.testng.FeatureWrapper)[pri:0, instance:com.dtcc.automation.runners.CucumberTestRunner@34bde49d]" name="runScenario" class="io.cucumber.testng.AbstractTestNGCucumberTests"/>
      </group> <!-- cucumber -->
    </groups>
    <test started-at="2026-06-04T03:15:10 UTC" name="Cucumber UI E2E Workflows" finished-at="2026-06-04T03:15:29 UTC" duration-ms="18663">
      <class name="com.dtcc.automation.runners.CucumberTestRunner">
        <test-method is-config="true" signature="setUpClass(org.testng.ITestContext)[pri:0, instance:com.dtcc.automation.runners.CucumberTestRunner@34bde49d]" started-at="2026-06-04T03:15:10 UTC" name="setUpClass" finished-at="2026-06-04T03:15:11 UTC" duration-ms="398" status="PASS">
          <params>
            <param index="0">
              <value>
                <![CDATA[org.testng.TestRunner@19976a65]]>
              </value>
            </param>
          </params>
          <reporter-output>
          </reporter-output>
        </test-method> <!-- setUpClass -->
        <test-method signature="runScenario(io.cucumber.testng.PickleWrapper,io.cucumber.testng.FeatureWrapper)[pri:0, instance:com.dtcc.automation.runners.CucumberTestRunner@34bde49d]" started-at="2026-06-04T03:15:11 UTC" name="runScenario" description="Runs Cucumber Scenarios" data-provider="scenarios" finished-at="2026-06-04T03:15:16 UTC" duration-ms="4900" status="PASS">
          <params>
            <param index="0">
              <value>
                <![CDATA["Login screen accepts valid public-safe test credentials"]]>
              </value>
            </param>
            <param index="1">
              <value>
                <![CDATA["Account authentication validation"]]>
              </value>
            </param>
          </params>
          <reporter-output>
          </reporter-output>
        </test-method> <!-- runScenario -->
        <test-method signature="runScenario(io.cucumber.testng.PickleWrapper,io.cucumber.testng.FeatureWrapper)[pri:0, instance:com.dtcc.automation.runners.CucumberTestRunner@34bde49d]" started-at="2026-06-04T03:15:11 UTC" name="runScenario" description="Runs Cucumber Scenarios" data-provider="scenarios" finished-at="2026-06-04T03:15:16 UTC" duration-ms="5131" status="PASS">
          <params>
            <param index="0">
              <value>
                <![CDATA["Login screen rejects invalid or unsafe credentials"]]>
              </value>
            </param>
            <param index="1">
              <value>
                <![CDATA["Account authentication validation"]]>
              </value>
            </param>
          </params>
          <reporter-output>
          </reporter-output>
        </test-method> <!-- runScenario -->
        <test-method signature="runScenario(io.cucumber.testng.PickleWrapper,io.cucumber.testng.FeatureWrapper)[pri:0, instance:com.dtcc.automation.runners.CucumberTestRunner@34bde49d]" started-at="2026-06-04T03:15:11 UTC" name="runScenario" description="Runs Cucumber Scenarios" data-provider="scenarios" finished-at="2026-06-04T03:15:15 UTC" duration-ms="4717" status="PASS">
          <params>
            <param index="0">
              <value>
                <![CDATA["Login screen accepts valid public-safe test credentials"]]>
              </value>
            </param>
            <param index="1">
              <value>
                <![CDATA["Account authentication validation"]]>
              </value>
            </param>
          </params>
          <reporter-output>
          </reporter-output>
        </test-method> <!-- runScenario -->
        <test-method signature="runScenario(io.cucumber.testng.PickleWrapper,io.cucumber.testng.FeatureWrapper)[pri:0, instance:com.dtcc.automation.runners.CucumberTestRunner@34bde49d]" started-at="2026-06-04T03:15:11 UTC" name="runScenario" description="Runs Cucumber Scenarios" data-provider="scenarios" finished-at="2026-06-04T03:15:14 UTC" duration-ms="3330" status="PASS">
          <params>
            <param index="0">
              <value>
                <![CDATA["Validate primary DTCC website area coverage scope"]]>
              </value>
            </param>
            <param index="1">
              <value>
                <![CDATA["DTCC public website extended area coverage"]]>
              </value>
            </param>
          </params>
          <reporter-output>
          </reporter-output>
        </test-method> <!-- runScenario -->
        <test-method signature="runScenario(io.cucumber.testng.PickleWrapper,io.cucumber.testng.FeatureWrapper)[pri:0, instance:com.dtcc.automation.runners.CucumberTestRunner@34bde49d]" started-at="2026-06-04T03:15:11 UTC" name="runScenario" description="Runs Cucumber Scenarios" data-provider="scenarios" finished-at="2026-06-04T03:15:16 UTC" duration-ms="5262" status="PASS">
          <params>
            <param index="0">
              <value>
                <![CDATA["Login screen rejects invalid or unsafe credentials"]]>
              </value>
            </param>
            <param index="1">
              <value>
                <![CDATA["Account authentication validation"]]>
              </value>
            </param>
          </params>
          <reporter-output>
          </reporter-output>
        </test-method> <!-- runScenario -->
        <test-method signature="runScenario(io.cucumber.testng.PickleWrapper,io.cucumber.testng.FeatureWrapper)[pri:0, instance:com.dtcc.automation.runners.CucumberTestRunner@34bde49d]" started-at="2026-06-04T03:15:11 UTC" name="runScenario" description="Runs Cucumber Scenarios" data-provider="scenarios" finished-at="2026-06-04T03:15:16 UTC" duration-ms="5265" status="PASS">
          <params>
            <param index="0">
              <value>
                <![CDATA["Login screen rejects invalid or unsafe credentials"]]>
              </value>
            </param>
            <param index="1">
              <value>
                <![CDATA["Account authentication validation"]]>
              </value>
            </param>
          </params>
          <reporter-output>
          </reporter-output>
        </test-method> <!-- runScenario -->
        <test-method signature="runScenario(io.cucumber.testng.PickleWrapper,io.cucumber.testng.FeatureWrapper)[pri:0, instance:com.dtcc.automation.runners.CucumberTestRunner@34bde49d]" started-at="2026-06-04T03:15:11 UTC" name="runScenario" description="Runs Cucumber Scenarios" data-provider="scenarios" finished-at="2026-06-04T03:15:16 UTC" duration-ms="5046" status="PASS">
          <params>
            <param index="0">
              <value>
                <![CDATA["Login screen accepts valid public-safe test credentials"]]>
              </value>
            </param>
            <param index="1">
              <value>
                <![CDATA["Account authentication validation"]]>
              </value>
            </param>
          </params>
          <reporter-output>
          </reporter-output>
        </test-method> <!-- runScenario -->
        <test-method signature="runScenario(io.cucumber.testng.PickleWrapper,io.cucumber.testng.FeatureWrapper)[pri:0, instance:com.dtcc.automation.runners.CucumberTestRunner@34bde49d]" started-at="2026-06-04T03:15:11 UTC" name="runScenario" description="Runs Cucumber Scenarios" data-provider="scenarios" finished-at="2026-06-04T03:15:14 UTC" duration-ms="3315" status="PASS">
          <params>
            <param index="0">
              <value>
                <![CDATA["Validate primary DTCC website area coverage scope"]]>
              </value>
            </param>
            <param index="1">
              <value>
                <![CDATA["DTCC public website extended area coverage"]]>
              </value>
            </param>
          </params>
          <reporter-output>
          </reporter-output>
        </test-method> <!-- runScenario -->
        <test-method signature="runScenario(io.cucumber.testng.PickleWrapper,io.cucumber.testng.FeatureWrapper)[pri:0, instance:com.dtcc.automation.runners.CucumberTestRunner@34bde49d]" started-at="2026-06-04T03:15:11 UTC" name="runScenario" description="Runs Cucumber Scenarios" data-provider="scenarios" finished-at="2026-06-04T03:15:16 UTC" duration-ms="4932" status="PASS">
          <params>
            <param index="0">
              <value>
                <![CDATA["Login screen rejects invalid or unsafe credentials"]]>
              </value>
            </param>
            <param index="1">
              <value>
                <![CDATA["Account authentication validation"]]>
              </value>
            </param>
          </params>
          <reporter-output>
          </reporter-output>
        </test-method> <!-- runScenario -->
        <test-method signature="runScenario(io.cucumber.testng.PickleWrapper,io.cucumber.testng.FeatureWrapper)[pri:0, instance:com.dtcc.automation.runners.CucumberTestRunner@34bde49d]" started-at="2026-06-04T03:15:11 UTC" name="runScenario" description="Runs Cucumber Scenarios" data-provider="scenarios" finished-at="2026-06-04T03:15:14 UTC" duration-ms="3333" status="PASS">
          <params>
            <param index="0">
              <value>
                <![CDATA["Validate primary DTCC website area coverage scope"]]>
              </value>
            </param>
            <param index="1">
              <value>
                <![CDATA["DTCC public website extended area coverage"]]>
              </value>
            </param>
          </params>
          <reporter-output>
          </reporter-output>
        </test-method> <!-- runScenario -->
        <test-method signature="runScenario(io.cucumber.testng.PickleWrapper,io.cucumber.testng.FeatureWrapper)[pri:0, instance:com.dtcc.automation.runners.CucumberTestRunner@34bde49d]" started-at="2026-06-04T03:15:14 UTC" name="runScenario" description="Runs Cucumber Scenarios" data-provider="scenarios" finished-at="2026-06-04T03:15:16 UTC" duration-ms="2338" status="PASS">
          <params>
            <param index="0">
              <value>
                <![CDATA["Validate primary DTCC website area coverage scope"]]>
              </value>
            </param>
            <param index="1">
              <value>
                <![CDATA["DTCC public website extended area coverage"]]>
              </value>
            </param>
          </params>
          <reporter-output>
          </reporter-output>
        </test-method> <!-- runScenario -->
        <test-method signature="runScenario(io.cucumber.testng.PickleWrapper,io.cucumber.testng.FeatureWrapper)[pri:0, instance:com.dtcc.automation.runners.CucumberTestRunner@34bde49d]" started-at="2026-06-04T03:15:14 UTC" name="runScenario" description="Runs Cucumber Scenarios" data-provider="scenarios" finished-at="2026-06-04T03:15:16 UTC" duration-ms="2104" status="PASS">
          <params>
            <param index="0">
              <value>
                <![CDATA["Validate primary DTCC website area coverage scope"]]>
              </value>
            </param>
            <param index="1">
              <value>
                <![CDATA["DTCC public website extended area coverage"]]>
              </value>
            </param>
          </params>
          <reporter-output>
          </reporter-output>
        </test-method> <!-- runScenario -->
        <test-method signature="runScenario(io.cucumber.testng.PickleWrapper,io.cucumber.testng.FeatureWrapper)[pri:0, instance:com.dtcc.automation.runners.CucumberTestRunner@34bde49d]" started-at="2026-06-04T03:15:14 UTC" name="runScenario" description="Runs Cucumber Scenarios" data-provider="scenarios" finished-at="2026-06-04T03:15:16 UTC" duration-ms="2271" status="PASS">
          <params>
            <param index="0">
              <value>
                <![CDATA["Validate primary DTCC website area coverage scope"]]>
              </value>
            </param>
            <param index="1">
              <value>
                <![CDATA["DTCC public website extended area coverage"]]>
              </value>
            </param>
          </params>
          <reporter-output>
          </reporter-output>
        </test-method> <!-- runScenario -->
        <test-method signature="runScenario(io.cucumber.testng.PickleWrapper,io.cucumber.testng.FeatureWrapper)[pri:0, instance:com.dtcc.automation.runners.CucumberTestRunner@34bde49d]" started-at="2026-06-04T03:15:15 UTC" name="runScenario" description="Runs Cucumber Scenarios" data-provider="scenarios" finished-at="2026-06-04T03:15:18 UTC" duration-ms="2798" status="PASS">
          <params>
            <param index="0">
              <value>
                <![CDATA["Validate primary DTCC website area coverage scope"]]>
              </value>
            </param>
            <param index="1">
              <value>
                <![CDATA["DTCC public website extended area coverage"]]>
              </value>
            </param>
          </params>
          <reporter-output>
          </reporter-output>
        </test-method> <!-- runScenario -->
        <test-method signature="runScenario(io.cucumber.testng.PickleWrapper,io.cucumber.testng.FeatureWrapper)[pri:0, instance:com.dtcc.automation.runners.CucumberTestRunner@34bde49d]" started-at="2026-06-04T03:15:16 UTC" name="runScenario" description="Runs Cucumber Scenarios" data-provider="scenarios" finished-at="2026-06-04T03:15:18 UTC" duration-ms="2856" status="PASS">
          <params>
            <param index="0">
              <value>
                <![CDATA["Validate primary DTCC website area coverage scope"]]>
              </value>
            </param>
            <param index="1">
              <value>
                <![CDATA["DTCC public website extended area coverage"]]>
              </value>
            </param>
          </params>
          <reporter-output>
          </reporter-output>
        </test-method> <!-- runScenario -->
        <test-method signature="runScenario(io.cucumber.testng.PickleWrapper,io.cucumber.testng.FeatureWrapper)[pri:0, instance:com.dtcc.automation.runners.CucumberTestRunner@34bde49d]" started-at="2026-06-04T03:15:16 UTC" name="runScenario" description="Runs Cucumber Scenarios" data-provider="scenarios" finished-at="2026-06-04T03:15:18 UTC" duration-ms="2623" status="PASS">
          <params>
            <param index="0">
              <value>
                <![CDATA["Validate primary DTCC website area coverage scope"]]>
              </value>
            </param>
            <param index="1">
              <value>
                <![CDATA["DTCC public website extended area coverage"]]>
              </value>
            </param>
          </params>
          <reporter-output>
          </reporter-output>
        </test-method> <!-- runScenario -->
        <test-method signature="runScenario(io.cucumber.testng.PickleWrapper,io.cucumber.testng.FeatureWrapper)[pri:0, instance:com.dtcc.automation.runners.CucumberTestRunner@34bde49d]" started-at="2026-06-04T03:15:16 UTC" name="runScenario" description="Runs Cucumber Scenarios" data-provider="scenarios" finished-at="2026-06-04T03:15:18 UTC" duration-ms="2667" status="PASS">
          <params>
            <param index="0">
              <value>
                <![CDATA["Validate primary DTCC website area coverage scope"]]>
              </value>
            </param>
            <param index="1">
              <value>
                <![CDATA["DTCC public website extended area coverage"]]>
              </value>
            </param>
          </params>
          <reporter-output>
          </reporter-output>
        </test-method> <!-- runScenario -->
        <test-method signature="runScenario(io.cucumber.testng.PickleWrapper,io.cucumber.testng.FeatureWrapper)[pri:0, instance:com.dtcc.automation.runners.CucumberTestRunner@34bde49d]" started-at="2026-06-04T03:15:16 UTC" name="runScenario" description="Runs Cucumber Scenarios" data-provider="scenarios" finished-at="2026-06-04T03:15:18 UTC" duration-ms="2665" status="PASS">
          <params>
            <param index="0">
              <value>
                <![CDATA["Validate public-safe backend/API behavior for report evidence"]]>
              </value>
            </param>
            <param index="1">
              <value>
                <![CDATA["DTCC public website extended area coverage"]]>
              </value>
            </param>
          </params>
          <reporter-output>
          </reporter-output>
        </test-method> <!-- runScenario -->
        <test-method signature="runScenario(io.cucumber.testng.PickleWrapper,io.cucumber.testng.FeatureWrapper)[pri:0, instance:com.dtcc.automation.runners.CucumberTestRunner@34bde49d]" started-at="2026-06-04T03:15:16 UTC" name="runScenario" description="Runs Cucumber Scenarios" data-provider="scenarios" finished-at="2026-06-04T03:15:19 UTC" duration-ms="3077" status="PASS">
          <params>
            <param index="0">
              <value>
                <![CDATA["Validate public-safe backend/API behavior for report evidence"]]>
              </value>
            </param>
            <param index="1">
              <value>
                <![CDATA["DTCC public website extended area coverage"]]>
              </value>
            </param>
          </params>
          <reporter-output>
          </reporter-output>
        </test-method> <!-- runScenario -->
        <test-method signature="runScenario(io.cucumber.testng.PickleWrapper,io.cucumber.testng.FeatureWrapper)[pri:0, instance:com.dtcc.automation.runners.CucumberTestRunner@34bde49d]" started-at="2026-06-04T03:15:16 UTC" name="runScenario" description="Runs Cucumber Scenarios" data-provider="scenarios" finished-at="2026-06-04T03:15:19 UTC" duration-ms="2849" status="PASS">
          <params>
            <param index="0">
              <value>
                <![CDATA["Validate public-safe backend/API behavior for report evidence"]]>
              </value>
            </param>
            <param index="1">
              <value>
                <![CDATA["DTCC public website extended area coverage"]]>
              </value>
            </param>
          </params>
          <reporter-output>
          </reporter-output>
        </test-method> <!-- runScenario -->
        <test-method signature="runScenario(io.cucumber.testng.PickleWrapper,io.cucumber.testng.FeatureWrapper)[pri:0, instance:com.dtcc.automation.runners.CucumberTestRunner@34bde49d]" started-at="2026-06-04T03:15:16 UTC" name="runScenario" description="Runs Cucumber Scenarios" data-provider="scenarios" finished-at="2026-06-04T03:15:19 UTC" duration-ms="2713" status="PASS">
          <params>
            <param index="0">
              <value>
                <![CDATA["Validate public-safe backend/API behavior for report evidence"]]>
              </value>
            </param>
            <param index="1">
              <value>
                <![CDATA["DTCC public website extended area coverage"]]>
              </value>
            </param>
          </params>
          <reporter-output>
          </reporter-output>
        </test-method> <!-- runScenario -->
        <test-method signature="runScenario(io.cucumber.testng.PickleWrapper,io.cucumber.testng.FeatureWrapper)[pri:0, instance:com.dtcc.automation.runners.CucumberTestRunner@34bde49d]" started-at="2026-06-04T03:15:16 UTC" name="runScenario" description="Runs Cucumber Scenarios" data-provider="scenarios" finished-at="2026-06-04T03:15:19 UTC" duration-ms="2875" status="PASS">
          <params>
            <param index="0">
              <value>
                <![CDATA["Validate public-safe backend/API behavior for report evidence"]]>
              </value>
            </param>
            <param index="1">
              <value>
                <![CDATA["DTCC public website extended area coverage"]]>
              </value>
            </param>
          </params>
          <reporter-output>
          </reporter-output>
        </test-method> <!-- runScenario -->
        <test-method signature="runScenario(io.cucumber.testng.PickleWrapper,io.cucumber.testng.FeatureWrapper)[pri:0, instance:com.dtcc.automation.runners.CucumberTestRunner@34bde49d]" started-at="2026-06-04T03:15:16 UTC" name="runScenario" description="Runs Cucumber Scenarios" data-provider="scenarios" finished-at="2026-06-04T03:15:20 UTC" duration-ms="3048" status="PASS">
          <params>
            <param index="0">
              <value>
                <![CDATA["Validate public-safe backend/API behavior for report evidence"]]>
              </value>
            </param>
            <param index="1">
              <value>
                <![CDATA["DTCC public website extended area coverage"]]>
              </value>
            </param>
          </params>
          <reporter-output>
          </reporter-output>
        </test-method> <!-- runScenario -->
        <test-method signature="runScenario(io.cucumber.testng.PickleWrapper,io.cucumber.testng.FeatureWrapper)[pri:0, instance:com.dtcc.automation.runners.CucumberTestRunner@34bde49d]" started-at="2026-06-04T03:15:18 UTC" name="runScenario" description="Runs Cucumber Scenarios" data-provider="scenarios" finished-at="2026-06-04T03:15:21 UTC" duration-ms="2552" status="PASS">
          <params>
            <param index="0">
              <value>
                <![CDATA["Validate public-safe backend/API behavior for report evidence"]]>
              </value>
            </param>
            <param index="1">
              <value>
                <![CDATA["DTCC public website extended area coverage"]]>
              </value>
            </param>
          </params>
          <reporter-output>
          </reporter-output>
        </test-method> <!-- runScenario -->
        <test-method signature="runScenario(io.cucumber.testng.PickleWrapper,io.cucumber.testng.FeatureWrapper)[pri:0, instance:com.dtcc.automation.runners.CucumberTestRunner@34bde49d]" started-at="2026-06-04T03:15:18 UTC" name="runScenario" description="Runs Cucumber Scenarios" data-provider="scenarios" finished-at="2026-06-04T03:15:21 UTC" duration-ms="2681" status="PASS">
          <params>
            <param index="0">
              <value>
                <![CDATA["Validate public-safe backend/API behavior for report evidence"]]>
              </value>
            </param>
            <param index="1">
              <value>
                <![CDATA["DTCC public website extended area coverage"]]>
              </value>
            </param>
          </params>
          <reporter-output>
          </reporter-output>
        </test-method> <!-- runScenario -->
        <test-method signature="runScenario(io.cucumber.testng.PickleWrapper,io.cucumber.testng.FeatureWrapper)[pri:0, instance:com.dtcc.automation.runners.CucumberTestRunner@34bde49d]" started-at="2026-06-04T03:15:18 UTC" name="runScenario" description="Runs Cucumber Scenarios" data-provider="scenarios" finished-at="2026-06-04T03:15:21 UTC" duration-ms="2640" status="PASS">
          <params>
            <param index="0">
              <value>
                <![CDATA["Validate database and reporting evidence for public-safe framework data"]]>
              </value>
            </param>
            <param index="1">
              <value>
                <![CDATA["DTCC public website extended area coverage"]]>
              </value>
            </param>
          </params>
          <reporter-output>
          </reporter-output>
        </test-method> <!-- runScenario -->
        <test-method signature="runScenario(io.cucumber.testng.PickleWrapper,io.cucumber.testng.FeatureWrapper)[pri:0, instance:com.dtcc.automation.runners.CucumberTestRunner@34bde49d]" started-at="2026-06-04T03:15:18 UTC" name="runScenario" description="Runs Cucumber Scenarios" data-provider="scenarios" finished-at="2026-06-04T03:15:21 UTC" duration-ms="2738" status="PASS">
          <params>
            <param index="0">
              <value>
                <![CDATA["Validate database and reporting evidence for public-safe framework data"]]>
              </value>
            </param>
            <param index="1">
              <value>
                <![CDATA["DTCC public website extended area coverage"]]>
              </value>
            </param>
          </params>
          <reporter-output>
          </reporter-output>
        </test-method> <!-- runScenario -->
        <test-method signature="runScenario(io.cucumber.testng.PickleWrapper,io.cucumber.testng.FeatureWrapper)[pri:0, instance:com.dtcc.automation.runners.CucumberTestRunner@34bde49d]" started-at="2026-06-04T03:15:18 UTC" name="runScenario" description="Runs Cucumber Scenarios" data-provider="scenarios" finished-at="2026-06-04T03:15:21 UTC" duration-ms="2935" status="PASS">
          <params>
            <param index="0">
              <value>
                <![CDATA["Validate database and reporting evidence for public-safe framework data"]]>
              </value>
            </param>
            <param index="1">
              <value>
                <![CDATA["DTCC public website extended area coverage"]]>
              </value>
            </param>
          </params>
          <reporter-output>
          </reporter-output>
        </test-method> <!-- runScenario -->
        <test-method signature="runScenario(io.cucumber.testng.PickleWrapper,io.cucumber.testng.FeatureWrapper)[pri:0, instance:com.dtcc.automation.runners.CucumberTestRunner@34bde49d]" started-at="2026-06-04T03:15:19 UTC" name="runScenario" description="Runs Cucumber Scenarios" data-provider="scenarios" finished-at="2026-06-04T03:15:22 UTC" duration-ms="2762" status="PASS">
          <params>
            <param index="0">
              <value>
                <![CDATA["Validate database and reporting evidence for public-safe framework data"]]>
              </value>
            </param>
            <param index="1">
              <value>
                <![CDATA["DTCC public website extended area coverage"]]>
              </value>
            </param>
          </params>
          <reporter-output>
          </reporter-output>
        </test-method> <!-- runScenario -->
        <test-method signature="runScenario(io.cucumber.testng.PickleWrapper,io.cucumber.testng.FeatureWrapper)[pri:0, instance:com.dtcc.automation.runners.CucumberTestRunner@34bde49d]" started-at="2026-06-04T03:15:19 UTC" name="runScenario" description="Runs Cucumber Scenarios" data-provider="scenarios" finished-at="2026-06-04T03:15:22 UTC" duration-ms="2639" status="PASS">
          <params>
            <param index="0">
              <value>
                <![CDATA["Validate database and reporting evidence for public-safe framework data"]]>
              </value>
            </param>
            <param index="1">
              <value>
                <![CDATA["DTCC public website extended area coverage"]]>
              </value>
            </param>
          </params>
          <reporter-output>
          </reporter-output>
        </test-method> <!-- runScenario -->
        <test-method signature="runScenario(io.cucumber.testng.PickleWrapper,io.cucumber.testng.FeatureWrapper)[pri:0, instance:com.dtcc.automation.runners.CucumberTestRunner@34bde49d]" started-at="2026-06-04T03:15:19 UTC" name="runScenario" description="Runs Cucumber Scenarios" data-provider="scenarios" finished-at="2026-06-04T03:15:22 UTC" duration-ms="2947" status="PASS">
          <params>
            <param index="0">
              <value>
                <![CDATA["Validate database and reporting evidence for public-safe framework data"]]>
              </value>
            </param>
            <param index="1">
              <value>
                <![CDATA["DTCC public website extended area coverage"]]>
              </value>
            </param>
          </params>
          <reporter-output>
          </reporter-output>
        </test-method> <!-- runScenario -->
        <test-method signature="runScenario(io.cucumber.testng.PickleWrapper,io.cucumber.testng.FeatureWrapper)[pri:0, instance:com.dtcc.automation.runners.CucumberTestRunner@34bde49d]" started-at="2026-06-04T03:15:19 UTC" name="runScenario" description="Runs Cucumber Scenarios" data-provider="scenarios" finished-at="2026-06-04T03:15:22 UTC" duration-ms="2805" status="PASS">
          <params>
            <param index="0">
              <value>
                <![CDATA["Validate database and reporting evidence for public-safe framework data"]]>
              </value>
            </param>
            <param index="1">
              <value>
                <![CDATA["DTCC public website extended area coverage"]]>
              </value>
            </param>
          </params>
          <reporter-output>
          </reporter-output>
        </test-method> <!-- runScenario -->
        <test-method signature="runScenario(io.cucumber.testng.PickleWrapper,io.cucumber.testng.FeatureWrapper)[pri:0, instance:com.dtcc.automation.runners.CucumberTestRunner@34bde49d]" started-at="2026-06-04T03:15:20 UTC" name="runScenario" description="Runs Cucumber Scenarios" data-provider="scenarios" finished-at="2026-06-04T03:15:29 UTC" duration-ms="9314" status="PASS">
          <params>
            <param index="0">
              <value>
                <![CDATA["Validate the DTCC home page loads with basic navigation"]]>
              </value>
            </param>
            <param index="1">
              <value>
                <![CDATA["DTCC public website page coverage"]]>
              </value>
            </param>
          </params>
          <reporter-output>
          </reporter-output>
        </test-method> <!-- runScenario -->
        <test-method signature="runScenario(io.cucumber.testng.PickleWrapper,io.cucumber.testng.FeatureWrapper)[pri:0, instance:com.dtcc.automation.runners.CucumberTestRunner@34bde49d]" started-at="2026-06-04T03:15:21 UTC" name="runScenario" description="Runs Cucumber Scenarios" data-provider="scenarios" finished-at="2026-06-04T03:15:25 UTC" duration-ms="4394" status="PASS">
          <params>
            <param index="0">
              <value>
                <![CDATA["Validate representative public content page templates"]]>
              </value>
            </param>
            <param index="1">
              <value>
                <![CDATA["DTCC public website page coverage"]]>
              </value>
            </param>
          </params>
          <reporter-output>
          </reporter-output>
        </test-method> <!-- runScenario -->
        <test-method signature="runScenario(io.cucumber.testng.PickleWrapper,io.cucumber.testng.FeatureWrapper)[pri:0, instance:com.dtcc.automation.runners.CucumberTestRunner@34bde49d]" started-at="2026-06-04T03:15:21 UTC" name="runScenario" description="Runs Cucumber Scenarios" data-provider="scenarios" finished-at="2026-06-04T03:15:25 UTC" duration-ms="4216" status="PASS">
          <params>
            <param index="0">
              <value>
                <![CDATA["Validate representative public content page templates"]]>
              </value>
            </param>
            <param index="1">
              <value>
                <![CDATA["DTCC public website page coverage"]]>
              </value>
            </param>
          </params>
          <reporter-output>
          </reporter-output>
        </test-method> <!-- runScenario -->
        <test-method signature="runScenario(io.cucumber.testng.PickleWrapper,io.cucumber.testng.FeatureWrapper)[pri:0, instance:com.dtcc.automation.runners.CucumberTestRunner@34bde49d]" started-at="2026-06-04T03:15:21 UTC" name="runScenario" description="Runs Cucumber Scenarios" data-provider="scenarios" finished-at="2026-06-04T03:15:25 UTC" duration-ms="4047" status="PASS">
          <params>
            <param index="0">
              <value>
                <![CDATA["Validate representative public content page templates"]]>
              </value>
            </param>
            <param index="1">
              <value>
                <![CDATA["DTCC public website page coverage"]]>
              </value>
            </param>
          </params>
          <reporter-output>
          </reporter-output>
        </test-method> <!-- runScenario -->
        <test-method signature="runScenario(io.cucumber.testng.PickleWrapper,io.cucumber.testng.FeatureWrapper)[pri:0, instance:com.dtcc.automation.runners.CucumberTestRunner@34bde49d]" started-at="2026-06-04T03:15:21 UTC" name="runScenario" description="Runs Cucumber Scenarios" data-provider="scenarios" finished-at="2026-06-04T03:15:25 UTC" duration-ms="4112" status="PASS">
          <params>
            <param index="0">
              <value>
                <![CDATA["Validate representative public content page templates"]]>
              </value>
            </param>
            <param index="1">
              <value>
                <![CDATA["DTCC public website page coverage"]]>
              </value>
            </param>
          </params>
          <reporter-output>
          </reporter-output>
        </test-method> <!-- runScenario -->
        <test-method signature="runScenario(io.cucumber.testng.PickleWrapper,io.cucumber.testng.FeatureWrapper)[pri:0, instance:com.dtcc.automation.runners.CucumberTestRunner@34bde49d]" started-at="2026-06-04T03:15:21 UTC" name="runScenario" description="Runs Cucumber Scenarios" data-provider="scenarios" finished-at="2026-06-04T03:15:25 UTC" duration-ms="3755" status="PASS">
          <params>
            <param index="0">
              <value>
                <![CDATA["Validate representative public content page templates"]]>
              </value>
            </param>
            <param index="1">
              <value>
                <![CDATA["DTCC public website page coverage"]]>
              </value>
            </param>
          </params>
          <reporter-output>
          </reporter-output>
        </test-method> <!-- runScenario -->
        <test-method signature="runScenario(io.cucumber.testng.PickleWrapper,io.cucumber.testng.FeatureWrapper)[pri:0, instance:com.dtcc.automation.runners.CucumberTestRunner@34bde49d]" started-at="2026-06-04T03:15:22 UTC" name="runScenario" description="Runs Cucumber Scenarios" data-provider="scenarios" finished-at="2026-06-04T03:15:27 UTC" duration-ms="5105" status="PASS">
          <params>
            <param index="0">
              <value>
                <![CDATA["Successful user login and complete checkout fulfillment workflow"]]>
              </value>
            </param>
            <param index="1">
              <value>
                <![CDATA["End to End Order Lifecycle Validation"]]>
              </value>
            </param>
          </params>
          <reporter-output>
          </reporter-output>
        </test-method> <!-- runScenario -->
        <test-method signature="runScenario(io.cucumber.testng.PickleWrapper,io.cucumber.testng.FeatureWrapper)[pri:0, instance:com.dtcc.automation.runners.CucumberTestRunner@34bde49d]" started-at="2026-06-04T03:15:22 UTC" name="runScenario" description="Runs Cucumber Scenarios" data-provider="scenarios" finished-at="2026-06-04T03:15:26 UTC" duration-ms="4913" status="PASS">
          <params>
            <param index="0">
              <value>
                <![CDATA["Successful user login and complete checkout fulfillment workflow"]]>
              </value>
            </param>
            <param index="1">
              <value>
                <![CDATA["End to End Order Lifecycle Validation"]]>
              </value>
            </param>
          </params>
          <reporter-output>
          </reporter-output>
        </test-method> <!-- runScenario -->
        <test-method signature="runScenario(io.cucumber.testng.PickleWrapper,io.cucumber.testng.FeatureWrapper)[pri:0, instance:com.dtcc.automation.runners.CucumberTestRunner@34bde49d]" started-at="2026-06-04T03:15:22 UTC" name="runScenario" description="Runs Cucumber Scenarios" data-provider="scenarios" finished-at="2026-06-04T03:15:27 UTC" duration-ms="4757" status="PASS">
          <params>
            <param index="0">
              <value>
                <![CDATA["Successful user login and complete checkout fulfillment workflow"]]>
              </value>
            </param>
            <param index="1">
              <value>
                <![CDATA["End to End Order Lifecycle Validation"]]>
              </value>
            </param>
          </params>
          <reporter-output>
          </reporter-output>
        </test-method> <!-- runScenario -->
        <test-method signature="runScenario(io.cucumber.testng.PickleWrapper,io.cucumber.testng.FeatureWrapper)[pri:0, instance:com.dtcc.automation.runners.CucumberTestRunner@34bde49d]" started-at="2026-06-04T03:15:22 UTC" name="runScenario" description="Runs Cucumber Scenarios" data-provider="scenarios" finished-at="2026-06-04T03:15:26 UTC" duration-ms="4155" status="PASS">
          <params>
            <param index="0">
              <value>
                <![CDATA["Checkout cannot start before an item is selected"]]>
              </value>
            </param>
            <param index="1">
              <value>
                <![CDATA["End to End Order Lifecycle Validation"]]>
              </value>
            </param>
          </params>
          <reporter-output>
          </reporter-output>
        </test-method> <!-- runScenario -->
        <test-method signature="runScenario(io.cucumber.testng.PickleWrapper,io.cucumber.testng.FeatureWrapper)[pri:0, instance:com.dtcc.automation.runners.CucumberTestRunner@34bde49d]" started-at="2026-06-04T03:15:25 UTC" name="runScenario" description="Runs Cucumber Scenarios" data-provider="scenarios" finished-at="2026-06-04T03:15:27 UTC" duration-ms="1708" status="PASS">
          <params>
            <param index="0">
              <value>
                <![CDATA["Cart selection makes checkout available"]]>
              </value>
            </param>
            <param index="1">
              <value>
                <![CDATA["End to End Order Lifecycle Validation"]]>
              </value>
            </param>
          </params>
          <reporter-output>
          </reporter-output>
        </test-method> <!-- runScenario -->
        <test-method is-config="true" signature="tearDownClass()[pri:0, instance:com.dtcc.automation.runners.CucumberTestRunner@34bde49d]" started-at="2026-06-04T03:15:29 UTC" name="tearDownClass" finished-at="2026-06-04T03:15:29 UTC" duration-ms="62" status="PASS">
          <reporter-output>
          </reporter-output>
        </test-method> <!-- tearDownClass -->
      </class> <!-- com.dtcc.automation.runners.CucumberTestRunner -->
    </test> <!-- Cucumber UI E2E Workflows -->
  </suite> <!-- DTCC Core UI Automation Suite -->
</testng-results>
