<?xml version="1.0" encoding="UTF-8"?>
<testsuite xmlns:xsi="http://www.w3.org/2001/XMLSchema-instance" xsi:noNamespaceSchemaLocation="https://maven.apache.org/surefire/maven-surefire-plugin/xsd/surefire-test-report-3.0.xsd" version="3.0" name="TestSuite" time="19.276" tests="43" errors="0" skipped="0" failures="0">
  <properties>
[...]
</properties>
  <testcase name="runScenario[&quot;Validate primary DTCC website area coverage scope&quot;, &quot;DTCC public website extended area coverage&quot;](3)" classname="com.dtcc.automation.runners.CucumberTestRunner" time="3.33">
    <system-out><![CDATA[
Scenario Outline: Login screen accepts valid public-safe test credentials           # src/test/resources/features/account-management/Login.feature:10

Scenario Outline: Login screen accepts valid public-safe test credentials        # src/test/resources/features/account-management/Login.feature:11

@publicSafe @dtccAreas
Scenario Outline: Validate primary DTCC website area coverage scope                                                                # src/test/resources/features/public-site/DtccAdditionalWebsiteCoverage.feature:15

@publicSafe @dtccAreas
Scenario Outline: Validate primary DTCC website area coverage scope                                                                # src/test/resources/features/public-site/DtccAdditionalWebsiteCoverage.feature:13

Scenario Outline: Login screen rejects invalid or unsafe credentials # src/test/resources/features/account-management/Login.feature:23

Scenario Outline: Login screen rejects invalid or unsafe credentials                           # src/test/resources/features/account-management/Login.feature:24

@publicSafe @dtccAreas
Scenario Outline: Validate primary DTCC website area coverage scope                                                                  # src/test/resources/features/public-site/DtccAdditionalWebsiteCoverage.feature:14

Scenario Outline: Login screen rejects invalid or unsafe credentials              # src/test/resources/features/account-management/Login.feature:22

Scenario Outline: Login screen accepts valid public-safe test credentials      # src/test/resources/features/account-management/Login.feature:12

Scenario Outline: Login screen rejects invalid or unsafe credentials             # src/test/resources/features/account-management/Login.feature:25
  Given I review the DTCC website area "About DTCC"                                                                                # com.dtcc.automation.stepdefs.DtccAdditionalWebsiteCoverageSteps.iReviewTheDtccWebsiteArea(java.lang.String)
  When I document the expected public automation evidence "corporate profile, leadership, public mission, and company information" # com.dtcc.automation.stepdefs.DtccAdditionalWebsiteCoverageSteps.iDocumentExpectedPublicAutomationEvidence(java.lang.String)
  Then the BDD report should show the area status as "Covered"                                                                     # com.dtcc.automation.stepdefs.DtccAdditionalWebsiteCoverageSteps.bddReportShouldShowAreaStatus(java.lang.String)
  Given User is on the login screen                                              # com.dtcc.automation.stepdefs.OrderLifecycleSteps.userIsOnLoginScreen()
  Given User is on the login screen                                               # com.dtcc.automation.stepdefs.OrderLifecycleSteps.userIsOnLoginScreen()
  Given User is on the login screen                                                 # com.dtcc.automation.stepdefs.OrderLifecycleSteps.userIsOnLoginScreen()
  Given I review the DTCC website area "Client Center"                                                                               # com.dtcc.automation.stepdefs.DtccAdditionalWebsiteCoverageSteps.iReviewTheDtccWebsiteArea(java.lang.String)
  When I document the expected public automation evidence "client documentation, support paths, downloads, onboarding, and contacts" # com.dtcc.automation.stepdefs.DtccAdditionalWebsiteCoverageSteps.iDocumentExpectedPublicAutomationEvidence(java.lang.String)
  Then the BDD report should show the area status as "Covered"                                                                       # com.dtcc.automation.stepdefs.DtccAdditionalWebsiteCoverageSteps.bddReportShouldShowAreaStatus(java.lang.String)
  Given User is on the login screen                                  # com.dtcc.automation.stepdefs.OrderLifecycleSteps.userIsOnLoginScreen()
  Given User is on the login screen                                                            # com.dtcc.automation.stepdefs.OrderLifecycleSteps.userIsOnLoginScreen()
  Given User is on the login screen                                              # com.dtcc.automation.stepdefs.OrderLifecycleSteps.userIsOnLoginScreen()
  Given I review the DTCC website area "Important Notices"                                                                         # com.dtcc.automation.stepdefs.DtccAdditionalWebsiteCoverageSteps.iReviewTheDtccWebsiteArea(java.lang.String)
  When I document the expected public automation evidence "notice search, category filters, dates, PDF links, and result listings" # com.dtcc.automation.stepdefs.DtccAdditionalWebsiteCoverageSteps.iDocumentExpectedPublicAutomationEvidence(java.lang.String)
  Then the BDD report should show the area status as "Covered"                                                                     # com.dtcc.automation.stepdefs.DtccAdditionalWebsiteCoverageSteps.bddReportShouldShowAreaStatus(java.lang.String)
  Given User is on the login screen                                            # com.dtcc.automation.stepdefs.OrderLifecycleSteps.userIsOnLoginScreen()
]]></system-out>
    <system-err><![CDATA[SLF4J: Failed to load class "org.slf4j.impl.StaticLoggerBinder".
SLF4J: Defaulting to no-operation (NOP) logger implementation
SLF4J: See http://www.slf4j.org/codes.html#StaticLoggerBinder for further details.
Jun 04, 2026 3:11:11 AM org.openqa.selenium.devtools.CdpVersionFinder findNearestMatch
WARNING: Unable to find CDP implementation matching 148
Jun 04, 2026 3:11:11 AM org.openqa.selenium.chromium.ChromiumDriver lambda$new$5
WARNING: Unable to find version of CDP to use for 148.0.7778.178. You may need to include a dependency on a specific version of the CDP using something similar to `org.seleniumhq.selenium:selenium-devtools-v86:4.21.0` where the version ("v86") matches the version of the chromium-based browser you're using and the version number of the artifact is the same as Selenium's.
Jun 04, 2026 3:11:11 AM org.openqa.selenium.devtools.CdpVersionFinder findNearestMatch
WARNING: Unable to find CDP implementation matching 148
Jun 04, 2026 3:11:11 AM org.openqa.selenium.devtools.CdpVersionFinder findNearestMatch
WARNING: Unable to find CDP implementation matching 148
Jun 04, 2026 3:11:11 AM org.openqa.selenium.chromium.ChromiumDriver lambda$new$5
WARNING: Unable to find version of CDP to use for 148.0.7778.178. You may need to include a dependency on a specific version of the CDP using something similar to `org.seleniumhq.selenium:selenium-devtools-v86:4.21.0` where the version ("v86") matches the version of the chromium-based browser you're using and the version number of the artifact is the same as Selenium's.
Jun 04, 2026 3:11:11 AM org.openqa.selenium.chromium.ChromiumDriver lambda$new$5
WARNING: Unable to find version of CDP to use for 148.0.7778.178. You may need to include a dependency on a specific version of the CDP using something similar to `org.seleniumhq.selenium:selenium-devtools-v86:4.21.0` where the version ("v86") matches the version of the chromium-based browser you're using and the version number of the artifact is the same as Selenium's.
Jun 04, 2026 3:11:11 AM org.openqa.selenium.devtools.CdpVersionFinder findNearestMatch
WARNING: Unable to find CDP implementation matching 148
Jun 04, 2026 3:11:11 AM org.openqa.selenium.chromium.ChromiumDriver lambda$new$5
WARNING: Unable to find version of CDP to use for 148.0.7778.178. You may need to include a dependency on a specific version of the CDP using something similar to `org.seleniumhq.selenium:selenium-devtools-v86:4.21.0` where the version ("v86") matches the version of the chromium-based browser you're using and the version number of the artifact is the same as Selenium's.
Jun 04, 2026 3:11:11 AM org.openqa.selenium.devtools.CdpVersionFinder findNearestMatch
WARNING: Unable to find CDP implementation matching 148
Jun 04, 2026 3:11:11 AM org.openqa.selenium.chromium.ChromiumDriver lambda$new$5
WARNING: Unable to find version of CDP to use for 148.0.7778.178. You may need to include a dependency on a specific version of the CDP using something similar to `org.seleniumhq.selenium:selenium-devtools-v86:4.21.0` where the version ("v86") matches the version of the chromium-based browser you're using and the version number of the artifact is the same as Selenium's.
Jun 04, 2026 3:11:11 AM org.openqa.selenium.devtools.CdpVersionFinder findNearestMatch
WARNING: Unable to find CDP implementation matching 148
Jun 04, 2026 3:11:11 AM org.openqa.selenium.chromium.ChromiumDriver lambda$new$5
WARNING: Unable to find version of CDP to use for 148.0.7778.178. You may need to include a dependency on a specific version of the CDP using something similar to `org.seleniumhq.selenium:selenium-devtools-v86:4.21.0` where the version ("v86") matches the version of the chromium-based browser you're using and the version number of the artifact is the same as Selenium's.
Jun 04, 2026 3:11:11 AM org.openqa.selenium.devtools.CdpVersionFinder findNearestMatch
WARNING: Unable to find CDP implementation matching 148
Jun 04, 2026 3:11:11 AM org.openqa.selenium.chromium.ChromiumDriver lambda$new$5
WARNING: Unable to find version of CDP to use for 148.0.7778.178. You may need to include a dependency on a specific version of the CDP using something similar to `org.seleniumhq.selenium:selenium-devtools-v86:4.21.0` where the version ("v86") matches the version of the chromium-based browser you're using and the version number of the artifact is the same as Selenium's.
Jun 04, 2026 3:11:11 AM org.openqa.selenium.devtools.CdpVersionFinder findNearestMatch
WARNING: Unable to find CDP implementation matching 148
Jun 04, 2026 3:11:11 AM org.openqa.selenium.chromium.ChromiumDriver lambda$new$5
WARNING: Unable to find version of CDP to use for 148.0.7778.178. You may need to include a dependency on a specific version of the CDP using something similar to `org.seleniumhq.selenium:selenium-devtools-v86:4.21.0` where the version ("v86") matches the version of the chromium-based browser you're using and the version number of the artifact is the same as Selenium's.
Jun 04, 2026 3:11:11 AM org.openqa.selenium.devtools.CdpVersionFinder findNearestMatch
WARNING: Unable to find CDP implementation matching 148
Jun 04, 2026 3:11:11 AM org.openqa.selenium.chromium.ChromiumDriver lambda$new$5
WARNING: Unable to find version of CDP to use for 148.0.7778.178. You may need to include a dependency on a specific version of the CDP using something similar to `org.seleniumhq.selenium:selenium-devtools-v86:4.21.0` where the version ("v86") matches the version of the chromium-based browser you're using and the version number of the artifact is the same as Selenium's.
Jun 04, 2026 3:11:11 AM org.openqa.selenium.devtools.CdpVersionFinder findNearestMatch
WARNING: Unable to find CDP implementation matching 148
Jun 04, 2026 3:11:11 AM org.openqa.selenium.chromium.ChromiumDriver lambda$new$5
WARNING: Unable to find version of CDP to use for 148.0.7778.178. You may need to include a dependency on a specific version of the CDP using something similar to `org.seleniumhq.selenium:selenium-devtools-v86:4.21.0` where the version ("v86") matches the version of the chromium-based browser you're using and the version number of the artifact is the same as Selenium's.
]]></system-err>
  </testcase>
  <testcase name="runScenario[&quot;Validate primary DTCC website area coverage scope&quot;, &quot;DTCC public website extended area coverage&quot;](3)" classname="com.dtcc.automation.runners.CucumberTestRunner" time="3.331"/>
  <testcase name="runScenario[&quot;Validate primary DTCC website area coverage scope&quot;, &quot;DTCC public website extended area coverage&quot;](3)" classname="com.dtcc.automation.runners.CucumberTestRunner" time="0.0"/>
  <testcase name="runScenario[&quot;Login screen rejects invalid or unsafe credentials&quot;, &quot;Account authentication validation&quot;](4)" classname="com.dtcc.automation.runners.CucumberTestRunner" time="1.629">
    <system-out><![CDATA[
@publicSafe @dtccAreas
Scenario Outline: Validate primary DTCC website area coverage scope                                                           # src/test/resources/features/public-site/DtccAdditionalWebsiteCoverage.feature:18

@publicSafe @dtccAreas
Scenario Outline: Validate primary DTCC website area coverage scope                                                           # src/test/resources/features/public-site/DtccAdditionalWebsiteCoverage.feature:17

@publicSafe @dtccAreas
Scenario Outline: Validate primary DTCC website area coverage scope                                                                 # src/test/resources/features/public-site/DtccAdditionalWebsiteCoverage.feature:16
  When User attempts login with invalid credentials "" and ""        # com.dtcc.automation.stepdefs.OrderLifecycleSteps.userAttemptsInvalidLogin(java.lang.String,java.lang.String)
  Then The login error should be displayed                           # com.dtcc.automation.stepdefs.OrderLifecycleSteps.loginErrorShouldBeDisplayed()
  When User attempts login with invalid credentials "script-alert-payload" and "demo_password" # com.dtcc.automation.stepdefs.OrderLifecycleSteps.userAttemptsInvalidLogin(java.lang.String,java.lang.String)
  When User authenticates with valid credentials "sdet_dtcc_user" and "SecureP@ss1" # com.dtcc.automation.stepdefs.OrderLifecycleSteps.userAuthenticatesPlain(java.lang.String,java.lang.String)
  When User authenticates with valid credentials "sdet_user" and "SecureP@ss1" # com.dtcc.automation.stepdefs.OrderLifecycleSteps.userAuthenticatesPlain(java.lang.String,java.lang.String)
  When User attempts login with invalid credentials "' OR '1'='1" and "anything" # com.dtcc.automation.stepdefs.OrderLifecycleSteps.userAttemptsInvalidLogin(java.lang.String,java.lang.String)
  Then The login error should be displayed                                                     # com.dtcc.automation.stepdefs.OrderLifecycleSteps.loginErrorShouldBeDisplayed()
  When User authenticates with valid credentials "demo_user" and "demo_password" # com.dtcc.automation.stepdefs.OrderLifecycleSteps.userAuthenticatesPlain(java.lang.String,java.lang.String)
  When User attempts login with invalid credentials "bad_user" and "bad_password" # com.dtcc.automation.stepdefs.OrderLifecycleSteps.userAttemptsInvalidLogin(java.lang.String,java.lang.String)
  And The catalogue should remain hidden                             # com.dtcc.automation.stepdefs.OrderLifecycleSteps.catalogueShouldRemainHidden()
  Then The catalogue should be available                                            # com.dtcc.automation.stepdefs.OrderLifecycleSteps.catalogueShouldBeAvailable()
  And The catalogue should remain hidden                                                       # com.dtcc.automation.stepdefs.OrderLifecycleSteps.catalogueShouldRemainHidden()
  Then The catalogue should be available                                       # com.dtcc.automation.stepdefs.OrderLifecycleSteps.catalogueShouldBeAvailable()
  Then The login error should be displayed                                       # com.dtcc.automation.stepdefs.OrderLifecycleSteps.loginErrorShouldBeDisplayed()
  Then The catalogue should be available                                         # com.dtcc.automation.stepdefs.OrderLifecycleSteps.catalogueShouldBeAvailable()
  Then The login error should be displayed                                        # com.dtcc.automation.stepdefs.OrderLifecycleSteps.loginErrorShouldBeDisplayed()
  And The catalogue should remain hidden                                         # com.dtcc.automation.stepdefs.OrderLifecycleSteps.catalogueShouldRemainHidden()
  And The catalogue should remain hidden                                          # com.dtcc.automation.stepdefs.OrderLifecycleSteps.catalogueShouldRemainHidden()
  Given I review the DTCC website area "News and Insights"                                                                    # com.dtcc.automation.stepdefs.DtccAdditionalWebsiteCoverageSteps.iReviewTheDtccWebsiteArea(java.lang.String)
  When I document the expected public automation evidence "press releases, article pages, headlines, dates, and public links" # com.dtcc.automation.stepdefs.DtccAdditionalWebsiteCoverageSteps.iDocumentExpectedPublicAutomationEvidence(java.lang.String)
  Then the BDD report should show the area status as "Covered"                                                                # com.dtcc.automation.stepdefs.DtccAdditionalWebsiteCoverageSteps.bddReportShouldShowAreaStatus(java.lang.String)
]]></system-out>
    <system-err><![CDATA[Jun 04, 2026 3:11:13 AM org.openqa.selenium.devtools.CdpVersionFinder findNearestMatch
WARNING: Unable to find CDP implementation matching 148
Jun 04, 2026 3:11:13 AM org.openqa.selenium.chromium.ChromiumDriver lambda$new$5
WARNING: Unable to find version of CDP to use for 148.0.7778.178. You may need to include a dependency on a specific version of the CDP using something similar to `org.seleniumhq.selenium:selenium-devtools-v86:4.21.0` where the version ("v86") matches the version of the chromium-based browser you're using and the version number of the artifact is the same as Selenium's.
Jun 04, 2026 3:11:13 AM org.openqa.selenium.devtools.CdpVersionFinder findNearestMatch
WARNING: Unable to find CDP implementation matching 148
Jun 04, 2026 3:11:13 AM org.openqa.selenium.chromium.ChromiumDriver lambda$new$5
WARNING: Unable to find version of CDP to use for 148.0.7778.178. You may need to include a dependency on a specific version of the CDP using something similar to `org.seleniumhq.selenium:selenium-devtools-v86:4.21.0` where the version ("v86") matches the version of the chromium-based browser you're using and the version number of the artifact is the same as Selenium's.
]]></system-err>
  </testcase>
  <testcase name="runScenario[&quot;Login screen accepts valid public-safe test credentials&quot;, &quot;Account authentication validation&quot;](5)" classname="com.dtcc.automation.runners.CucumberTestRunner" time="0.0"/>
  <testcase name="runScenario[&quot;Login screen rejects invalid or unsafe credentials&quot;, &quot;Account authentication validation&quot;](6)" classname="com.dtcc.automation.runners.CucumberTestRunner" time="0.081">
    <system-out><![CDATA[
@publicSafe @dtccAreas
Scenario Outline: Validate primary DTCC website area coverage scope                                                    # src/test/resources/features/public-site/DtccAdditionalWebsiteCoverage.feature:20
]]></system-out>
  </testcase>
  <testcase name="runScenario[&quot;Login screen accepts valid public-safe test credentials&quot;, &quot;Account authentication validation&quot;](7)" classname="com.dtcc.automation.runners.CucumberTestRunner" time="0.036">
    <system-out><![CDATA[
@publicSafe @dtccAreas
Scenario Outline: Validate primary DTCC website area coverage scope                                                                   # src/test/resources/features/public-site/DtccAdditionalWebsiteCoverage.feature:19
]]></system-out>
  </testcase>
  <testcase name="runScenario[&quot;Login screen accepts valid public-safe test credentials&quot;, &quot;Account authentication validation&quot;](8)" classname="com.dtcc.automation.runners.CucumberTestRunner" time="0.025">
    <system-out><![CDATA[
@publicSafe @dtccAreas
Scenario Outline: Validate primary DTCC website area coverage scope                                                                  # src/test/resources/features/public-site/DtccAdditionalWebsiteCoverage.feature:21
]]></system-out>
  </testcase>
  <testcase name="runScenario[&quot;Login screen rejects invalid or unsafe credentials&quot;, &quot;Account authentication validation&quot;](9)" classname="com.dtcc.automation.runners.CucumberTestRunner" time="0.007">
    <system-out><![CDATA[
@publicSafe @dtccAreas
Scenario Outline: Validate public-safe backend/API behavior for report evidence # src/test/resources/features/public-site/DtccAdditionalWebsiteCoverage.feature:31
]]></system-out>
  </testcase>
  <testcase name="runScenario[&quot;Validate primary DTCC website area coverage scope&quot;, &quot;DTCC public website extended area coverage&quot;](10)" classname="com.dtcc.automation.runners.CucumberTestRunner" time="0.058">
    <system-out><![CDATA[
@publicSafe @dtccAreas
Scenario Outline: Validate public-safe backend/API behavior for report evidence # src/test/resources/features/public-site/DtccAdditionalWebsiteCoverage.feature:32

@publicSafe @dtccAreas
Scenario Outline: Validate primary DTCC website area coverage scope                                                          # src/test/resources/features/public-site/DtccAdditionalWebsiteCoverage.feature:22
  Given I review the DTCC website area "Legal and Regulatory"                                                                 # com.dtcc.automation.stepdefs.DtccAdditionalWebsiteCoverageSteps.iReviewTheDtccWebsiteArea(java.lang.String)
  When I document the expected public automation evidence "compliance content, legal links, terms, and regulatory references" # com.dtcc.automation.stepdefs.DtccAdditionalWebsiteCoverageSteps.iDocumentExpectedPublicAutomationEvidence(java.lang.String)
  Then the BDD report should show the area status as "Covered"                                                                # com.dtcc.automation.stepdefs.DtccAdditionalWebsiteCoverageSteps.bddReportShouldShowAreaStatus(java.lang.String)
]]></system-out>
  </testcase>
  <testcase name="runScenario[&quot;Login screen rejects invalid or unsafe credentials&quot;, &quot;Account authentication validation&quot;](11)" classname="com.dtcc.automation.runners.CucumberTestRunner" time="0.0"/>
  <testcase name="runScenario[&quot;Validate primary DTCC website area coverage scope&quot;, &quot;DTCC public website extended area coverage&quot;](12)" classname="com.dtcc.automation.runners.CucumberTestRunner" time="0.101">
    <system-out><![CDATA[
@publicSafe @dtccAreas
Scenario Outline: Validate public-safe backend/API behavior for report evidence # src/test/resources/features/public-site/DtccAdditionalWebsiteCoverage.feature:33

@publicSafe @dtccAreas
Scenario Outline: Validate public-safe backend/API behavior for report evidence # src/test/resources/features/public-site/DtccAdditionalWebsiteCoverage.feature:34
]]></system-out>
    <system-err><![CDATA[Jun 04, 2026 3:11:13 AM org.openqa.selenium.devtools.CdpVersionFinder findNearestMatch
WARNING: Unable to find CDP implementation matching 148
Jun 04, 2026 3:11:13 AM org.openqa.selenium.chromium.ChromiumDriver lambda$new$5
WARNING: Unable to find version of CDP to use for 148.0.7778.178. You may need to include a dependency on a specific version of the CDP using something similar to `org.seleniumhq.selenium:selenium-devtools-v86:4.21.0` where the version ("v86") matches the version of the chromium-based browser you're using and the version number of the artifact is the same as Selenium's.
]]></system-err>
  </testcase>
  <testcase name="runScenario[&quot;Validate primary DTCC website area coverage scope&quot;, &quot;DTCC public website extended area coverage&quot;](13)" classname="com.dtcc.automation.runners.CucumberTestRunner" time="0.375">
    <system-out><![CDATA[
@publicSafe @dtccAreas
Scenario Outline: Validate public-safe backend/API behavior for report evidence # src/test/resources/features/public-site/DtccAdditionalWebsiteCoverage.feature:35
  Given I review the DTCC website area "Products and Services"                                                                      # com.dtcc.automation.stepdefs.DtccAdditionalWebsiteCoverageSteps.iReviewTheDtccWebsiteArea(java.lang.String)
  When I document the expected public automation evidence "product taxonomy, landing pages, internal links, and template rendering" # com.dtcc.automation.stepdefs.DtccAdditionalWebsiteCoverageSteps.iDocumentExpectedPublicAutomationEvidence(java.lang.String)
  Then the BDD report should show the area status as "Covered"                                                                      # com.dtcc.automation.stepdefs.DtccAdditionalWebsiteCoverageSteps.bddReportShouldShowAreaStatus(java.lang.String)
]]></system-out>
  </testcase>
  <testcase name="runScenario[&quot;Validate primary DTCC website area coverage scope&quot;, &quot;DTCC public website extended area coverage&quot;](14)" classname="com.dtcc.automation.runners.CucumberTestRunner" time="1.644">
    <system-out><![CDATA[
@publicSafe @dtccAreas
Scenario Outline: Validate public-safe backend/API behavior for report evidence # src/test/resources/features/public-site/DtccAdditionalWebsiteCoverage.feature:36
  Given I review the DTCC website area "Global Trade Repository"                                                       # com.dtcc.automation.stepdefs.DtccAdditionalWebsiteCoverageSteps.iReviewTheDtccWebsiteArea(java.lang.String)
  When I document the expected public automation evidence "dynamic tables, search, sorting, filtering, and pagination" # com.dtcc.automation.stepdefs.DtccAdditionalWebsiteCoverageSteps.iDocumentExpectedPublicAutomationEvidence(java.lang.String)
  Then the BDD report should show the area status as "Covered"                                                         # com.dtcc.automation.stepdefs.DtccAdditionalWebsiteCoverageSteps.bddReportShouldShowAreaStatus(java.lang.String)
]]></system-out>
    <system-err><![CDATA[Jun 04, 2026 3:11:15 AM org.openqa.selenium.devtools.CdpVersionFinder findNearestMatch
WARNING: Unable to find CDP implementation matching 148
Jun 04, 2026 3:11:15 AM org.openqa.selenium.chromium.ChromiumDriver lambda$new$5
WARNING: Unable to find version of CDP to use for 148.0.7778.178. You may need to include a dependency on a specific version of the CDP using something similar to `org.seleniumhq.selenium:selenium-devtools-v86:4.21.0` where the version ("v86") matches the version of the chromium-based browser you're using and the version number of the artifact is the same as Selenium's.
Jun 04, 2026 3:11:15 AM org.openqa.selenium.devtools.CdpVersionFinder findNearestMatch
WARNING: Unable to find CDP implementation matching 148
Jun 04, 2026 3:11:15 AM org.openqa.selenium.chromium.ChromiumDriver lambda$new$5
WARNING: Unable to find version of CDP to use for 148.0.7778.178. You may need to include a dependency on a specific version of the CDP using something similar to `org.seleniumhq.selenium:selenium-devtools-v86:4.21.0` where the version ("v86") matches the version of the chromium-based browser you're using and the version number of the artifact is the same as Selenium's.
Jun 04, 2026 3:11:15 AM org.openqa.selenium.devtools.CdpVersionFinder findNearestMatch
WARNING: Unable to find CDP implementation matching 148
Jun 04, 2026 3:11:15 AM org.openqa.selenium.chromium.ChromiumDriver lambda$new$5
WARNING: Unable to find version of CDP to use for 148.0.7778.178. You may need to include a dependency on a specific version of the CDP using something similar to `org.seleniumhq.selenium:selenium-devtools-v86:4.21.0` where the version ("v86") matches the version of the chromium-based browser you're using and the version number of the artifact is the same as Selenium's.
Jun 04, 2026 3:11:15 AM org.openqa.selenium.devtools.CdpVersionFinder findNearestMatch
WARNING: Unable to find CDP implementation matching 148
Jun 04, 2026 3:11:15 AM org.openqa.selenium.chromium.ChromiumDriver lambda$new$5
WARNING: Unable to find version of CDP to use for 148.0.7778.178. You may need to include a dependency on a specific version of the CDP using something similar to `org.seleniumhq.selenium:selenium-devtools-v86:4.21.0` where the version ("v86") matches the version of the chromium-based browser you're using and the version number of the artifact is the same as Selenium's.
]]></system-err>
  </testcase>
  <testcase name="runScenario[&quot;Validate public-safe backend/API behavior for report evidence&quot;, &quot;DTCC public website extended area coverage&quot;](15)" classname="com.dtcc.automation.runners.CucumberTestRunner" time="0.282">
    <system-out><![CDATA[  Given I prepare a public-safe backend check named "market status"             # com.dtcc.automation.stepdefs.DtccAdditionalWebsiteCoverageSteps.iPreparePublicSafeBackendCheckNamed(java.lang.String)
  When the mock API response status is 200 and key field is "status"            # com.dtcc.automation.stepdefs.DtccAdditionalWebsiteCoverageSteps.mockApiResponseStatusAndKeyField(int,java.lang.String)
  Then the BDD report should record backend evidence "OPEN"                     # com.dtcc.automation.stepdefs.DtccAdditionalWebsiteCoverageSteps.bddReportShouldRecordBackendEvidence(java.lang.String)

@publicSafe @dtccAreas
Scenario Outline: Validate public-safe backend/API behavior for report evidence # src/test/resources/features/public-site/DtccAdditionalWebsiteCoverage.feature:37
  Given I prepare a public-safe backend check named "important notice search"   # com.dtcc.automation.stepdefs.DtccAdditionalWebsiteCoverageSteps.iPreparePublicSafeBackendCheckNamed(java.lang.String)
  When the mock API response status is 200 and key field is "resultCount"       # com.dtcc.automation.stepdefs.DtccAdditionalWebsiteCoverageSteps.mockApiResponseStatusAndKeyField(int,java.lang.String)
  Then the BDD report should record backend evidence "results returned"         # com.dtcc.automation.stepdefs.DtccAdditionalWebsiteCoverageSteps.bddReportShouldRecordBackendEvidence(java.lang.String)
]]></system-out>
    <system-err><![CDATA[Jun 04, 2026 3:11:16 AM org.openqa.selenium.devtools.CdpVersionFinder findNearestMatch
WARNING: Unable to find CDP implementation matching 148
Jun 04, 2026 3:11:16 AM org.openqa.selenium.chromium.ChromiumDriver lambda$new$5
WARNING: Unable to find version of CDP to use for 148.0.7778.178. You may need to include a dependency on a specific version of the CDP using something similar to `org.seleniumhq.selenium:selenium-devtools-v86:4.21.0` where the version ("v86") matches the version of the chromium-based browser you're using and the version number of the artifact is the same as Selenium's.
Jun 04, 2026 3:11:16 AM org.openqa.selenium.devtools.CdpVersionFinder findNearestMatch
WARNING: Unable to find CDP implementation matching 148
Jun 04, 2026 3:11:16 AM org.openqa.selenium.chromium.ChromiumDriver lambda$new$5
WARNING: Unable to find version of CDP to use for 148.0.7778.178. You may need to include a dependency on a specific version of the CDP using something similar to `org.seleniumhq.selenium:selenium-devtools-v86:4.21.0` where the version ("v86") matches the version of the chromium-based browser you're using and the version number of the artifact is the same as Selenium's.
Jun 04, 2026 3:11:16 AM org.openqa.selenium.devtools.CdpVersionFinder findNearestMatch
WARNING: Unable to find CDP implementation matching 148
Jun 04, 2026 3:11:16 AM org.openqa.selenium.chromium.ChromiumDriver lambda$new$5
WARNING: Unable to find version of CDP to use for 148.0.7778.178. You may need to include a dependency on a specific version of the CDP using something similar to `org.seleniumhq.selenium:selenium-devtools-v86:4.21.0` where the version ("v86") matches the version of the chromium-based browser you're using and the version number of the artifact is the same as Selenium's.
Jun 04, 2026 3:11:16 AM org.openqa.selenium.devtools.CdpVersionFinder findNearestMatch
WARNING: Unable to find CDP implementation matching 148
Jun 04, 2026 3:11:16 AM org.openqa.selenium.chromium.ChromiumDriver lambda$new$5
WARNING: Unable to find version of CDP to use for 148.0.7778.178. You may need to include a dependency on a specific version of the CDP using something similar to `org.seleniumhq.selenium:selenium-devtools-v86:4.21.0` where the version ("v86") matches the version of the chromium-based browser you're using and the version number of the artifact is the same as Selenium's.
]]></system-err>
  </testcase>
  <testcase name="runScenario[&quot;Validate public-safe backend/API behavior for report evidence&quot;, &quot;DTCC public website extended area coverage&quot;](16)" classname="com.dtcc.automation.runners.CucumberTestRunner" time="0.179">
    <system-out><![CDATA[
@publicSafe @dtccAreas
Scenario Outline: Validate public-safe backend/API behavior for report evidence # src/test/resources/features/public-site/DtccAdditionalWebsiteCoverage.feature:38
  Given I review the DTCC website area "Search"                                                                              # com.dtcc.automation.stepdefs.DtccAdditionalWebsiteCoverageSteps.iReviewTheDtccWebsiteArea(java.lang.String)
  When I document the expected public automation evidence "keyword search, result pages, empty states, and input validation" # com.dtcc.automation.stepdefs.DtccAdditionalWebsiteCoverageSteps.iDocumentExpectedPublicAutomationEvidence(java.lang.String)
  Then the BDD report should show the area status as "Covered"                                                               # com.dtcc.automation.stepdefs.DtccAdditionalWebsiteCoverageSteps.bddReportShouldShowAreaStatus(java.lang.String)
  Given I prepare a public-safe backend check named "invalid search query"      # com.dtcc.automation.stepdefs.DtccAdditionalWebsiteCoverageSteps.iPreparePublicSafeBackendCheckNamed(java.lang.String)
  When the mock API response status is 400 and key field is "error"             # com.dtcc.automation.stepdefs.DtccAdditionalWebsiteCoverageSteps.mockApiResponseStatusAndKeyField(int,java.lang.String)
  Then the BDD report should record backend evidence "invalid_query"            # com.dtcc.automation.stepdefs.DtccAdditionalWebsiteCoverageSteps.bddReportShouldRecordBackendEvidence(java.lang.String)
]]></system-out>
    <system-err><![CDATA[Jun 04, 2026 3:11:16 AM org.openqa.selenium.devtools.CdpVersionFinder findNearestMatch
WARNING: Unable to find CDP implementation matching 148
Jun 04, 2026 3:11:16 AM org.openqa.selenium.chromium.ChromiumDriver lambda$new$5
WARNING: Unable to find version of CDP to use for 148.0.7778.178. You may need to include a dependency on a specific version of the CDP using something similar to `org.seleniumhq.selenium:selenium-devtools-v86:4.21.0` where the version ("v86") matches the version of the chromium-based browser you're using and the version number of the artifact is the same as Selenium's.
]]></system-err>
  </testcase>
  <testcase name="runScenario[&quot;Validate primary DTCC website area coverage scope&quot;, &quot;DTCC public website extended area coverage&quot;](17)" classname="com.dtcc.automation.runners.CucumberTestRunner" time="0.147">
    <system-out><![CDATA[
@publicSafe @dtccAreas
Scenario Outline: Validate database and reporting evidence for public-safe framework data # src/test/resources/features/public-site/DtccAdditionalWebsiteCoverage.feature:47
  Given I review the DTCC website area "Careers"                                                                                      # com.dtcc.automation.stepdefs.DtccAdditionalWebsiteCoverageSteps.iReviewTheDtccWebsiteArea(java.lang.String)
  When I document the expected public automation evidence "career content, role navigation, employer information, and external links" # com.dtcc.automation.stepdefs.DtccAdditionalWebsiteCoverageSteps.iDocumentExpectedPublicAutomationEvidence(java.lang.String)
  Then the BDD report should show the area status as "Covered"                                                                        # com.dtcc.automation.stepdefs.DtccAdditionalWebsiteCoverageSteps.bddReportShouldShowAreaStatus(java.lang.String)
  Given I prepare a public-safe backend check named "client service directory"  # com.dtcc.automation.stepdefs.DtccAdditionalWebsiteCoverageSteps.iPreparePublicSafeBackendCheckNamed(java.lang.String)
  When the mock API response status is 200 and key field is "serviceGroup"      # com.dtcc.automation.stepdefs.DtccAdditionalWebsiteCoverageSteps.mockApiResponseStatusAndKeyField(int,java.lang.String)
  Then the BDD report should record backend evidence "Client Center"            # com.dtcc.automation.stepdefs.DtccAdditionalWebsiteCoverageSteps.bddReportShouldRecordBackendEvidence(java.lang.String)
]]></system-out>
  </testcase>
  <testcase name="runScenario[&quot;Validate public-safe backend/API behavior for report evidence&quot;, &quot;DTCC public website extended area coverage&quot;](18)" classname="com.dtcc.automation.runners.CucumberTestRunner" time="0.013"/>
  <testcase name="runScenario[&quot;Validate primary DTCC website area coverage scope&quot;, &quot;DTCC public website extended area coverage&quot;](19)" classname="com.dtcc.automation.runners.CucumberTestRunner" time="0.12">
    <system-out><![CDATA[
@publicSafe @dtccAreas
Scenario Outline: Validate database and reporting evidence for public-safe framework data # src/test/resources/features/public-site/DtccAdditionalWebsiteCoverage.feature:49
  Given I review the DTCC website area "PDF Document Library"                                                                        # com.dtcc.automation.stepdefs.DtccAdditionalWebsiteCoverageSteps.iReviewTheDtccWebsiteArea(java.lang.String)
  When I document the expected public automation evidence "downloadable documents, content type, filename patterns, and text checks" # com.dtcc.automation.stepdefs.DtccAdditionalWebsiteCoverageSteps.iDocumentExpectedPublicAutomationEvidence(java.lang.String)
  Then the BDD report should show the area status as "Covered"                                                                       # com.dtcc.automation.stepdefs.DtccAdditionalWebsiteCoverageSteps.bddReportShouldShowAreaStatus(java.lang.String)
  Given I prepare a public-safe backend check named "document metadata"         # com.dtcc.automation.stepdefs.DtccAdditionalWebsiteCoverageSteps.iPreparePublicSafeBackendCheckNamed(java.lang.String)
  When the mock API response status is 200 and key field is "contentType"       # com.dtcc.automation.stepdefs.DtccAdditionalWebsiteCoverageSteps.mockApiResponseStatusAndKeyField(int,java.lang.String)
  Then the BDD report should record backend evidence "application/pdf"          # com.dtcc.automation.stepdefs.DtccAdditionalWebsiteCoverageSteps.bddReportShouldRecordBackendEvidence(java.lang.String)

@publicSafe @dtccAreas
Scenario Outline: Validate database and reporting evidence for public-safe framework data # src/test/resources/features/public-site/DtccAdditionalWebsiteCoverage.feature:48
]]></system-out>
  </testcase>
  <testcase name="runScenario[&quot;Validate public-safe backend/API behavior for report evidence&quot;, &quot;DTCC public website extended area coverage&quot;](20)" classname="com.dtcc.automation.runners.CucumberTestRunner" time="0.011">
    <system-out><![CDATA[
@publicSafe @dtccAreas
Scenario Outline: Validate database and reporting evidence for public-safe framework data # src/test/resources/features/public-site/DtccAdditionalWebsiteCoverage.feature:50
]]></system-out>
  </testcase>
  <testcase name="runScenario[&quot;Validate primary DTCC website area coverage scope&quot;, &quot;DTCC public website extended area coverage&quot;](21)" classname="com.dtcc.automation.runners.CucumberTestRunner" time="0.037"/>
  <testcase name="runScenario[&quot;Validate public-safe backend/API behavior for report evidence&quot;, &quot;DTCC public website extended area coverage&quot;](22)" classname="com.dtcc.automation.runners.CucumberTestRunner" time="0.039">
    <system-out><![CDATA[
@publicSafe @dtccAreas
Scenario Outline: Validate database and reporting evidence for public-safe framework data # src/test/resources/features/public-site/DtccAdditionalWebsiteCoverage.feature:51

@publicSafe @dtccAreas
Scenario Outline: Validate database and reporting evidence for public-safe framework data # src/test/resources/features/public-site/DtccAdditionalWebsiteCoverage.feature:52
]]></system-out>
  </testcase>
  <testcase name="runScenario[&quot;Validate public-safe backend/API behavior for report evidence&quot;, &quot;DTCC public website extended area coverage&quot;](23)" classname="com.dtcc.automation.runners.CucumberTestRunner" time="0.448">
    <system-out><![CDATA[
@publicSafe @dtccAreas
Scenario Outline: Validate database and reporting evidence for public-safe framework data # src/test/resources/features/public-site/DtccAdditionalWebsiteCoverage.feature:53
  Given I prepare a public-safe backend check named "missing authorization"     # com.dtcc.automation.stepdefs.DtccAdditionalWebsiteCoverageSteps.iPreparePublicSafeBackendCheckNamed(java.lang.String)
  When the mock API response status is 401 and key field is "error"             # com.dtcc.automation.stepdefs.DtccAdditionalWebsiteCoverageSteps.mockApiResponseStatusAndKeyField(int,java.lang.String)
  Then the BDD report should record backend evidence "unauthorized"             # com.dtcc.automation.stepdefs.DtccAdditionalWebsiteCoverageSteps.bddReportShouldRecordBackendEvidence(java.lang.String)
]]></system-out>
    <system-err><![CDATA[Jun 04, 2026 3:11:16 AM org.openqa.selenium.devtools.CdpVersionFinder findNearestMatch
WARNING: Unable to find CDP implementation matching 148
Jun 04, 2026 3:11:16 AM org.openqa.selenium.chromium.ChromiumDriver lambda$new$5
WARNING: Unable to find version of CDP to use for 148.0.7778.178. You may need to include a dependency on a specific version of the CDP using something similar to `org.seleniumhq.selenium:selenium-devtools-v86:4.21.0` where the version ("v86") matches the version of the chromium-based browser you're using and the version number of the artifact is the same as Selenium's.
]]></system-err>
  </testcase>
  <testcase name="runScenario[&quot;Validate public-safe backend/API behavior for report evidence&quot;, &quot;DTCC public website extended area coverage&quot;](24)" classname="com.dtcc.automation.runners.CucumberTestRunner" time="1.368">
    <system-out><![CDATA[
@publicSite
Scenario: Validate the DTCC home page loads with basic navigation # src/test/resources/features/public-site/DtccPublicWebsite.feature:8
  Given I prepare a public-safe backend check named "rate limit response"       # com.dtcc.automation.stepdefs.DtccAdditionalWebsiteCoverageSteps.iPreparePublicSafeBackendCheckNamed(java.lang.String)
  When the mock API response status is 429 and key field is "retryAfterSeconds" # com.dtcc.automation.stepdefs.DtccAdditionalWebsiteCoverageSteps.mockApiResponseStatusAndKeyField(int,java.lang.String)
  Then the BDD report should record backend evidence "retry window provided"    # com.dtcc.automation.stepdefs.DtccAdditionalWebsiteCoverageSteps.bddReportShouldRecordBackendEvidence(java.lang.String)
  Given I prepare a public-safe backend check named "API contract version"      # com.dtcc.automation.stepdefs.DtccAdditionalWebsiteCoverageSteps.iPreparePublicSafeBackendCheckNamed(java.lang.String)
  When the mock API response status is 200 and key field is "version"           # com.dtcc.automation.stepdefs.DtccAdditionalWebsiteCoverageSteps.mockApiResponseStatusAndKeyField(int,java.lang.String)
  Then the BDD report should record backend evidence "v1 compatible"            # com.dtcc.automation.stepdefs.DtccAdditionalWebsiteCoverageSteps.bddReportShouldRecordBackendEvidence(java.lang.String)
]]></system-out>
    <system-err><![CDATA[Jun 04, 2026 3:11:17 AM org.openqa.selenium.devtools.CdpVersionFinder findNearestMatch
WARNING: Unable to find CDP implementation matching 148
Jun 04, 2026 3:11:17 AM org.openqa.selenium.chromium.ChromiumDriver lambda$new$5
WARNING: Unable to find version of CDP to use for 148.0.7778.178. You may need to include a dependency on a specific version of the CDP using something similar to `org.seleniumhq.selenium:selenium-devtools-v86:4.21.0` where the version ("v86") matches the version of the chromium-based browser you're using and the version number of the artifact is the same as Selenium's.
Jun 04, 2026 3:11:18 AM org.openqa.selenium.devtools.CdpVersionFinder findNearestMatch
WARNING: Unable to find CDP implementation matching 148
Jun 04, 2026 3:11:18 AM org.openqa.selenium.chromium.ChromiumDriver lambda$new$5
WARNING: Unable to find version of CDP to use for 148.0.7778.178. You may need to include a dependency on a specific version of the CDP using something similar to `org.seleniumhq.selenium:selenium-devtools-v86:4.21.0` where the version ("v86") matches the version of the chromium-based browser you're using and the version number of the artifact is the same as Selenium's.
Jun 04, 2026 3:11:18 AM org.openqa.selenium.devtools.CdpVersionFinder findNearestMatch
WARNING: Unable to find CDP implementation matching 148
Jun 04, 2026 3:11:18 AM org.openqa.selenium.chromium.ChromiumDriver lambda$new$5
WARNING: Unable to find version of CDP to use for 148.0.7778.178. You may need to include a dependency on a specific version of the CDP using something similar to `org.seleniumhq.selenium:selenium-devtools-v86:4.21.0` where the version ("v86") matches the version of the chromium-based browser you're using and the version number of the artifact is the same as Selenium's.
]]></system-err>
  </testcase>
  <testcase name="runScenario[&quot;Validate public-safe backend/API behavior for report evidence&quot;, &quot;DTCC public website extended area coverage&quot;](25)" classname="com.dtcc.automation.runners.CucumberTestRunner" time="0.42">
    <system-out><![CDATA[
@publicSite
Scenario Outline: Validate representative public content page templates # src/test/resources/features/public-site/DtccPublicWebsite.feature:20
  Given I prepare a database validation named "settlement order persisted"                # com.dtcc.automation.stepdefs.DtccAdditionalWebsiteCoverageSteps.iPrepareDatabaseValidationNamed(java.lang.String)
  When the SQL evidence references table or view "settlement_orders"                      # com.dtcc.automation.stepdefs.DtccAdditionalWebsiteCoverageSteps.sqlEvidenceReferencesTableOrView(java.lang.String)
  Then the BDD report should record database result "PROCESSED"                           # com.dtcc.automation.stepdefs.DtccAdditionalWebsiteCoverageSteps.bddReportShouldRecordDatabaseResult(java.lang.String)
]]></system-out>
    <system-err><![CDATA[Jun 04, 2026 3:11:18 AM org.openqa.selenium.devtools.CdpVersionFinder findNearestMatch
WARNING: Unable to find CDP implementation matching 148
Jun 04, 2026 3:11:18 AM org.openqa.selenium.chromium.ChromiumDriver lambda$new$5
WARNING: Unable to find version of CDP to use for 148.0.7778.178. You may need to include a dependency on a specific version of the CDP using something similar to `org.seleniumhq.selenium:selenium-devtools-v86:4.21.0` where the version ("v86") matches the version of the chromium-based browser you're using and the version number of the artifact is the same as Selenium's.
Jun 04, 2026 3:11:18 AM org.openqa.selenium.devtools.CdpVersionFinder findNearestMatch
WARNING: Unable to find CDP implementation matching 148
Jun 04, 2026 3:11:18 AM org.openqa.selenium.chromium.ChromiumDriver lambda$new$5
WARNING: Unable to find version of CDP to use for 148.0.7778.178. You may need to include a dependency on a specific version of the CDP using something similar to `org.seleniumhq.selenium:selenium-devtools-v86:4.21.0` where the version ("v86") matches the version of the chromium-based browser you're using and the version number of the artifact is the same as Selenium's.
Jun 04, 2026 3:11:18 AM org.openqa.selenium.devtools.CdpVersionFinder findNearestMatch
WARNING: Unable to find CDP implementation matching 148
Jun 04, 2026 3:11:18 AM org.openqa.selenium.chromium.ChromiumDriver lambda$new$5
WARNING: Unable to find version of CDP to use for 148.0.7778.178. You may need to include a dependency on a specific version of the CDP using something similar to `org.seleniumhq.selenium:selenium-devtools-v86:4.21.0` where the version ("v86") matches the version of the chromium-based browser you're using and the version number of the artifact is the same as Selenium's.
Jun 04, 2026 3:11:18 AM org.openqa.selenium.devtools.CdpVersionFinder findNearestMatch
WARNING: Unable to find CDP implementation matching 148
Jun 04, 2026 3:11:19 AM org.openqa.selenium.chromium.ChromiumDriver lambda$new$5
WARNING: Unable to find version of CDP to use for 148.0.7778.178. You may need to include a dependency on a specific version of the CDP using something similar to `org.seleniumhq.selenium:selenium-devtools-v86:4.21.0` where the version ("v86") matches the version of the chromium-based browser you're using and the version number of the artifact is the same as Selenium's.
]]></system-err>
  </testcase>
  <testcase name="runScenario[&quot;Validate database and reporting evidence for public-safe framework data&quot;, &quot;DTCC public website extended area coverage&quot;](26)" classname="com.dtcc.automation.runners.CucumberTestRunner" time="0.04"/>
  <testcase name="runScenario[&quot;Validate database and reporting evidence for public-safe framework data&quot;, &quot;DTCC public website extended area coverage&quot;](27)" classname="com.dtcc.automation.runners.CucumberTestRunner" time="0.256">
    <system-out><![CDATA[
@publicSite
Scenario Outline: Validate representative public content page templates  # src/test/resources/features/public-site/DtccPublicWebsite.feature:21

@publicSite
Scenario Outline: Validate representative public content page templates # src/test/resources/features/public-site/DtccPublicWebsite.feature:22
  Given I prepare a database validation named "PII masking applied"                       # com.dtcc.automation.stepdefs.DtccAdditionalWebsiteCoverageSteps.iPrepareDatabaseValidationNamed(java.lang.String)
  When the SQL evidence references table or view "reporting_customer_vw"                  # com.dtcc.automation.stepdefs.DtccAdditionalWebsiteCoverageSteps.sqlEvidenceReferencesTableOrView(java.lang.String)
  Then the BDD report should record database result "MASKED"                              # com.dtcc.automation.stepdefs.DtccAdditionalWebsiteCoverageSteps.bddReportShouldRecordDatabaseResult(java.lang.String)
  Given I prepare a database validation named "stale records excluded"                    # com.dtcc.automation.stepdefs.DtccAdditionalWebsiteCoverageSteps.iPrepareDatabaseValidationNamed(java.lang.String)
  When the SQL evidence references table or view "active_settlements_vw"                  # com.dtcc.automation.stepdefs.DtccAdditionalWebsiteCoverageSteps.sqlEvidenceReferencesTableOrView(java.lang.String)
  Then the BDD report should record database result "0_STALE_ROWS"                        # com.dtcc.automation.stepdefs.DtccAdditionalWebsiteCoverageSteps.bddReportShouldRecordDatabaseResult(java.lang.String)
  Given I prepare a database validation named "document access audited"                   # com.dtcc.automation.stepdefs.DtccAdditionalWebsiteCoverageSteps.iPrepareDatabaseValidationNamed(java.lang.String)
  When the SQL evidence references table or view "document_downloads"                     # com.dtcc.automation.stepdefs.DtccAdditionalWebsiteCoverageSteps.sqlEvidenceReferencesTableOrView(java.lang.String)
  Then the BDD report should record database result "DOWNLOADED"                          # com.dtcc.automation.stepdefs.DtccAdditionalWebsiteCoverageSteps.bddReportShouldRecordDatabaseResult(java.lang.String)
]]></system-out>
    <system-err><![CDATA[Jun 04, 2026 3:11:19 AM org.openqa.selenium.devtools.CdpVersionFinder findNearestMatch
WARNING: Unable to find CDP implementation matching 148
Jun 04, 2026 3:11:19 AM org.openqa.selenium.chromium.ChromiumDriver lambda$new$5
WARNING: Unable to find version of CDP to use for 148.0.7778.178. You may need to include a dependency on a specific version of the CDP using something similar to `org.seleniumhq.selenium:selenium-devtools-v86:4.21.0` where the version ("v86") matches the version of the chromium-based browser you're using and the version number of the artifact is the same as Selenium's.
]]></system-err>
  </testcase>
  <testcase name="runScenario[&quot;Validate database and reporting evidence for public-safe framework data&quot;, &quot;DTCC public website extended area coverage&quot;](28)" classname="com.dtcc.automation.runners.CucumberTestRunner" time="0.077">
    <system-out><![CDATA[  Given I prepare a database validation named "reference data valid"                      # com.dtcc.automation.stepdefs.DtccAdditionalWebsiteCoverageSteps.iPrepareDatabaseValidationNamed(java.lang.String)
  When the SQL evidence references table or view "client_reference"                       # com.dtcc.automation.stepdefs.DtccAdditionalWebsiteCoverageSteps.sqlEvidenceReferencesTableOrView(java.lang.String)
  Then the BDD report should record database result "VALID"                               # com.dtcc.automation.stepdefs.DtccAdditionalWebsiteCoverageSteps.bddReportShouldRecordDatabaseResult(java.lang.String)

@publicSite
Scenario Outline: Validate representative public content page templates # src/test/resources/features/public-site/DtccPublicWebsite.feature:23
]]></system-out>
    <system-err><![CDATA[Jun 04, 2026 3:11:19 AM org.openqa.selenium.devtools.CdpVersionFinder findNearestMatch
WARNING: Unable to find CDP implementation matching 148
Jun 04, 2026 3:11:19 AM org.openqa.selenium.chromium.ChromiumDriver lambda$new$5
WARNING: Unable to find version of CDP to use for 148.0.7778.178. You may need to include a dependency on a specific version of the CDP using something similar to `org.seleniumhq.selenium:selenium-devtools-v86:4.21.0` where the version ("v86") matches the version of the chromium-based browser you're using and the version number of the artifact is the same as Selenium's.
]]></system-err>
  </testcase>
  <testcase name="runScenario[&quot;Validate database and reporting evidence for public-safe framework data&quot;, &quot;DTCC public website extended area coverage&quot;](29)" classname="com.dtcc.automation.runners.CucumberTestRunner" time="0.019"/>
  <testcase name="runScenario[&quot;Validate database and reporting evidence for public-safe framework data&quot;, &quot;DTCC public website extended area coverage&quot;](30)" classname="com.dtcc.automation.runners.CucumberTestRunner" time="0.093">
    <system-out><![CDATA[
@publicSite
Scenario Outline: Validate representative public content page templates # src/test/resources/features/public-site/DtccPublicWebsite.feature:24

Scenario Outline: Successful user login and complete checkout fulfillment workflow            # src/test/resources/features/trading-order-lifecycle/OrderE2E.feature:13
]]></system-out>
    <system-err><![CDATA[Jun 04, 2026 3:11:19 AM org.openqa.selenium.devtools.CdpVersionFinder findNearestMatch
WARNING: Unable to find CDP implementation matching 148
Jun 04, 2026 3:11:19 AM org.openqa.selenium.chromium.ChromiumDriver lambda$new$5
WARNING: Unable to find version of CDP to use for 148.0.7778.178. You may need to include a dependency on a specific version of the CDP using something similar to `org.seleniumhq.selenium:selenium-devtools-v86:4.21.0` where the version ("v86") matches the version of the chromium-based browser you're using and the version number of the artifact is the same as Selenium's.
]]></system-err>
  </testcase>
  <testcase name="runScenario[&quot;Validate database and reporting evidence for public-safe framework data&quot;, &quot;DTCC public website extended area coverage&quot;](32)" classname="com.dtcc.automation.runners.CucumberTestRunner" time="0.219">
    <system-out><![CDATA[  Given I prepare a database validation named "reconciliation matched"                    # com.dtcc.automation.stepdefs.DtccAdditionalWebsiteCoverageSteps.iPrepareDatabaseValidationNamed(java.lang.String)
  When the SQL evidence references table or view "etl_reconciliation"                     # com.dtcc.automation.stepdefs.DtccAdditionalWebsiteCoverageSteps.sqlEvidenceReferencesTableOrView(java.lang.String)
  Then the BDD report should record database result "MATCHED"                             # com.dtcc.automation.stepdefs.DtccAdditionalWebsiteCoverageSteps.bddReportShouldRecordDatabaseResult(java.lang.String)
  Given I prepare a database validation named "order audit captured"                      # com.dtcc.automation.stepdefs.DtccAdditionalWebsiteCoverageSteps.iPrepareDatabaseValidationNamed(java.lang.String)
  When the SQL evidence references table or view "order_audit"                            # com.dtcc.automation.stepdefs.DtccAdditionalWebsiteCoverageSteps.sqlEvidenceReferencesTableOrView(java.lang.String)
  Then the BDD report should record database result "ACCEPTED_TO_PROCESSED"               # com.dtcc.automation.stepdefs.DtccAdditionalWebsiteCoverageSteps.bddReportShouldRecordDatabaseResult(java.lang.String)

Scenario Outline: Successful user login and complete checkout fulfillment workflow            # src/test/resources/features/trading-order-lifecycle/OrderE2E.feature:14
]]></system-out>
  </testcase>
  <testcase name="runScenario[&quot;Validate database and reporting evidence for public-safe framework data&quot;, &quot;DTCC public website extended area coverage&quot;](32)" classname="com.dtcc.automation.runners.CucumberTestRunner" time="0.007"/>
  <testcase name="runScenario[&quot;Validate representative public content page templates&quot;, &quot;DTCC public website page coverage&quot;](33)" classname="com.dtcc.automation.runners.CucumberTestRunner" time="2.725">
    <system-out><![CDATA[
Scenario Outline: Successful user login and complete checkout fulfillment workflow            # src/test/resources/features/trading-order-lifecycle/OrderE2E.feature:15

Scenario: Checkout cannot start before an item is selected                       # src/test/resources/features/trading-order-lifecycle/OrderE2E.feature:17
  Given I open the DTCC public page "https://www.dtcc.com/about"        # com.dtcc.automation.stepdefs.DtccPublicWebsiteSteps.iOpenTheDtccPublicPage(java.lang.String)
  Given I open the DTCC public page "https://www.dtcc.com/news"         # com.dtcc.automation.stepdefs.DtccPublicWebsiteSteps.iOpenTheDtccPublicPage(java.lang.String)
  Given User is on the login screen                                                           # com.dtcc.automation.stepdefs.OrderLifecycleSteps.userIsOnLoginScreen()
  Then the DTCC page should load successfully                           # com.dtcc.automation.stepdefs.DtccPublicWebsiteSteps.theDtccPageShouldLoadSuccessfully()
  Then the DTCC page should load successfully                           # com.dtcc.automation.stepdefs.DtccPublicWebsiteSteps.theDtccPageShouldLoadSuccessfully()
  Given User is on the login screen                                                           # com.dtcc.automation.stepdefs.OrderLifecycleSteps.userIsOnLoginScreen()
  And the page should contain a visible content area                    # com.dtcc.automation.stepdefs.DtccPublicWebsiteSteps.thePageShouldContainAVisibleContentArea()
  And the page should contain a visible content area                    # com.dtcc.automation.stepdefs.DtccPublicWebsiteSteps.thePageShouldContainAVisibleContentArea()
  Given User is on the login screen                                                           # com.dtcc.automation.stepdefs.OrderLifecycleSteps.userIsOnLoginScreen()
]]></system-out>
    <system-err><![CDATA[Jun 04, 2026 3:11:20 AM org.openqa.selenium.devtools.CdpVersionFinder findNearestMatch
WARNING: Unable to find CDP implementation matching 148
Jun 04, 2026 3:11:20 AM org.openqa.selenium.chromium.ChromiumDriver lambda$new$5
WARNING: Unable to find version of CDP to use for 148.0.7778.178. You may need to include a dependency on a specific version of the CDP using something similar to `org.seleniumhq.selenium:selenium-devtools-v86:4.21.0` where the version ("v86") matches the version of the chromium-based browser you're using and the version number of the artifact is the same as Selenium's.
Jun 04, 2026 3:11:20 AM org.openqa.selenium.devtools.CdpVersionFinder findNearestMatch
WARNING: Unable to find CDP implementation matching 148
Jun 04, 2026 3:11:20 AM org.openqa.selenium.chromium.ChromiumDriver lambda$new$5
WARNING: Unable to find version of CDP to use for 148.0.7778.178. You may need to include a dependency on a specific version of the CDP using something similar to `org.seleniumhq.selenium:selenium-devtools-v86:4.21.0` where the version ("v86") matches the version of the chromium-based browser you're using and the version number of the artifact is the same as Selenium's.
Jun 04, 2026 3:11:21 AM org.openqa.selenium.devtools.CdpVersionFinder findNearestMatch
WARNING: Unable to find CDP implementation matching 148
Jun 04, 2026 3:11:21 AM org.openqa.selenium.chromium.ChromiumDriver lambda$new$5
WARNING: Unable to find version of CDP to use for 148.0.7778.178. You may need to include a dependency on a specific version of the CDP using something similar to `org.seleniumhq.selenium:selenium-devtools-v86:4.21.0` where the version ("v86") matches the version of the chromium-based browser you're using and the version number of the artifact is the same as Selenium's.
Jun 04, 2026 3:11:21 AM org.openqa.selenium.devtools.CdpVersionFinder findNearestMatch
WARNING: Unable to find CDP implementation matching 148
Jun 04, 2026 3:11:21 AM org.openqa.selenium.chromium.ChromiumDriver lambda$new$5
WARNING: Unable to find version of CDP to use for 148.0.7778.178. You may need to include a dependency on a specific version of the CDP using something similar to `org.seleniumhq.selenium:selenium-devtools-v86:4.21.0` where the version ("v86") matches the version of the chromium-based browser you're using and the version number of the artifact is the same as Selenium's.
Jun 04, 2026 3:11:21 AM org.openqa.selenium.devtools.CdpVersionFinder findNearestMatch
WARNING: Unable to find CDP implementation matching 148
Jun 04, 2026 3:11:21 AM org.openqa.selenium.chromium.ChromiumDriver lambda$new$5
WARNING: Unable to find version of CDP to use for 148.0.7778.178. You may need to include a dependency on a specific version of the CDP using something similar to `org.seleniumhq.selenium:selenium-devtools-v86:4.21.0` where the version ("v86") matches the version of the chromium-based browser you're using and the version number of the artifact is the same as Selenium's.
Jun 04, 2026 3:11:21 AM org.openqa.selenium.devtools.CdpVersionFinder findNearestMatch
WARNING: Unable to find CDP implementation matching 148
Jun 04, 2026 3:11:21 AM org.openqa.selenium.chromium.ChromiumDriver lambda$new$5
WARNING: Unable to find version of CDP to use for 148.0.7778.178. You may need to include a dependency on a specific version of the CDP using something similar to `org.seleniumhq.selenium:selenium-devtools-v86:4.21.0` where the version ("v86") matches the version of the chromium-based browser you're using and the version number of the artifact is the same as Selenium's.
Jun 04, 2026 3:11:21 AM org.openqa.selenium.devtools.CdpVersionFinder findNearestMatch
WARNING: Unable to find CDP implementation matching 148
Jun 04, 2026 3:11:21 AM org.openqa.selenium.chromium.ChromiumDriver lambda$new$5
WARNING: Unable to find version of CDP to use for 148.0.7778.178. You may need to include a dependency on a specific version of the CDP using something similar to `org.seleniumhq.selenium:selenium-devtools-v86:4.21.0` where the version ("v86") matches the version of the chromium-based browser you're using and the version number of the artifact is the same as Selenium's.
Jun 04, 2026 3:11:22 AM org.openqa.selenium.devtools.CdpVersionFinder findNearestMatch
WARNING: Unable to find CDP implementation matching 148
Jun 04, 2026 3:11:22 AM org.openqa.selenium.chromium.ChromiumDriver lambda$new$5
WARNING: Unable to find version of CDP to use for 148.0.7778.178. You may need to include a dependency on a specific version of the CDP using something similar to `org.seleniumhq.selenium:selenium-devtools-v86:4.21.0` where the version ("v86") matches the version of the chromium-based browser you're using and the version number of the artifact is the same as Selenium's.
Jun 04, 2026 3:11:22 AM org.openqa.selenium.devtools.CdpVersionFinder findNearestMatch
WARNING: Unable to find CDP implementation matching 148
Jun 04, 2026 3:11:22 AM org.openqa.selenium.chromium.ChromiumDriver lambda$new$5
WARNING: Unable to find version of CDP to use for 148.0.7778.178. You may need to include a dependency on a specific version of the CDP using something similar to `org.seleniumhq.selenium:selenium-devtools-v86:4.21.0` where the version ("v86") matches the version of the chromium-based browser you're using and the version number of the artifact is the same as Selenium's.
]]></system-err>
  </testcase>
  <testcase name="runScenario[&quot;Validate representative public content page templates&quot;, &quot;DTCC public website page coverage&quot;](34)" classname="com.dtcc.automation.runners.CucumberTestRunner" time="0.011">
    <system-out><![CDATA[
Scenario: Cart selection makes checkout available                                             # src/test/resources/features/trading-order-lifecycle/OrderE2E.feature:23
]]></system-out>
  </testcase>
  <testcase name="runScenario[&quot;Validate representative public content page templates&quot;, &quot;DTCC public website page coverage&quot;](35)" classname="com.dtcc.automation.runners.CucumberTestRunner" time="0.411">
    <system-out><![CDATA[  Given I open the DTCC public page "https://www.dtcc.com/client-center" # com.dtcc.automation.stepdefs.DtccPublicWebsiteSteps.iOpenTheDtccPublicPage(java.lang.String)
  Given User is on the login screen                                              # com.dtcc.automation.stepdefs.OrderLifecycleSteps.userIsOnLoginScreen()
  Given I open the DTCC public page "https://www.dtcc.com/legal"        # com.dtcc.automation.stepdefs.DtccPublicWebsiteSteps.iOpenTheDtccPublicPage(java.lang.String)
  Given I open the DTCC public page "https://www.dtcc.com/products"     # com.dtcc.automation.stepdefs.DtccPublicWebsiteSteps.iOpenTheDtccPublicPage(java.lang.String)
  Then the DTCC page should load successfully                            # com.dtcc.automation.stepdefs.DtccPublicWebsiteSteps.theDtccPageShouldLoadSuccessfully()
  Then the DTCC page should load successfully                           # com.dtcc.automation.stepdefs.DtccPublicWebsiteSteps.theDtccPageShouldLoadSuccessfully()
  And the page should contain a visible content area                     # com.dtcc.automation.stepdefs.DtccPublicWebsiteSteps.thePageShouldContainAVisibleContentArea()
  Given I open the DTCC public home page                          # com.dtcc.automation.stepdefs.DtccPublicWebsiteSteps.iOpenTheDtccPublicHomePage()
  Then the DTCC page should load successfully                           # com.dtcc.automation.stepdefs.DtccPublicWebsiteSteps.theDtccPageShouldLoadSuccessfully()
]]></system-out>
  </testcase>
  <testcase name="runScenario[&quot;Validate representative public content page templates&quot;, &quot;DTCC public website page coverage&quot;](36)" classname="com.dtcc.automation.runners.CucumberTestRunner" time="0.574">
    <system-out><![CDATA[  And the page should contain a visible content area                    # com.dtcc.automation.stepdefs.DtccPublicWebsiteSteps.thePageShouldContainAVisibleContentArea()
  And the page should contain a visible content area                    # com.dtcc.automation.stepdefs.DtccPublicWebsiteSteps.thePageShouldContainAVisibleContentArea()
]]></system-out>
  </testcase>
  <testcase name="runScenario[&quot;Validate representative public content page templates&quot;, &quot;DTCC public website page coverage&quot;](37)" classname="com.dtcc.automation.runners.CucumberTestRunner" time="0.581"/>
  <testcase name="runScenario[&quot;Checkout cannot start before an item is selected&quot;, &quot;End to End Order Lifecycle Validation&quot;](38)" classname="com.dtcc.automation.runners.CucumberTestRunner" time="1.692">
    <system-out><![CDATA[  Then the DTCC page should load successfully                     # com.dtcc.automation.stepdefs.DtccPublicWebsiteSteps.theDtccPageShouldLoadSuccessfully()
  When User authenticates with valid credentials "sdet_user" and "SecureP@ss1"                # com.dtcc.automation.stepdefs.OrderLifecycleSteps.userAuthenticatesPlain(java.lang.String,java.lang.String)
  When User authenticates with valid credentials "sdet_dtcc_user" and "SecureP@ss1"           # com.dtcc.automation.stepdefs.OrderLifecycleSteps.userAuthenticatesPlain(java.lang.String,java.lang.String)
  When User authenticates with valid credentials "demo_user" and "demo_password"              # com.dtcc.automation.stepdefs.OrderLifecycleSteps.userAuthenticatesPlain(java.lang.String,java.lang.String)
  And User adds a specific item "HighVolumeEquity_X1" from the catalogue to the shopping cart # com.dtcc.automation.stepdefs.OrderLifecycleSteps.userAddsItem(java.lang.String)
  Given User is on the login screen                                                           # com.dtcc.automation.stepdefs.OrderLifecycleSteps.userIsOnLoginScreen()
  And User adds a specific item "HighVolumeEquity_X1" from the catalogue to the shopping cart # com.dtcc.automation.stepdefs.OrderLifecycleSteps.userAddsItem(java.lang.String)
  And User adds a specific item "HighVolumeEquity_X1" from the catalogue to the shopping cart # com.dtcc.automation.stepdefs.OrderLifecycleSteps.userAddsItem(java.lang.String)
  When User authenticates with valid credentials "demo_user" and "demo_password" # com.dtcc.automation.stepdefs.OrderLifecycleSteps.userAuthenticatesPlain(java.lang.String,java.lang.String)
  And User converts the cart contents into a finalized order                                  # com.dtcc.automation.stepdefs.OrderLifecycleSteps.userConvertsCart()
  And User opens the cart before selecting an item                               # com.dtcc.automation.stepdefs.OrderLifecycleSteps.userOpensCartBeforeSelectingItem()
  Then The checkout action should remain unavailable                             # com.dtcc.automation.stepdefs.OrderLifecycleSteps.checkoutActionShouldRemainUnavailable()
  And User submits a valid payment processing profile                                         # com.dtcc.automation.stepdefs.OrderLifecycleSteps.userSubmitsPayment()
]]></system-out>
    <system-err><![CDATA[Jun 04, 2026 3:11:23 AM org.openqa.selenium.devtools.CdpVersionFinder findNearestMatch
WARNING: Unable to find CDP implementation matching 148
Jun 04, 2026 3:11:23 AM org.openqa.selenium.chromium.ChromiumDriver lambda$new$5
WARNING: Unable to find version of CDP to use for 148.0.7778.178. You may need to include a dependency on a specific version of the CDP using something similar to `org.seleniumhq.selenium:selenium-devtools-v86:4.21.0` where the version ("v86") matches the version of the chromium-based browser you're using and the version number of the artifact is the same as Selenium's.
]]></system-err>
  </testcase>
  <testcase name="runScenario[&quot;Successful user login and complete checkout fulfillment workflow&quot;, &quot;End to End Order Lifecycle Validation&quot;](39)" classname="com.dtcc.automation.runners.CucumberTestRunner" time="1.893">
    <system-out><![CDATA[  And User converts the cart contents into a finalized order                                  # com.dtcc.automation.stepdefs.OrderLifecycleSteps.userConvertsCart()
  And User converts the cart contents into a finalized order                                  # com.dtcc.automation.stepdefs.OrderLifecycleSteps.userConvertsCart()
  Then The order confirmation payload should display a successful transition status           # com.dtcc.automation.stepdefs.OrderLifecycleSteps.orderConfirmationShouldBeSuccessful()
]]></system-out>
  </testcase>
  <testcase name="runScenario[&quot;Successful user login and complete checkout fulfillment workflow&quot;, &quot;End to End Order Lifecycle Validation&quot;](40)" classname="com.dtcc.automation.runners.CucumberTestRunner" time="2.097">
    <system-out><![CDATA[  And User submits a valid payment processing profile                                         # com.dtcc.automation.stepdefs.OrderLifecycleSteps.userSubmitsPayment()
  When User authenticates with valid credentials "demo_user" and "demo_password"              # com.dtcc.automation.stepdefs.OrderLifecycleSteps.userAuthenticatesPlain(java.lang.String,java.lang.String)
  And User submits a valid payment processing profile                                         # com.dtcc.automation.stepdefs.OrderLifecycleSteps.userSubmitsPayment()
  Then The order confirmation payload should display a successful transition status           # com.dtcc.automation.stepdefs.OrderLifecycleSteps.orderConfirmationShouldBeSuccessful()
  Then The order confirmation payload should display a successful transition status           # com.dtcc.automation.stepdefs.OrderLifecycleSteps.orderConfirmationShouldBeSuccessful()
  And User adds a specific item "HighVolumeEquity_X1" from the catalogue to the shopping cart # com.dtcc.automation.stepdefs.OrderLifecycleSteps.userAddsItem(java.lang.String)
]]></system-out>
  </testcase>
  <testcase name="runScenario[&quot;Successful user login and complete checkout fulfillment workflow&quot;, &quot;End to End Order Lifecycle Validation&quot;](41)" classname="com.dtcc.automation.runners.CucumberTestRunner" time="2.109"/>
  <testcase name="runScenario[&quot;Cart selection makes checkout available&quot;, &quot;End to End Order Lifecycle Validation&quot;](42)" classname="com.dtcc.automation.runners.CucumberTestRunner" time="2.243">
    <system-out><![CDATA[  And User opens the cart before selecting an item                                            # com.dtcc.automation.stepdefs.OrderLifecycleSteps.userOpensCartBeforeSelectingItem()
  Then The checkout action should become available                                            # com.dtcc.automation.stepdefs.OrderLifecycleSteps.checkoutActionShouldBecomeAvailable()
]]></system-out>
  </testcase>
  <testcase name="runScenario[&quot;Validate the DTCC home page loads with basic navigation&quot;, &quot;DTCC public website page coverage&quot;](43)" classname="com.dtcc.automation.runners.CucumberTestRunner" time="4.297">
    <system-out><![CDATA[  And the page should show public site navigation                 # com.dtcc.automation.stepdefs.DtccPublicWebsiteSteps.thePageShouldShowPublicSiteNavigation()
]]></system-out>
  </testcase>
</testsuite>