<?xml version="1.0" encoding="UTF-8"?>
<testng-results ignored="0" total="43" passed="43" failed="0" skipped="0">
  <reporter-output>
  </reporter-output>
  <suite started-at="2026-06-04T03:00:43 UTC" name="DTCC Core UI Automation Suite" finished-at="2026-06-04T03:01:02 UTC" duration-ms="18512">
    <groups>
      <group name="cucumber">
        <method signature="AbstractTestNGCucumberTests.runScenario(io.cucumber.testng.PickleWrapper,io.cucumber.testng.FeatureWrapper)[pri:0, instance:com.dtcc.automation.runners.CucumberTestRunner@34bde49d]" name="runScenario" class="io.cucumber.testng.AbstractTestNGCucumberTests"/>
      </group> <!-- cucumber -->
    </groups>
    <test started-at="2026-06-04T03:00:43 UTC" name="Cucumber UI E2E Workflows" finished-at="2026-06-04T03:01:02 UTC" duration-ms="18512">
      <class name="com.dtcc.automation.runners.CucumberTestRunner">
        <test-method is-config="true" signature="setUpClass(org.testng.ITestContext)[pri:0, instance:com.dtcc.automation.runners.CucumberTestRunner@34bde49d]" started-at="2026-06-04T03:00:43 UTC" name="setUpClass" finished-at="2026-06-04T03:00:44 UTC" duration-ms="415" status="PASS">
          <params>
            <param index="0">
              <value>
                <![CDATA[org.testng.TestRunner@19976a65]]>
              </value>
            </param>
          </params>
          <reporter-output>
          </reporter-output>
        </test-method> <!-- setUpClass -->
        <test-method signature="runScenario(io.cucumber.testng.PickleWrapper,io.cucumber.testng.FeatureWrapper)[pri:0, instance:com.dtcc.automation.runners.CucumberTestRunner@34bde49d]" started-at="2026-06-04T03:00:44 UTC" name="runScenario" description="Runs Cucumber Scenarios" data-provider="scenarios" finished-at="2026-06-04T03:00:49 UTC" duration-ms="5423" status="PASS">
          <params>
            <param index="0">
              <value>
                <![CDATA["Login screen accepts valid public-safe test credentials"]]>
              </value>
            </param>
            <param index="1">
              <value>
                <![CDATA["Account authentication validation"]]>
              </value>
            </param>
          </params>
          <reporter-output>
          </reporter-output>
        </test-method> <!-- runScenario -->
        <test-method signature="runScenario(io.cucumber.testng.PickleWrapper,io.cucumber.testng.FeatureWrapper)[pri:0, instance:com.dtcc.automation.runners.CucumberTestRunner@34bde49d]" started-at="2026-06-04T03:00:44 UTC" name="runScenario" description="Runs Cucumber Scenarios" data-provider="scenarios" finished-at="2026-06-04T03:00:48 UTC" duration-ms="4358" status="PASS">
          <params>
            <param index="0">
              <value>
                <![CDATA["Login screen accepts valid public-safe test credentials"]]>
              </value>
            </param>
            <param index="1">
              <value>
                <![CDATA["Account authentication validation"]]>
              </value>
            </param>
          </params>
          <reporter-output>
          </reporter-output>
        </test-method> <!-- runScenario -->
        <test-method signature="runScenario(io.cucumber.testng.PickleWrapper,io.cucumber.testng.FeatureWrapper)[pri:0, instance:com.dtcc.automation.runners.CucumberTestRunner@34bde49d]" started-at="2026-06-04T03:00:44 UTC" name="runScenario" description="Runs Cucumber Scenarios" data-provider="scenarios" finished-at="2026-06-04T03:00:49 UTC" duration-ms="5830" status="PASS">
          <params>
            <param index="0">
              <value>
                <![CDATA["Login screen rejects invalid or unsafe credentials"]]>
              </value>
            </param>
            <param index="1">
              <value>
                <![CDATA["Account authentication validation"]]>
              </value>
            </param>
          </params>
          <reporter-output>
          </reporter-output>
        </test-method> <!-- runScenario -->
        <test-method signature="runScenario(io.cucumber.testng.PickleWrapper,io.cucumber.testng.FeatureWrapper)[pri:0, instance:com.dtcc.automation.runners.CucumberTestRunner@34bde49d]" started-at="2026-06-04T03:00:44 UTC" name="runScenario" description="Runs Cucumber Scenarios" data-provider="scenarios" finished-at="2026-06-04T03:00:48 UTC" duration-ms="4794" status="PASS">
          <params>
            <param index="0">
              <value>
                <![CDATA["Login screen accepts valid public-safe test credentials"]]>
              </value>
            </param>
            <param index="1">
              <value>
                <![CDATA["Account authentication validation"]]>
              </value>
            </param>
          </params>
          <reporter-output>
          </reporter-output>
        </test-method> <!-- runScenario -->
        <test-method signature="runScenario(io.cucumber.testng.PickleWrapper,io.cucumber.testng.FeatureWrapper)[pri:0, instance:com.dtcc.automation.runners.CucumberTestRunner@34bde49d]" started-at="2026-06-04T03:00:44 UTC" name="runScenario" description="Runs Cucumber Scenarios" data-provider="scenarios" finished-at="2026-06-04T03:00:49 UTC" duration-ms="4985" status="PASS">
          <params>
            <param index="0">
              <value>
                <![CDATA["Login screen rejects invalid or unsafe credentials"]]>
              </value>
            </param>
            <param index="1">
              <value>
                <![CDATA["Account authentication validation"]]>
              </value>
            </param>
          </params>
          <reporter-output>
          </reporter-output>
        </test-method> <!-- runScenario -->
        <test-method signature="runScenario(io.cucumber.testng.PickleWrapper,io.cucumber.testng.FeatureWrapper)[pri:0, instance:com.dtcc.automation.runners.CucumberTestRunner@34bde49d]" started-at="2026-06-04T03:00:44 UTC" name="runScenario" description="Runs Cucumber Scenarios" data-provider="scenarios" finished-at="2026-06-04T03:00:48 UTC" duration-ms="4513" status="PASS">
          <params>
            <param index="0">
              <value>
                <![CDATA["Login screen rejects invalid or unsafe credentials"]]>
              </value>
            </param>
            <param index="1">
              <value>
                <![CDATA["Account authentication validation"]]>
              </value>
            </param>
          </params>
          <reporter-output>
          </reporter-output>
        </test-method> <!-- runScenario -->
        <test-method signature="runScenario(io.cucumber.testng.PickleWrapper,io.cucumber.testng.FeatureWrapper)[pri:0, instance:com.dtcc.automation.runners.CucumberTestRunner@34bde49d]" started-at="2026-06-04T03:00:44 UTC" name="runScenario" description="Runs Cucumber Scenarios" data-provider="scenarios" finished-at="2026-06-04T03:00:47 UTC" duration-ms="3305" status="PASS">
          <params>
            <param index="0">
              <value>
                <![CDATA["Validate primary DTCC website area coverage scope"]]>
              </value>
            </param>
            <param index="1">
              <value>
                <![CDATA["DTCC public website extended area coverage"]]>
              </value>
            </param>
          </params>
          <reporter-output>
          </reporter-output>
        </test-method> <!-- runScenario -->
        <test-method signature="runScenario(io.cucumber.testng.PickleWrapper,io.cucumber.testng.FeatureWrapper)[pri:0, instance:com.dtcc.automation.runners.CucumberTestRunner@34bde49d]" started-at="2026-06-04T03:00:44 UTC" name="runScenario" description="Runs Cucumber Scenarios" data-provider="scenarios" finished-at="2026-06-04T03:00:49 UTC" duration-ms="5340" status="PASS">
          <params>
            <param index="0">
              <value>
                <![CDATA["Login screen rejects invalid or unsafe credentials"]]>
              </value>
            </param>
            <param index="1">
              <value>
                <![CDATA["Account authentication validation"]]>
              </value>
            </param>
          </params>
          <reporter-output>
          </reporter-output>
        </test-method> <!-- runScenario -->
        <test-method signature="runScenario(io.cucumber.testng.PickleWrapper,io.cucumber.testng.FeatureWrapper)[pri:0, instance:com.dtcc.automation.runners.CucumberTestRunner@34bde49d]" started-at="2026-06-04T03:00:44 UTC" name="runScenario" description="Runs Cucumber Scenarios" data-provider="scenarios" finished-at="2026-06-04T03:00:47 UTC" duration-ms="3182" status="PASS">
          <params>
            <param index="0">
              <value>
                <![CDATA["Validate primary DTCC website area coverage scope"]]>
              </value>
            </param>
            <param index="1">
              <value>
                <![CDATA["DTCC public website extended area coverage"]]>
              </value>
            </param>
          </params>
          <reporter-output>
          </reporter-output>
        </test-method> <!-- runScenario -->
        <test-method signature="runScenario(io.cucumber.testng.PickleWrapper,io.cucumber.testng.FeatureWrapper)[pri:0, instance:com.dtcc.automation.runners.CucumberTestRunner@34bde49d]" started-at="2026-06-04T03:00:44 UTC" name="runScenario" description="Runs Cucumber Scenarios" data-provider="scenarios" finished-at="2026-06-04T03:00:47 UTC" duration-ms="3222" status="PASS">
          <params>
            <param index="0">
              <value>
                <![CDATA["Validate primary DTCC website area coverage scope"]]>
              </value>
            </param>
            <param index="1">
              <value>
                <![CDATA["DTCC public website extended area coverage"]]>
              </value>
            </param>
          </params>
          <reporter-output>
          </reporter-output>
        </test-method> <!-- runScenario -->
        <test-method signature="runScenario(io.cucumber.testng.PickleWrapper,io.cucumber.testng.FeatureWrapper)[pri:0, instance:com.dtcc.automation.runners.CucumberTestRunner@34bde49d]" started-at="2026-06-04T03:00:47 UTC" name="runScenario" description="Runs Cucumber Scenarios" data-provider="scenarios" finished-at="2026-06-04T03:00:49 UTC" duration-ms="1836" status="PASS">
          <params>
            <param index="0">
              <value>
                <![CDATA["Validate primary DTCC website area coverage scope"]]>
              </value>
            </param>
            <param index="1">
              <value>
                <![CDATA["DTCC public website extended area coverage"]]>
              </value>
            </param>
          </params>
          <reporter-output>
          </reporter-output>
        </test-method> <!-- runScenario -->
        <test-method signature="runScenario(io.cucumber.testng.PickleWrapper,io.cucumber.testng.FeatureWrapper)[pri:0, instance:com.dtcc.automation.runners.CucumberTestRunner@34bde49d]" started-at="2026-06-04T03:00:47 UTC" name="runScenario" description="Runs Cucumber Scenarios" data-provider="scenarios" finished-at="2026-06-04T03:00:49 UTC" duration-ms="2413" status="PASS">
          <params>
            <param index="0">
              <value>
                <![CDATA["Validate primary DTCC website area coverage scope"]]>
              </value>
            </param>
            <param index="1">
              <value>
                <![CDATA["DTCC public website extended area coverage"]]>
              </value>
            </param>
          </params>
          <reporter-output>
          </reporter-output>
        </test-method> <!-- runScenario -->
        <test-method signature="runScenario(io.cucumber.testng.PickleWrapper,io.cucumber.testng.FeatureWrapper)[pri:0, instance:com.dtcc.automation.runners.CucumberTestRunner@34bde49d]" started-at="2026-06-04T03:00:47 UTC" name="runScenario" description="Runs Cucumber Scenarios" data-provider="scenarios" finished-at="2026-06-04T03:00:49 UTC" duration-ms="2431" status="PASS">
          <params>
            <param index="0">
              <value>
                <![CDATA["Validate primary DTCC website area coverage scope"]]>
              </value>
            </param>
            <param index="1">
              <value>
                <![CDATA["DTCC public website extended area coverage"]]>
              </value>
            </param>
          </params>
          <reporter-output>
          </reporter-output>
        </test-method> <!-- runScenario -->
        <test-method signature="runScenario(io.cucumber.testng.PickleWrapper,io.cucumber.testng.FeatureWrapper)[pri:0, instance:com.dtcc.automation.runners.CucumberTestRunner@34bde49d]" started-at="2026-06-04T03:00:48 UTC" name="runScenario" description="Runs Cucumber Scenarios" data-provider="scenarios" finished-at="2026-06-04T03:00:50 UTC" duration-ms="2315" status="PASS">
          <params>
            <param index="0">
              <value>
                <![CDATA["Validate primary DTCC website area coverage scope"]]>
              </value>
            </param>
            <param index="1">
              <value>
                <![CDATA["DTCC public website extended area coverage"]]>
              </value>
            </param>
          </params>
          <reporter-output>
          </reporter-output>
        </test-method> <!-- runScenario -->
        <test-method signature="runScenario(io.cucumber.testng.PickleWrapper,io.cucumber.testng.FeatureWrapper)[pri:0, instance:com.dtcc.automation.runners.CucumberTestRunner@34bde49d]" started-at="2026-06-04T03:00:48 UTC" name="runScenario" description="Runs Cucumber Scenarios" data-provider="scenarios" finished-at="2026-06-04T03:00:51 UTC" duration-ms="2719" status="PASS">
          <params>
            <param index="0">
              <value>
                <![CDATA["Validate primary DTCC website area coverage scope"]]>
              </value>
            </param>
            <param index="1">
              <value>
                <![CDATA["DTCC public website extended area coverage"]]>
              </value>
            </param>
          </params>
          <reporter-output>
          </reporter-output>
        </test-method> <!-- runScenario -->
        <test-method signature="runScenario(io.cucumber.testng.PickleWrapper,io.cucumber.testng.FeatureWrapper)[pri:0, instance:com.dtcc.automation.runners.CucumberTestRunner@34bde49d]" started-at="2026-06-04T03:00:48 UTC" name="runScenario" description="Runs Cucumber Scenarios" data-provider="scenarios" finished-at="2026-06-04T03:00:51 UTC" duration-ms="2648" status="PASS">
          <params>
            <param index="0">
              <value>
                <![CDATA["Validate primary DTCC website area coverage scope"]]>
              </value>
            </param>
            <param index="1">
              <value>
                <![CDATA["DTCC public website extended area coverage"]]>
              </value>
            </param>
          </params>
          <reporter-output>
          </reporter-output>
        </test-method> <!-- runScenario -->
        <test-method signature="runScenario(io.cucumber.testng.PickleWrapper,io.cucumber.testng.FeatureWrapper)[pri:0, instance:com.dtcc.automation.runners.CucumberTestRunner@34bde49d]" started-at="2026-06-04T03:00:49 UTC" name="runScenario" description="Runs Cucumber Scenarios" data-provider="scenarios" finished-at="2026-06-04T03:00:52 UTC" duration-ms="2884" status="PASS">
          <params>
            <param index="0">
              <value>
                <![CDATA["Validate primary DTCC website area coverage scope"]]>
              </value>
            </param>
            <param index="1">
              <value>
                <![CDATA["DTCC public website extended area coverage"]]>
              </value>
            </param>
          </params>
          <reporter-output>
          </reporter-output>
        </test-method> <!-- runScenario -->
        <test-method signature="runScenario(io.cucumber.testng.PickleWrapper,io.cucumber.testng.FeatureWrapper)[pri:0, instance:com.dtcc.automation.runners.CucumberTestRunner@34bde49d]" started-at="2026-06-04T03:00:49 UTC" name="runScenario" description="Runs Cucumber Scenarios" data-provider="scenarios" finished-at="2026-06-04T03:00:51 UTC" duration-ms="2438" status="PASS">
          <params>
            <param index="0">
              <value>
                <![CDATA["Validate public-safe backend/API behavior for report evidence"]]>
              </value>
            </param>
            <param index="1">
              <value>
                <![CDATA["DTCC public website extended area coverage"]]>
              </value>
            </param>
          </params>
          <reporter-output>
          </reporter-output>
        </test-method> <!-- runScenario -->
        <test-method signature="runScenario(io.cucumber.testng.PickleWrapper,io.cucumber.testng.FeatureWrapper)[pri:0, instance:com.dtcc.automation.runners.CucumberTestRunner@34bde49d]" started-at="2026-06-04T03:00:49 UTC" name="runScenario" description="Runs Cucumber Scenarios" data-provider="scenarios" finished-at="2026-06-04T03:00:52 UTC" duration-ms="3010" status="PASS">
          <params>
            <param index="0">
              <value>
                <![CDATA["Validate public-safe backend/API behavior for report evidence"]]>
              </value>
            </param>
            <param index="1">
              <value>
                <![CDATA["DTCC public website extended area coverage"]]>
              </value>
            </param>
          </params>
          <reporter-output>
          </reporter-output>
        </test-method> <!-- runScenario -->
        <test-method signature="runScenario(io.cucumber.testng.PickleWrapper,io.cucumber.testng.FeatureWrapper)[pri:0, instance:com.dtcc.automation.runners.CucumberTestRunner@34bde49d]" started-at="2026-06-04T03:00:49 UTC" name="runScenario" description="Runs Cucumber Scenarios" data-provider="scenarios" finished-at="2026-06-04T03:00:52 UTC" duration-ms="3052" status="PASS">
          <params>
            <param index="0">
              <value>
                <![CDATA["Validate public-safe backend/API behavior for report evidence"]]>
              </value>
            </param>
            <param index="1">
              <value>
                <![CDATA["DTCC public website extended area coverage"]]>
              </value>
            </param>
          </params>
          <reporter-output>
          </reporter-output>
        </test-method> <!-- runScenario -->
        <test-method signature="runScenario(io.cucumber.testng.PickleWrapper,io.cucumber.testng.FeatureWrapper)[pri:0, instance:com.dtcc.automation.runners.CucumberTestRunner@34bde49d]" started-at="2026-06-04T03:00:49 UTC" name="runScenario" description="Runs Cucumber Scenarios" data-provider="scenarios" finished-at="2026-06-04T03:00:52 UTC" duration-ms="2795" status="PASS">
          <params>
            <param index="0">
              <value>
                <![CDATA["Validate public-safe backend/API behavior for report evidence"]]>
              </value>
            </param>
            <param index="1">
              <value>
                <![CDATA["DTCC public website extended area coverage"]]>
              </value>
            </param>
          </params>
          <reporter-output>
          </reporter-output>
        </test-method> <!-- runScenario -->
        <test-method signature="runScenario(io.cucumber.testng.PickleWrapper,io.cucumber.testng.FeatureWrapper)[pri:0, instance:com.dtcc.automation.runners.CucumberTestRunner@34bde49d]" started-at="2026-06-04T03:00:49 UTC" name="runScenario" description="Runs Cucumber Scenarios" data-provider="scenarios" finished-at="2026-06-04T03:00:52 UTC" duration-ms="2818" status="PASS">
          <params>
            <param index="0">
              <value>
                <![CDATA["Validate public-safe backend/API behavior for report evidence"]]>
              </value>
            </param>
            <param index="1">
              <value>
                <![CDATA["DTCC public website extended area coverage"]]>
              </value>
            </param>
          </params>
          <reporter-output>
          </reporter-output>
        </test-method> <!-- runScenario -->
        <test-method signature="runScenario(io.cucumber.testng.PickleWrapper,io.cucumber.testng.FeatureWrapper)[pri:0, instance:com.dtcc.automation.runners.CucumberTestRunner@34bde49d]" started-at="2026-06-04T03:00:49 UTC" name="runScenario" description="Runs Cucumber Scenarios" data-provider="scenarios" finished-at="2026-06-04T03:00:52 UTC" duration-ms="2598" status="PASS">
          <params>
            <param index="0">
              <value>
                <![CDATA["Validate public-safe backend/API behavior for report evidence"]]>
              </value>
            </param>
            <param index="1">
              <value>
                <![CDATA["DTCC public website extended area coverage"]]>
              </value>
            </param>
          </params>
          <reporter-output>
          </reporter-output>
        </test-method> <!-- runScenario -->
        <test-method signature="runScenario(io.cucumber.testng.PickleWrapper,io.cucumber.testng.FeatureWrapper)[pri:0, instance:com.dtcc.automation.runners.CucumberTestRunner@34bde49d]" started-at="2026-06-04T03:00:50 UTC" name="runScenario" description="Runs Cucumber Scenarios" data-provider="scenarios" finished-at="2026-06-04T03:00:53 UTC" duration-ms="2737" status="PASS">
          <params>
            <param index="0">
              <value>
                <![CDATA["Validate public-safe backend/API behavior for report evidence"]]>
              </value>
            </param>
            <param index="1">
              <value>
                <![CDATA["DTCC public website extended area coverage"]]>
              </value>
            </param>
          </params>
          <reporter-output>
          </reporter-output>
        </test-method> <!-- runScenario -->
        <test-method signature="runScenario(io.cucumber.testng.PickleWrapper,io.cucumber.testng.FeatureWrapper)[pri:0, instance:com.dtcc.automation.runners.CucumberTestRunner@34bde49d]" started-at="2026-06-04T03:00:51 UTC" name="runScenario" description="Runs Cucumber Scenarios" data-provider="scenarios" finished-at="2026-06-04T03:00:53 UTC" duration-ms="2197" status="PASS">
          <params>
            <param index="0">
              <value>
                <![CDATA["Validate public-safe backend/API behavior for report evidence"]]>
              </value>
            </param>
            <param index="1">
              <value>
                <![CDATA["DTCC public website extended area coverage"]]>
              </value>
            </param>
          </params>
          <reporter-output>
          </reporter-output>
        </test-method> <!-- runScenario -->
        <test-method signature="runScenario(io.cucumber.testng.PickleWrapper,io.cucumber.testng.FeatureWrapper)[pri:0, instance:com.dtcc.automation.runners.CucumberTestRunner@34bde49d]" started-at="2026-06-04T03:00:51 UTC" name="runScenario" description="Runs Cucumber Scenarios" data-provider="scenarios" finished-at="2026-06-04T03:00:54 UTC" duration-ms="2647" status="PASS">
          <params>
            <param index="0">
              <value>
                <![CDATA["Validate database and reporting evidence for public-safe framework data"]]>
              </value>
            </param>
            <param index="1">
              <value>
                <![CDATA["DTCC public website extended area coverage"]]>
              </value>
            </param>
          </params>
          <reporter-output>
          </reporter-output>
        </test-method> <!-- runScenario -->
        <test-method signature="runScenario(io.cucumber.testng.PickleWrapper,io.cucumber.testng.FeatureWrapper)[pri:0, instance:com.dtcc.automation.runners.CucumberTestRunner@34bde49d]" started-at="2026-06-04T03:00:51 UTC" name="runScenario" description="Runs Cucumber Scenarios" data-provider="scenarios" finished-at="2026-06-04T03:00:55 UTC" duration-ms="3365" status="PASS">
          <params>
            <param index="0">
              <value>
                <![CDATA["Validate database and reporting evidence for public-safe framework data"]]>
              </value>
            </param>
            <param index="1">
              <value>
                <![CDATA["DTCC public website extended area coverage"]]>
              </value>
            </param>
          </params>
          <reporter-output>
          </reporter-output>
        </test-method> <!-- runScenario -->
        <test-method signature="runScenario(io.cucumber.testng.PickleWrapper,io.cucumber.testng.FeatureWrapper)[pri:0, instance:com.dtcc.automation.runners.CucumberTestRunner@34bde49d]" started-at="2026-06-04T03:00:52 UTC" name="runScenario" description="Runs Cucumber Scenarios" data-provider="scenarios" finished-at="2026-06-04T03:00:54 UTC" duration-ms="2810" status="PASS">
          <params>
            <param index="0">
              <value>
                <![CDATA["Validate database and reporting evidence for public-safe framework data"]]>
              </value>
            </param>
            <param index="1">
              <value>
                <![CDATA["DTCC public website extended area coverage"]]>
              </value>
            </param>
          </params>
          <reporter-output>
          </reporter-output>
        </test-method> <!-- runScenario -->
        <test-method signature="runScenario(io.cucumber.testng.PickleWrapper,io.cucumber.testng.FeatureWrapper)[pri:0, instance:com.dtcc.automation.runners.CucumberTestRunner@34bde49d]" started-at="2026-06-04T03:00:52 UTC" name="runScenario" description="Runs Cucumber Scenarios" data-provider="scenarios" finished-at="2026-06-04T03:00:55 UTC" duration-ms="2794" status="PASS">
          <params>
            <param index="0">
              <value>
                <![CDATA["Validate database and reporting evidence for public-safe framework data"]]>
              </value>
            </param>
            <param index="1">
              <value>
                <![CDATA["DTCC public website extended area coverage"]]>
              </value>
            </param>
          </params>
          <reporter-output>
          </reporter-output>
        </test-method> <!-- runScenario -->
        <test-method signature="runScenario(io.cucumber.testng.PickleWrapper,io.cucumber.testng.FeatureWrapper)[pri:0, instance:com.dtcc.automation.runners.CucumberTestRunner@34bde49d]" started-at="2026-06-04T03:00:52 UTC" name="runScenario" description="Runs Cucumber Scenarios" data-provider="scenarios" finished-at="2026-06-04T03:00:55 UTC" duration-ms="3085" status="PASS">
          <params>
            <param index="0">
              <value>
                <![CDATA["Validate database and reporting evidence for public-safe framework data"]]>
              </value>
            </param>
            <param index="1">
              <value>
                <![CDATA["DTCC public website extended area coverage"]]>
              </value>
            </param>
          </params>
          <reporter-output>
          </reporter-output>
        </test-method> <!-- runScenario -->
        <test-method signature="runScenario(io.cucumber.testng.PickleWrapper,io.cucumber.testng.FeatureWrapper)[pri:0, instance:com.dtcc.automation.runners.CucumberTestRunner@34bde49d]" started-at="2026-06-04T03:00:52 UTC" name="runScenario" description="Runs Cucumber Scenarios" data-provider="scenarios" finished-at="2026-06-04T03:00:55 UTC" duration-ms="2678" status="PASS">
          <params>
            <param index="0">
              <value>
                <![CDATA["Validate database and reporting evidence for public-safe framework data"]]>
              </value>
            </param>
            <param index="1">
              <value>
                <![CDATA["DTCC public website extended area coverage"]]>
              </value>
            </param>
          </params>
          <reporter-output>
          </reporter-output>
        </test-method> <!-- runScenario -->
        <test-method signature="runScenario(io.cucumber.testng.PickleWrapper,io.cucumber.testng.FeatureWrapper)[pri:0, instance:com.dtcc.automation.runners.CucumberTestRunner@34bde49d]" started-at="2026-06-04T03:00:52 UTC" name="runScenario" description="Runs Cucumber Scenarios" data-provider="scenarios" finished-at="2026-06-04T03:00:55 UTC" duration-ms="2507" status="PASS">
          <params>
            <param index="0">
              <value>
                <![CDATA["Validate database and reporting evidence for public-safe framework data"]]>
              </value>
            </param>
            <param index="1">
              <value>
                <![CDATA["DTCC public website extended area coverage"]]>
              </value>
            </param>
          </params>
          <reporter-output>
          </reporter-output>
        </test-method> <!-- runScenario -->
        <test-method signature="runScenario(io.cucumber.testng.PickleWrapper,io.cucumber.testng.FeatureWrapper)[pri:0, instance:com.dtcc.automation.runners.CucumberTestRunner@34bde49d]" started-at="2026-06-04T03:00:52 UTC" name="runScenario" description="Runs Cucumber Scenarios" data-provider="scenarios" finished-at="2026-06-04T03:01:02 UTC" duration-ms="9324" status="PASS">
          <params>
            <param index="0">
              <value>
                <![CDATA["Validate the DTCC home page loads with basic navigation"]]>
              </value>
            </param>
            <param index="1">
              <value>
                <![CDATA["DTCC public website page coverage"]]>
              </value>
            </param>
          </params>
          <reporter-output>
          </reporter-output>
        </test-method> <!-- runScenario -->
        <test-method signature="runScenario(io.cucumber.testng.PickleWrapper,io.cucumber.testng.FeatureWrapper)[pri:0, instance:com.dtcc.automation.runners.CucumberTestRunner@34bde49d]" started-at="2026-06-04T03:00:53 UTC" name="runScenario" description="Runs Cucumber Scenarios" data-provider="scenarios" finished-at="2026-06-04T03:00:57 UTC" duration-ms="3728" status="PASS">
          <params>
            <param index="0">
              <value>
                <![CDATA["Validate representative public content page templates"]]>
              </value>
            </param>
            <param index="1">
              <value>
                <![CDATA["DTCC public website page coverage"]]>
              </value>
            </param>
          </params>
          <reporter-output>
          </reporter-output>
        </test-method> <!-- runScenario -->
        <test-method signature="runScenario(io.cucumber.testng.PickleWrapper,io.cucumber.testng.FeatureWrapper)[pri:0, instance:com.dtcc.automation.runners.CucumberTestRunner@34bde49d]" started-at="2026-06-04T03:00:53 UTC" name="runScenario" description="Runs Cucumber Scenarios" data-provider="scenarios" finished-at="2026-06-04T03:00:57 UTC" duration-ms="4126" status="PASS">
          <params>
            <param index="0">
              <value>
                <![CDATA["Validate representative public content page templates"]]>
              </value>
            </param>
            <param index="1">
              <value>
                <![CDATA["DTCC public website page coverage"]]>
              </value>
            </param>
          </params>
          <reporter-output>
          </reporter-output>
        </test-method> <!-- runScenario -->
        <test-method signature="runScenario(io.cucumber.testng.PickleWrapper,io.cucumber.testng.FeatureWrapper)[pri:0, instance:com.dtcc.automation.runners.CucumberTestRunner@34bde49d]" started-at="2026-06-04T03:00:54 UTC" name="runScenario" description="Runs Cucumber Scenarios" data-provider="scenarios" finished-at="2026-06-04T03:00:57 UTC" duration-ms="3710" status="PASS">
          <params>
            <param index="0">
              <value>
                <![CDATA["Validate representative public content page templates"]]>
              </value>
            </param>
            <param index="1">
              <value>
                <![CDATA["DTCC public website page coverage"]]>
              </value>
            </param>
          </params>
          <reporter-output>
          </reporter-output>
        </test-method> <!-- runScenario -->
        <test-method signature="runScenario(io.cucumber.testng.PickleWrapper,io.cucumber.testng.FeatureWrapper)[pri:0, instance:com.dtcc.automation.runners.CucumberTestRunner@34bde49d]" started-at="2026-06-04T03:00:54 UTC" name="runScenario" description="Runs Cucumber Scenarios" data-provider="scenarios" finished-at="2026-06-04T03:00:58 UTC" duration-ms="3646" status="PASS">
          <params>
            <param index="0">
              <value>
                <![CDATA["Validate representative public content page templates"]]>
              </value>
            </param>
            <param index="1">
              <value>
                <![CDATA["DTCC public website page coverage"]]>
              </value>
            </param>
          </params>
          <reporter-output>
          </reporter-output>
        </test-method> <!-- runScenario -->
        <test-method signature="runScenario(io.cucumber.testng.PickleWrapper,io.cucumber.testng.FeatureWrapper)[pri:0, instance:com.dtcc.automation.runners.CucumberTestRunner@34bde49d]" started-at="2026-06-04T03:00:55 UTC" name="runScenario" description="Runs Cucumber Scenarios" data-provider="scenarios" finished-at="2026-06-04T03:00:58 UTC" duration-ms="3546" status="PASS">
          <params>
            <param index="0">
              <value>
                <![CDATA["Validate representative public content page templates"]]>
              </value>
            </param>
            <param index="1">
              <value>
                <![CDATA["DTCC public website page coverage"]]>
              </value>
            </param>
          </params>
          <reporter-output>
          </reporter-output>
        </test-method> <!-- runScenario -->
        <test-method signature="runScenario(io.cucumber.testng.PickleWrapper,io.cucumber.testng.FeatureWrapper)[pri:0, instance:com.dtcc.automation.runners.CucumberTestRunner@34bde49d]" started-at="2026-06-04T03:00:55 UTC" name="runScenario" description="Runs Cucumber Scenarios" data-provider="scenarios" finished-at="2026-06-04T03:00:59 UTC" duration-ms="4608" status="PASS">
          <params>
            <param index="0">
              <value>
                <![CDATA["Successful user login and complete checkout fulfillment workflow"]]>
              </value>
            </param>
            <param index="1">
              <value>
                <![CDATA["End to End Order Lifecycle Validation"]]>
              </value>
            </param>
          </params>
          <reporter-output>
          </reporter-output>
        </test-method> <!-- runScenario -->
        <test-method signature="runScenario(io.cucumber.testng.PickleWrapper,io.cucumber.testng.FeatureWrapper)[pri:0, instance:com.dtcc.automation.runners.CucumberTestRunner@34bde49d]" started-at="2026-06-04T03:00:55 UTC" name="runScenario" description="Runs Cucumber Scenarios" data-provider="scenarios" finished-at="2026-06-04T03:00:59 UTC" duration-ms="4640" status="PASS">
          <params>
            <param index="0">
              <value>
                <![CDATA["Successful user login and complete checkout fulfillment workflow"]]>
              </value>
            </param>
            <param index="1">
              <value>
                <![CDATA["End to End Order Lifecycle Validation"]]>
              </value>
            </param>
          </params>
          <reporter-output>
          </reporter-output>
        </test-method> <!-- runScenario -->
        <test-method signature="runScenario(io.cucumber.testng.PickleWrapper,io.cucumber.testng.FeatureWrapper)[pri:0, instance:com.dtcc.automation.runners.CucumberTestRunner@34bde49d]" started-at="2026-06-04T03:00:55 UTC" name="runScenario" description="Runs Cucumber Scenarios" data-provider="scenarios" finished-at="2026-06-04T03:00:59 UTC" duration-ms="4517" status="PASS">
          <params>
            <param index="0">
              <value>
                <![CDATA["Successful user login and complete checkout fulfillment workflow"]]>
              </value>
            </param>
            <param index="1">
              <value>
                <![CDATA["End to End Order Lifecycle Validation"]]>
              </value>
            </param>
          </params>
          <reporter-output>
          </reporter-output>
        </test-method> <!-- runScenario -->
        <test-method signature="runScenario(io.cucumber.testng.PickleWrapper,io.cucumber.testng.FeatureWrapper)[pri:0, instance:com.dtcc.automation.runners.CucumberTestRunner@34bde49d]" started-at="2026-06-04T03:00:55 UTC" name="runScenario" description="Runs Cucumber Scenarios" data-provider="scenarios" finished-at="2026-06-04T03:00:59 UTC" duration-ms="3611" status="PASS">
          <params>
            <param index="0">
              <value>
                <![CDATA["Checkout cannot start before an item is selected"]]>
              </value>
            </param>
            <param index="1">
              <value>
                <![CDATA["End to End Order Lifecycle Validation"]]>
              </value>
            </param>
          </params>
          <reporter-output>
          </reporter-output>
        </test-method> <!-- runScenario -->
        <test-method signature="runScenario(io.cucumber.testng.PickleWrapper,io.cucumber.testng.FeatureWrapper)[pri:0, instance:com.dtcc.automation.runners.CucumberTestRunner@34bde49d]" started-at="2026-06-04T03:00:57 UTC" name="runScenario" description="Runs Cucumber Scenarios" data-provider="scenarios" finished-at="2026-06-04T03:01:00 UTC" duration-ms="2676" status="PASS">
          <params>
            <param index="0">
              <value>
                <![CDATA["Cart selection makes checkout available"]]>
              </value>
            </param>
            <param index="1">
              <value>
                <![CDATA["End to End Order Lifecycle Validation"]]>
              </value>
            </param>
          </params>
          <reporter-output>
          </reporter-output>
        </test-method> <!-- runScenario -->
        <test-method is-config="true" signature="tearDownClass()[pri:0, instance:com.dtcc.automation.runners.CucumberTestRunner@34bde49d]" started-at="2026-06-04T03:01:02 UTC" name="tearDownClass" finished-at="2026-06-04T03:01:02 UTC" duration-ms="65" status="PASS">
          <reporter-output>
          </reporter-output>
        </test-method> <!-- tearDownClass -->
      </class> <!-- com.dtcc.automation.runners.CucumberTestRunner -->
    </test> <!-- Cucumber UI E2E Workflows -->
  </suite> <!-- DTCC Core UI Automation Suite -->
</testng-results>
