<?xml version="1.0" encoding="UTF-8"?>
<!-- Generated by org.testng.reporters.JUnitXMLReporter -->
<testsuite ignored="0" hostname="runnervm3jyl0" failures="0" tests="160" name="Allure Annotated UI API Database Tests" time="40.379" errors="0" timestamp="2026-06-04T17:24:54 UTC">
  <testcase classname="com.dtcc.automation.reports.AllureEnabledUiReportTest" name="intentionalFailureCreatesAllureDefectExample" time="0.024">
    <skipped/>
  </testcase> <!-- intentionalFailureCreatesAllureDefectExample -->
  <testcase classname="com.dtcc.automation.reports.AllureEnabledUiReportTest" name="orderLifecycleProducesDetailedAllureReport" time="0.916"/>
  <testcase classname="com.dtcc.automation.reports.DtccPublicAllureShowcaseTest" name="blankCredentialsAreRejected" time="0.289"/>
  <testcase classname="com.dtcc.automation.reports.DtccPublicAllureShowcaseTest" name="cartSelectionEnablesCheckout" time="0.403"/>
  <testcase classname="com.dtcc.automation.reports.DtccPublicAllureShowcaseTest" name="checkoutButtonHiddenBeforeCartSelection" time="0.357"/>
  <testcase classname="com.dtcc.automation.reports.DtccPublicAllureShowcaseTest" name="globalKnownErrorRegisterIsPublished" time="0.004"/>
  <testcase classname="com.dtcc.automation.reports.DtccPublicAllureShowcaseTest" name="globalReportEvidenceAttachmentIsPublished" time="0.002"/>
  <testcase classname="com.dtcc.automation.reports.DtccPublicAllureShowcaseTest" name="intentionalRestDefectExampleIsOptInOnly" time="0.003">
    <skipped/>
  </testcase> <!-- intentionalRestDefectExampleIsOptInOnly -->
  <testcase classname="com.dtcc.automation.reports.DtccPublicAllureShowcaseTest" name="intentionalUiDefectExampleIsOptInOnly" time="0.002">
    <skipped/>
  </testcase> <!-- intentionalUiDefectExampleIsOptInOnly -->
  <testcase classname="com.dtcc.automation.reports.DtccPublicAllureShowcaseTest" name="invalidLoginDisplaysControlledError" time="0.308"/>
  <testcase classname="com.dtcc.automation.reports.DtccPublicAllureShowcaseTest" name="invalidLoginDoesNotExposeCatalogPanel" time="0.3"/>
  <testcase classname="com.dtcc.automation.reports.DtccPublicAllureShowcaseTest" name="keyboardLoginFlowWorks" time="0.301"/>
  <testcase classname="com.dtcc.automation.reports.DtccPublicAllureShowcaseTest" name="loginPasswordFieldHasAccessibleLabel" time="0.082"/>
  <testcase classname="com.dtcc.automation.reports.DtccPublicAllureShowcaseTest" name="loginUsernameFieldHasAccessibleLabel" time="0.063"/>
  <testcase classname="com.dtcc.automation.reports.DtccPublicAllureShowcaseTest" name="orderConversionShowsPaymentButton" time="0.476"/>
  <testcase classname="com.dtcc.automation.reports.DtccPublicAllureShowcaseTest" name="paymentDisplaysSuccessConfirmation" time="0.536"/>
  <testcase classname="com.dtcc.automation.reports.DtccPublicAllureShowcaseTest" name="publicDtccWebsiteMetadataIsAttached" time="0.003"/>
  <testcase classname="com.dtcc.automation.reports.DtccPublicAllureShowcaseTest" name="qualityGateSummaryIsPublished" time="0.003"/>
  <testcase classname="com.dtcc.automation.reports.DtccPublicAllureShowcaseTest" name="restClearingEligibilityEndpointValidatesSymbol" time="2.237"/>
  <testcase classname="com.dtcc.automation.reports.DtccPublicAllureShowcaseTest" name="restMarketStatusEndpointReturnsOpenStatus" time="0.061"/>
  <testcase classname="com.dtcc.automation.reports.DtccPublicAllureShowcaseTest" name="restOrderEndpointAcceptsSanitizedPayload" time="0.131"/>
  <testcase classname="com.dtcc.automation.reports.DtccPublicAllureShowcaseTest" name="restRiskEndpointRejectsMissingAuthorization" time="0.035"/>
  <testcase classname="com.dtcc.automation.reports.DtccPublicAllureShowcaseTest" name="restSearchEndpointRejectsScriptPayload" time="0.042"/>
  <testcase classname="com.dtcc.automation.reports.DtccPublicAllureShowcaseTest" name="scriptInjectionPayloadIsRejected" time="0.313"/>
  <testcase classname="com.dtcc.automation.reports.DtccPublicAllureShowcaseTest" name="sqlInjectionPayloadIsRejected" time="0.299"/>
  <testcase classname="com.dtcc.automation.reports.DtccPublicAllureShowcaseTest" name="validDemoLoginRevealsCatalog" time="0.31"/>
  <testcase classname="com.dtcc.automation.reports.DtccExtendedAllureCoverageTest" name="apiClientDocument" time="0.002"/>
  <testcase classname="com.dtcc.automation.reports.DtccExtendedAllureCoverageTest" name="apiContractVersion" time="0.002"/>
  <testcase classname="com.dtcc.automation.reports.DtccExtendedAllureCoverageTest" name="apiEligibility" time="0.001"/>
  <testcase classname="com.dtcc.automation.reports.DtccExtendedAllureCoverageTest" name="apiInvalidQuantity" time="0.001"/>
  <testcase classname="com.dtcc.automation.reports.DtccExtendedAllureCoverageTest" name="apiLatencySmoke" time="0.001"/>
  <testcase classname="com.dtcc.automation.reports.DtccExtendedAllureCoverageTest" name="apiMarketStatus" time="0.001"/>
  <testcase classname="com.dtcc.automation.reports.DtccExtendedAllureCoverageTest" name="apiMissingAuthorization" time="0.001"/>
  <testcase classname="com.dtcc.automation.reports.DtccExtendedAllureCoverageTest" name="apiNoticeSearch" time="0.001"/>
  <testcase classname="com.dtcc.automation.reports.DtccExtendedAllureCoverageTest" name="apiRateLimit" time="0.001"/>
  <testcase classname="com.dtcc.automation.reports.DtccExtendedAllureCoverageTest" name="apiSearchQueryValidation" time="0.001"/>
  <testcase classname="com.dtcc.automation.reports.DtccExtendedAllureCoverageTest" name="dbActiveView" time="0.001"/>
  <testcase classname="com.dtcc.automation.reports.DtccExtendedAllureCoverageTest" name="dbAmountPrecision" time="0.001"/>
  <testcase classname="com.dtcc.automation.reports.DtccExtendedAllureCoverageTest" name="dbAuditTrail" time="0.001"/>
  <testcase classname="com.dtcc.automation.reports.DtccExtendedAllureCoverageTest" name="dbCurrencyConstraint" time="0.001"/>
  <testcase classname="com.dtcc.automation.reports.DtccExtendedAllureCoverageTest" name="dbFailureReason" time="0.001"/>
  <testcase classname="com.dtcc.automation.reports.DtccExtendedAllureCoverageTest" name="dbPiiMasking" time="0.001"/>
  <testcase classname="com.dtcc.automation.reports.DtccExtendedAllureCoverageTest" name="dbQueryPerformance" time="0.001"/>
  <testcase classname="com.dtcc.automation.reports.DtccExtendedAllureCoverageTest" name="dbReconciliationCount" time="0.002"/>
  <testcase classname="com.dtcc.automation.reports.DtccExtendedAllureCoverageTest" name="dbReferenceUniqueness" time="0.001"/>
  <testcase classname="com.dtcc.automation.reports.DtccExtendedAllureCoverageTest" name="dbSettlementOrderInsert" time="0.001"/>
  <testcase classname="com.dtcc.automation.reports.DtccExtendedAllureCoverageTest" name="intentionalApiDefect" time="0.001">
    <skipped/>
  </testcase> <!-- intentionalApiDefect -->
  <testcase classname="com.dtcc.automation.reports.DtccExtendedAllureCoverageTest" name="intentionalDbDefect" time="0.001">
    <skipped/>
  </testcase> <!-- intentionalDbDefect -->
  <testcase classname="com.dtcc.automation.reports.DtccExtendedAllureCoverageTest" name="intentionalUiDefect" time="0.001">
    <skipped/>
  </testcase> <!-- intentionalUiDefect -->
  <testcase classname="com.dtcc.automation.reports.DtccExtendedAllureCoverageTest" name="qualityGateBlockerDefects" time="0.001"/>
  <testcase classname="com.dtcc.automation.reports.DtccExtendedAllureCoverageTest" name="qualityGatePassRate" time="0.002"/>
  <testcase classname="com.dtcc.automation.reports.DtccExtendedAllureCoverageTest" name="uiAccessibilitySmoke" time="0.001"/>
  <testcase classname="com.dtcc.automation.reports.DtccExtendedAllureCoverageTest" name="uiClientCenterStatus" time="0.001"/>
  <testcase classname="com.dtcc.automation.reports.DtccExtendedAllureCoverageTest" name="uiGtrTables" time="0.001"/>
  <testcase classname="com.dtcc.automation.reports.DtccExtendedAllureCoverageTest" name="uiHomePageMetadata" time="0.001"/>
  <testcase classname="com.dtcc.automation.reports.DtccExtendedAllureCoverageTest" name="uiImportantNoticesFiltering" time="0.001"/>
  <testcase classname="com.dtcc.automation.reports.DtccExtendedAllureCoverageTest" name="uiLegalRegulatoryArea" time="0.001"/>
  <testcase classname="com.dtcc.automation.reports.DtccExtendedAllureCoverageTest" name="uiNewsGroup" time="0.001"/>
  <testcase classname="com.dtcc.automation.reports.DtccExtendedAllureCoverageTest" name="uiPdfLibrary" time="0.001"/>
  <testcase classname="com.dtcc.automation.reports.DtccExtendedAllureCoverageTest" name="uiProductsTemplate" time="0.001"/>
  <testcase classname="com.dtcc.automation.reports.DtccExtendedAllureCoverageTest" name="uiVisualSmoke" time="0.001"/>
  <testcase classname="com.dtcc.automation.reports.DtccAdditionalAllureCoverageTest" name="apiBackendContractEvidenceIsRepresented" time="0.001"/>
  <testcase classname="com.dtcc.automation.reports.DtccAdditionalAllureCoverageTest" name="apiBackendContractEvidenceIsRepresented" time="0.004"/>
  <testcase classname="com.dtcc.automation.reports.DtccAdditionalAllureCoverageTest" name="apiBackendContractEvidenceIsRepresented" time="0.001"/>
  <testcase classname="com.dtcc.automation.reports.DtccAdditionalAllureCoverageTest" name="apiBackendContractEvidenceIsRepresented" time="0.002"/>
  <testcase classname="com.dtcc.automation.reports.DtccAdditionalAllureCoverageTest" name="apiBackendContractEvidenceIsRepresented" time="0.001"/>
  <testcase classname="com.dtcc.automation.reports.DtccAdditionalAllureCoverageTest" name="apiBackendContractEvidenceIsRepresented" time="0.002"/>
  <testcase classname="com.dtcc.automation.reports.DtccAdditionalAllureCoverageTest" name="apiBackendContractEvidenceIsRepresented" time="0.001"/>
  <testcase classname="com.dtcc.automation.reports.DtccAdditionalAllureCoverageTest" name="apiBackendContractEvidenceIsRepresented" time="0.001"/>
  <testcase classname="com.dtcc.automation.reports.DtccAdditionalAllureCoverageTest" name="databaseValidationEvidenceIsRepresented" time="0.001"/>
  <testcase classname="com.dtcc.automation.reports.DtccAdditionalAllureCoverageTest" name="databaseValidationEvidenceIsRepresented" time="0.001"/>
  <testcase classname="com.dtcc.automation.reports.DtccAdditionalAllureCoverageTest" name="databaseValidationEvidenceIsRepresented" time="0.002"/>
  <testcase classname="com.dtcc.automation.reports.DtccAdditionalAllureCoverageTest" name="databaseValidationEvidenceIsRepresented" time="0.002"/>
  <testcase classname="com.dtcc.automation.reports.DtccAdditionalAllureCoverageTest" name="databaseValidationEvidenceIsRepresented" time="0.002"/>
  <testcase classname="com.dtcc.automation.reports.DtccAdditionalAllureCoverageTest" name="databaseValidationEvidenceIsRepresented" time="0.003"/>
  <testcase classname="com.dtcc.automation.reports.DtccAdditionalAllureCoverageTest" name="databaseValidationEvidenceIsRepresented" time="0.002"/>
  <testcase classname="com.dtcc.automation.reports.DtccAdditionalAllureCoverageTest" name="dtccWebsiteAreaHasDefinedAutomationScope" time="0.001"/>
  <testcase classname="com.dtcc.automation.reports.DtccAdditionalAllureCoverageTest" name="dtccWebsiteAreaHasDefinedAutomationScope" time="0.002"/>
  <testcase classname="com.dtcc.automation.reports.DtccAdditionalAllureCoverageTest" name="dtccWebsiteAreaHasDefinedAutomationScope" time="0.002"/>
  <testcase classname="com.dtcc.automation.reports.DtccAdditionalAllureCoverageTest" name="dtccWebsiteAreaHasDefinedAutomationScope" time="0.001"/>
  <testcase classname="com.dtcc.automation.reports.DtccAdditionalAllureCoverageTest" name="dtccWebsiteAreaHasDefinedAutomationScope" time="0.001"/>
  <testcase classname="com.dtcc.automation.reports.DtccAdditionalAllureCoverageTest" name="dtccWebsiteAreaHasDefinedAutomationScope" time="0.001"/>
  <testcase classname="com.dtcc.automation.reports.DtccAdditionalAllureCoverageTest" name="dtccWebsiteAreaHasDefinedAutomationScope" time="0.001"/>
  <testcase classname="com.dtcc.automation.reports.DtccAdditionalAllureCoverageTest" name="dtccWebsiteAreaHasDefinedAutomationScope" time="0.01"/>
  <testcase classname="com.dtcc.automation.reports.DtccAdditionalAllureCoverageTest" name="dtccWebsiteAreaHasDefinedAutomationScope" time="0.001"/>
  <testcase classname="com.dtcc.automation.reports.DtccAdditionalAllureCoverageTest" name="dtccWebsiteAreaHasDefinedAutomationScope" time="0.002"/>
  <testcase classname="com.dtcc.automation.reports.DtccMoreAllureCoverageTest" name="apiAuditEndpointReturnsTraceIdentifier" time="0.031"/>
  <testcase classname="com.dtcc.automation.reports.DtccMoreAllureCoverageTest" name="apiContentTypeIsJsonForReferenceData" time="0.032"/>
  <testcase classname="com.dtcc.automation.reports.DtccMoreAllureCoverageTest" name="apiCreatesPublicSafeOrderInstruction" time="0.039"/>
  <testcase classname="com.dtcc.automation.reports.DtccMoreAllureCoverageTest" name="apiDuplicateOrderReturnsConflict" time="0.035"/>
  <testcase classname="com.dtcc.automation.reports.DtccMoreAllureCoverageTest" name="apiHealthEndpointReturnsServiceIdentity" time="0.028"/>
  <testcase classname="com.dtcc.automation.reports.DtccMoreAllureCoverageTest" name="apiMalformedSymbolRequestReturnsBadRequest" time="0.028"/>
  <testcase classname="com.dtcc.automation.reports.DtccMoreAllureCoverageTest" name="apiNoticesEndpointReturnsMultipleItems" time="0.038"/>
  <testcase classname="com.dtcc.automation.reports.DtccMoreAllureCoverageTest" name="apiResponseIncludesRateLimitHeader" time="0.026"/>
  <testcase classname="com.dtcc.automation.reports.DtccMoreAllureCoverageTest" name="apiSecureSummaryRejectsMissingToken" time="0.033"/>
  <testcase classname="com.dtcc.automation.reports.DtccMoreAllureCoverageTest" name="apiStatusEndpointRespondsInsidePerformanceBudget" time="0.018"/>
  <testcase classname="com.dtcc.automation.reports.DtccMoreAllureCoverageTest" name="databaseAggregatesSettlementAmountByCurrency" time="0.151"/>
  <testcase classname="com.dtcc.automation.reports.DtccMoreAllureCoverageTest" name="databaseAuditTableRecordsStatusTransition" time="0.006"/>
  <testcase classname="com.dtcc.automation.reports.DtccMoreAllureCoverageTest" name="databaseCountsOrdersBySettlementStatus" time="0.009"/>
  <testcase classname="com.dtcc.automation.reports.DtccMoreAllureCoverageTest" name="databaseCreatesSettlementTable" time="0.004"/>
  <testcase classname="com.dtcc.automation.reports.DtccMoreAllureCoverageTest" name="databaseInsertsReadySettlementOrder" time="0.007"/>
  <testcase classname="com.dtcc.automation.reports.DtccMoreAllureCoverageTest" name="databaseMergeUpdatesExistingOrderStatus" time="0.008"/>
  <testcase classname="com.dtcc.automation.reports.DtccMoreAllureCoverageTest" name="databaseParameterizedLookupFindsTransactionReference" time="0.005"/>
  <testcase classname="com.dtcc.automation.reports.DtccMoreAllureCoverageTest" name="databasePrimaryKeyPreventsDuplicateOrderIds" time="0.007"/>
  <testcase classname="com.dtcc.automation.reports.DtccMoreAllureCoverageTest" name="databaseRollbackRemovesUncommittedSettlementOrder" time="0.005"/>
  <testcase classname="com.dtcc.automation.reports.DtccMoreAllureCoverageTest" name="databaseValidatesPositiveSettlementAmounts" time="0.004"/>
  <testcase classname="com.dtcc.automation.reports.DtccMoreAllureCoverageTest" name="uiAddToCartAloneDoesNotRevealPaymentButton" time="0.355"/>
  <testcase classname="com.dtcc.automation.reports.DtccMoreAllureCoverageTest" name="uiCheckoutEnablesSubmitPayment" time="0.461"/>
  <testcase classname="com.dtcc.automation.reports.DtccMoreAllureCoverageTest" name="uiInvalidLoginErrorExposesAlertSemantics" time="0.297"/>
  <testcase classname="com.dtcc.automation.reports.DtccMoreAllureCoverageTest" name="uiLoginControlsExposeClearLabels" time="0.085"/>
  <testcase classname="com.dtcc.automation.reports.DtccMoreAllureCoverageTest" name="uiLoginPanelIsVisibleOnFirstLoad" time="0.066"/>
  <testcase classname="com.dtcc.automation.reports.DtccMoreAllureCoverageTest" name="uiOpeningCartAfterSelectionEnablesCheckout" time="0.404"/>
  <testcase classname="com.dtcc.automation.reports.DtccMoreAllureCoverageTest" name="uiPageTitleIdentifiesMockLifecycleApp" time="0.053"/>
  <testcase classname="com.dtcc.automation.reports.DtccMoreAllureCoverageTest" name="uiPaymentConfirmationIncludesLifecycleWording" time="0.511"/>
  <testcase classname="com.dtcc.automation.reports.DtccMoreAllureCoverageTest" name="uiValidDemoLoginHidesErrorBanner" time="0.28"/>
  <testcase classname="com.dtcc.automation.reports.DtccMoreAllureCoverageTest" name="uiValidSdetLoginDisplaysCatalogue" time="0.294"/>
  <testcase classname="com.dtcc.automation.coverage.ui.DtccAllureUiSuitesTest" name="uiPageCoverageMetadataIsDocumented" time="0.003"/>
  <testcase classname="com.dtcc.automation.coverage.ui.DtccAllureUiSuitesTest" name="uiPageCoverageMetadataIsDocumented" time="0.001"/>
  <testcase classname="com.dtcc.automation.coverage.ui.DtccAllureUiSuitesTest" name="uiPageCoverageMetadataIsDocumented" time="0.001"/>
  <testcase classname="com.dtcc.automation.coverage.ui.DtccAllureUiSuitesTest" name="uiPageCoverageMetadataIsDocumented" time="0.001"/>
  <testcase classname="com.dtcc.automation.coverage.ui.DtccAllureUiSuitesTest" name="uiPageCoverageMetadataIsDocumented" time="0.0"/>
  <testcase classname="com.dtcc.automation.coverage.ui.DtccAllureUiSuitesTest" name="uiPageCoverageMetadataIsDocumented" time="0.001"/>
  <testcase classname="com.dtcc.automation.coverage.ui.DtccAllureUiSuitesTest" name="uiPageCoverageMetadataIsDocumented" time="0.001"/>
  <testcase classname="com.dtcc.automation.coverage.ui.DtccAllureUiSuitesTest" name="uiPageCoverageMetadataIsDocumented" time="0.001"/>
  <testcase classname="com.dtcc.automation.coverage.ui.DtccAllureUiSuitesTest" name="uiPageCoverageMetadataIsDocumented" time="0.001"/>
  <testcase classname="com.dtcc.automation.coverage.ui.DtccAllureUiSuitesTest" name="uiPageCoverageMetadataIsDocumented" time="0.001"/>
  <testcase classname="com.dtcc.automation.coverage.api.DtccAllureApiSuitesTest" name="apiContractCoverageIsDocumented" time="0.004"/>
  <testcase classname="com.dtcc.automation.coverage.api.DtccAllureApiSuitesTest" name="apiContractCoverageIsDocumented" time="0.002"/>
  <testcase classname="com.dtcc.automation.coverage.api.DtccAllureApiSuitesTest" name="apiContractCoverageIsDocumented" time="0.001"/>
  <testcase classname="com.dtcc.automation.coverage.api.DtccAllureApiSuitesTest" name="apiContractCoverageIsDocumented" time="0.001"/>
  <testcase classname="com.dtcc.automation.coverage.api.DtccAllureApiSuitesTest" name="apiContractCoverageIsDocumented" time="0.001"/>
  <testcase classname="com.dtcc.automation.coverage.api.DtccAllureApiSuitesTest" name="apiContractCoverageIsDocumented" time="0.001"/>
  <testcase classname="com.dtcc.automation.coverage.api.DtccAllureApiSuitesTest" name="apiContractCoverageIsDocumented" time="0.001"/>
  <testcase classname="com.dtcc.automation.coverage.api.DtccAllureApiSuitesTest" name="apiContractCoverageIsDocumented" time="0.001"/>
  <testcase classname="com.dtcc.automation.coverage.api.DtccAllureApiSuitesTest" name="apiContractCoverageIsDocumented" time="0.001"/>
  <testcase classname="com.dtcc.automation.coverage.api.DtccAllureApiSuitesTest" name="apiContractCoverageIsDocumented" time="0.001"/>
  <testcase classname="com.dtcc.automation.coverage.db.DtccAllureDbSuitesTest" name="dbCoverageIsDocumented" time="0.001"/>
  <testcase classname="com.dtcc.automation.coverage.db.DtccAllureDbSuitesTest" name="dbCoverageIsDocumented" time="0.001"/>
  <testcase classname="com.dtcc.automation.coverage.db.DtccAllureDbSuitesTest" name="dbCoverageIsDocumented" time="0.001"/>
  <testcase classname="com.dtcc.automation.coverage.db.DtccAllureDbSuitesTest" name="dbCoverageIsDocumented" time="0.001"/>
  <testcase classname="com.dtcc.automation.coverage.db.DtccAllureDbSuitesTest" name="dbCoverageIsDocumented" time="0.001"/>
  <testcase classname="com.dtcc.automation.coverage.db.DtccAllureDbSuitesTest" name="dbCoverageIsDocumented" time="0.001"/>
  <testcase classname="com.dtcc.automation.coverage.db.DtccAllureDbSuitesTest" name="dbCoverageIsDocumented" time="0.0"/>
  <testcase classname="com.dtcc.automation.coverage.db.DtccAllureDbSuitesTest" name="dbCoverageIsDocumented" time="0.001"/>
  <testcase classname="com.dtcc.automation.coverage.db.DtccAllureDbSuitesTest" name="dbCoverageIsDocumented" time="0.001"/>
  <testcase classname="com.dtcc.automation.coverage.db.DtccAllureDbSuitesTest" name="dbCoverageIsDocumented" time="0.001"/>
  <testcase classname="com.dtcc.automation.coverage.reportui.DtccAllureReportUiSuitesTest" name="reportUiCoverageIsDocumented" time="0.001"/>
  <testcase classname="com.dtcc.automation.coverage.reportui.DtccAllureReportUiSuitesTest" name="reportUiCoverageIsDocumented" time="0.001"/>
  <testcase classname="com.dtcc.automation.coverage.reportui.DtccAllureReportUiSuitesTest" name="reportUiCoverageIsDocumented" time="0.001"/>
  <testcase classname="com.dtcc.automation.coverage.reportui.DtccAllureReportUiSuitesTest" name="reportUiCoverageIsDocumented" time="0.001"/>
  <testcase classname="com.dtcc.automation.coverage.reportui.DtccAllureReportUiSuitesTest" name="reportUiCoverageIsDocumented" time="0.001"/>
  <testcase classname="com.dtcc.automation.coverage.reportui.DtccAllureReportUiSuitesTest" name="reportUiCoverageIsDocumented" time="0.001"/>
  <testcase classname="com.dtcc.automation.coverage.reportui.DtccAllureReportUiSuitesTest" name="reportUiCoverageIsDocumented" time="0.001"/>
  <testcase classname="com.dtcc.automation.coverage.reportui.DtccAllureReportUiSuitesTest" name="reportUiCoverageIsDocumented" time="0.001"/>
  <testcase classname="com.dtcc.automation.coverage.reportui.DtccAllureReportUiSuitesTest" name="reportUiCoverageIsDocumented" time="0.0"/>
  <testcase classname="com.dtcc.automation.coverage.reportui.DtccAllureReportUiSuitesTest" name="reportUiCoverageIsDocumented" time="0.0"/>
  <testcase classname="com.dtcc.automation.ui.LoginValidationTest" name="validUserCanLoginToMockOrderApplication" time="0.314"/>
  <testcase classname="com.dtcc.automation.ui.SeleniumOrderLifecycleTest" name="userCanCompleteFullOrderLifecycleWithSelenium" time="0.649"/>
  <testcase classname="com.dtcc.automation.api.BackendTransactionTest" name="validateTransactionLifecycleAndDatabaseState" time="0.172"/>
  <testcase classname="com.dtcc.automation.database.SqlDatabaseValidationTest" name="validatesSettlementOrdersUsingExampleSqlData" time="0.006"/>
</testsuite> <!-- Allure Annotated UI API Database Tests -->
