<?xml version="1.0" encoding="UTF-8"?>
<!-- Generated by org.testng.reporters.JUnitXMLReporter -->
<testsuite ignored="0" hostname="runnervm3jyl0" failures="0" tests="27" name="Allure Annotated UI Tests" time="33.313" errors="0" timestamp="2026-06-04T01:43:00 UTC">
  <testcase classname="com.dtcc.automation.reports.AllureEnabledUiReportTest" name="intentionalFailureCreatesAllureDefectExample" time="0.025">
    <skipped/>
  </testcase> <!-- intentionalFailureCreatesAllureDefectExample -->
  <testcase classname="com.dtcc.automation.reports.AllureEnabledUiReportTest" name="orderLifecycleProducesDetailedAllureReport" time="2.716"/>
  <testcase classname="com.dtcc.automation.reports.DtccPublicAllureShowcaseTest" name="blankCredentialsAreRejected" time="0.306"/>
  <testcase classname="com.dtcc.automation.reports.DtccPublicAllureShowcaseTest" name="cartSelectionEnablesCheckout" time="0.419"/>
  <testcase classname="com.dtcc.automation.reports.DtccPublicAllureShowcaseTest" name="checkoutButtonHiddenBeforeCartSelection" time="0.368"/>
  <testcase classname="com.dtcc.automation.reports.DtccPublicAllureShowcaseTest" name="intentionalRestDefectExampleIsOptInOnly" time="0.003">
    <skipped/>
  </testcase> <!-- intentionalRestDefectExampleIsOptInOnly -->
  <testcase classname="com.dtcc.automation.reports.DtccPublicAllureShowcaseTest" name="intentionalUiDefectExampleIsOptInOnly" time="0.002">
    <skipped/>
  </testcase> <!-- intentionalUiDefectExampleIsOptInOnly -->
  <testcase classname="com.dtcc.automation.reports.DtccPublicAllureShowcaseTest" name="invalidLoginDisplaysControlledError" time="0.327"/>
  <testcase classname="com.dtcc.automation.reports.DtccPublicAllureShowcaseTest" name="invalidLoginDoesNotExposeCatalogPanel" time="0.298"/>
  <testcase classname="com.dtcc.automation.reports.DtccPublicAllureShowcaseTest" name="keyboardLoginFlowWorks" time="0.293"/>
  <testcase classname="com.dtcc.automation.reports.DtccPublicAllureShowcaseTest" name="loginPasswordFieldHasAccessibleLabel" time="0.078"/>
  <testcase classname="com.dtcc.automation.reports.DtccPublicAllureShowcaseTest" name="loginUsernameFieldHasAccessibleLabel" time="0.065"/>
  <testcase classname="com.dtcc.automation.reports.DtccPublicAllureShowcaseTest" name="orderConversionShowsPaymentButton" time="0.466"/>
  <testcase classname="com.dtcc.automation.reports.DtccPublicAllureShowcaseTest" name="paymentDisplaysSuccessConfirmation" time="0.529"/>
  <testcase classname="com.dtcc.automation.reports.DtccPublicAllureShowcaseTest" name="publicDtccWebsiteMetadataIsAttached" time="0.002"/>
  <testcase classname="com.dtcc.automation.reports.DtccPublicAllureShowcaseTest" name="restClearingEligibilityEndpointValidatesSymbol" time="1.833"/>
  <testcase classname="com.dtcc.automation.reports.DtccPublicAllureShowcaseTest" name="restMarketStatusEndpointReturnsOpenStatus" time="0.06"/>
  <testcase classname="com.dtcc.automation.reports.DtccPublicAllureShowcaseTest" name="restOrderEndpointAcceptsSanitizedPayload" time="0.139"/>
  <testcase classname="com.dtcc.automation.reports.DtccPublicAllureShowcaseTest" name="restRiskEndpointRejectsMissingAuthorization" time="0.052"/>
  <testcase classname="com.dtcc.automation.reports.DtccPublicAllureShowcaseTest" name="restSearchEndpointRejectsScriptPayload" time="0.061"/>
  <testcase classname="com.dtcc.automation.reports.DtccPublicAllureShowcaseTest" name="scriptInjectionPayloadIsRejected" time="0.325"/>
  <testcase classname="com.dtcc.automation.reports.DtccPublicAllureShowcaseTest" name="sqlInjectionPayloadIsRejected" time="0.294"/>
  <testcase classname="com.dtcc.automation.reports.DtccPublicAllureShowcaseTest" name="validDemoLoginRevealsCatalog" time="0.312"/>
  <testcase classname="com.dtcc.automation.ui.LoginValidationTest" name="validUserCanLoginToMockOrderApplication" time="0.324"/>
  <testcase classname="com.dtcc.automation.ui.SeleniumOrderLifecycleTest" name="userCanCompleteFullOrderLifecycleWithSelenium" time="0.653"/>
  <testcase classname="com.dtcc.automation.api.BackendTransactionTest" name="validateTransactionLifecycleAndDatabaseState" time="0.193"/>
  <testcase classname="com.dtcc.automation.database.SqlDatabaseValidationTest" name="validatesSettlementOrdersUsingExampleSqlData" time="0.017"/>
</testsuite> <!-- Allure Annotated UI Tests -->
