<?xml version="1.0" encoding="UTF-8"?>
<!-- Generated by org.testng.reporters.JUnitXMLReporter -->
<testsuite ignored="0" hostname="runnervm3jyl0" failures="0" tests="27" name="Allure Annotated UI Tests" time="26.725" errors="0" timestamp="2026-06-04T01:41:18 UTC">
  <testcase classname="com.dtcc.automation.reports.AllureEnabledUiReportTest" name="intentionalFailureCreatesAllureDefectExample" time="0.021">
    <skipped/>
  </testcase> <!-- intentionalFailureCreatesAllureDefectExample -->
  <testcase classname="com.dtcc.automation.reports.AllureEnabledUiReportTest" name="orderLifecycleProducesDetailedAllureReport" time="1.458"/>
  <testcase classname="com.dtcc.automation.reports.DtccPublicAllureShowcaseTest" name="blankCredentialsAreRejected" time="0.288"/>
  <testcase classname="com.dtcc.automation.reports.DtccPublicAllureShowcaseTest" name="cartSelectionEnablesCheckout" time="0.393"/>
  <testcase classname="com.dtcc.automation.reports.DtccPublicAllureShowcaseTest" name="checkoutButtonHiddenBeforeCartSelection" time="0.348"/>
  <testcase classname="com.dtcc.automation.reports.DtccPublicAllureShowcaseTest" name="intentionalRestDefectExampleIsOptInOnly" time="0.003">
    <skipped/>
  </testcase> <!-- intentionalRestDefectExampleIsOptInOnly -->
  <testcase classname="com.dtcc.automation.reports.DtccPublicAllureShowcaseTest" name="intentionalUiDefectExampleIsOptInOnly" time="0.003">
    <skipped/>
  </testcase> <!-- intentionalUiDefectExampleIsOptInOnly -->
  <testcase classname="com.dtcc.automation.reports.DtccPublicAllureShowcaseTest" name="invalidLoginDisplaysControlledError" time="0.307"/>
  <testcase classname="com.dtcc.automation.reports.DtccPublicAllureShowcaseTest" name="invalidLoginDoesNotExposeCatalogPanel" time="0.283"/>
  <testcase classname="com.dtcc.automation.reports.DtccPublicAllureShowcaseTest" name="keyboardLoginFlowWorks" time="0.264"/>
  <testcase classname="com.dtcc.automation.reports.DtccPublicAllureShowcaseTest" name="loginPasswordFieldHasAccessibleLabel" time="0.073"/>
  <testcase classname="com.dtcc.automation.reports.DtccPublicAllureShowcaseTest" name="loginUsernameFieldHasAccessibleLabel" time="0.064"/>
  <testcase classname="com.dtcc.automation.reports.DtccPublicAllureShowcaseTest" name="orderConversionShowsPaymentButton" time="0.433"/>
  <testcase classname="com.dtcc.automation.reports.DtccPublicAllureShowcaseTest" name="paymentDisplaysSuccessConfirmation" time="0.471"/>
  <testcase classname="com.dtcc.automation.reports.DtccPublicAllureShowcaseTest" name="publicDtccWebsiteMetadataIsAttached" time="0.002"/>
  <testcase classname="com.dtcc.automation.reports.DtccPublicAllureShowcaseTest" name="restClearingEligibilityEndpointValidatesSymbol" time="1.948"/>
  <testcase classname="com.dtcc.automation.reports.DtccPublicAllureShowcaseTest" name="restMarketStatusEndpointReturnsOpenStatus" time="0.063"/>
  <testcase classname="com.dtcc.automation.reports.DtccPublicAllureShowcaseTest" name="restOrderEndpointAcceptsSanitizedPayload" time="0.126"/>
  <testcase classname="com.dtcc.automation.reports.DtccPublicAllureShowcaseTest" name="restRiskEndpointRejectsMissingAuthorization" time="0.041"/>
  <testcase classname="com.dtcc.automation.reports.DtccPublicAllureShowcaseTest" name="restSearchEndpointRejectsScriptPayload" time="0.047"/>
  <testcase classname="com.dtcc.automation.reports.DtccPublicAllureShowcaseTest" name="scriptInjectionPayloadIsRejected" time="0.307"/>
  <testcase classname="com.dtcc.automation.reports.DtccPublicAllureShowcaseTest" name="sqlInjectionPayloadIsRejected" time="0.294"/>
  <testcase classname="com.dtcc.automation.reports.DtccPublicAllureShowcaseTest" name="validDemoLoginRevealsCatalog" time="0.303"/>
  <testcase classname="com.dtcc.automation.ui.LoginValidationTest" name="validUserCanLoginToMockOrderApplication" time="0.314"/>
  <testcase classname="com.dtcc.automation.ui.SeleniumOrderLifecycleTest" name="userCanCompleteFullOrderLifecycleWithSelenium" time="0.616"/>
  <testcase classname="com.dtcc.automation.api.BackendTransactionTest" name="validateTransactionLifecycleAndDatabaseState" time="0.226"/>
  <testcase classname="com.dtcc.automation.database.SqlDatabaseValidationTest" name="validatesSettlementOrdersUsingExampleSqlData" time="0.013"/>
</testsuite> <!-- Allure Annotated UI Tests -->
