<?xml version="1.0" encoding="UTF-8"?>
<!-- Generated by org.testng.reporters.JUnitReportReporter -->
<testsuite hostname="runnervm3jyl0" failures="0" tests="1" name="com.dtcc.automation.database.SqlDatabaseValidationTest" time="0.012" errors="0" timestamp="2026-06-04T01:39:37 UTC" skipped="0">
  <testcase classname="com.dtcc.automation.database.SqlDatabaseValidationTest" name="validatesSettlementOrdersUsingExampleSqlData" time="0.012"/>
</testsuite> <!-- com.dtcc.automation.database.SqlDatabaseValidationTest -->
