<?xml version="1.0" encoding="UTF-8"?>
<!-- Generated by org.testng.reporters.JUnitReportReporter -->
<testsuite hostname="runnervm3jyl0" failures="0" tests="10" name="com.dtcc.automation.coverage.db.DtccAllureDbSuitesTest" time="0.014" errors="0" timestamp="2026-06-04T02:38:05 UTC" skipped="0">
  <testcase classname="com.dtcc.automation.coverage.db.DtccAllureDbSuitesTest" name="dbCoverageIsDocumented" time="0.001"/>
  <testcase classname="com.dtcc.automation.coverage.db.DtccAllureDbSuitesTest" name="dbCoverageIsDocumented" time="0.001"/>
  <testcase classname="com.dtcc.automation.coverage.db.DtccAllureDbSuitesTest" name="dbCoverageIsDocumented" time="0.001"/>
  <testcase classname="com.dtcc.automation.coverage.db.DtccAllureDbSuitesTest" name="dbCoverageIsDocumented" time="0.001"/>
  <testcase classname="com.dtcc.automation.coverage.db.DtccAllureDbSuitesTest" name="dbCoverageIsDocumented" time="0.001"/>
  <testcase classname="com.dtcc.automation.coverage.db.DtccAllureDbSuitesTest" name="dbCoverageIsDocumented" time="0.001"/>
  <testcase classname="com.dtcc.automation.coverage.db.DtccAllureDbSuitesTest" name="dbCoverageIsDocumented" time="0.001"/>
  <testcase classname="com.dtcc.automation.coverage.db.DtccAllureDbSuitesTest" name="dbCoverageIsDocumented" time="0.005"/>
  <testcase classname="com.dtcc.automation.coverage.db.DtccAllureDbSuitesTest" name="dbCoverageIsDocumented" time="0.001"/>
  <testcase classname="com.dtcc.automation.coverage.db.DtccAllureDbSuitesTest" name="dbCoverageIsDocumented" time="0.001"/>
</testsuite> <!-- com.dtcc.automation.coverage.db.DtccAllureDbSuitesTest -->
