<?xml version="1.0" encoding="UTF-8"?>
<!-- Generated by org.testng.reporters.JUnitReportReporter -->
<testsuite hostname="runnervm3jyl0" failures="0" tests="24" name="com.dtcc.automation.reports.DtccPublicAllureShowcaseTest" time="16.002" errors="0" timestamp="2026-06-04T02:15:30 UTC" skipped="2">
  <testcase classname="com.dtcc.automation.reports.DtccPublicAllureShowcaseTest" name="intentionalRestDefectExampleIsOptInOnly" time="0.371">
    <skipped/>
  </testcase> <!-- intentionalRestDefectExampleIsOptInOnly -->
  <testcase classname="com.dtcc.automation.reports.DtccPublicAllureShowcaseTest" name="loginUsernameFieldHasAccessibleLabel" time="0.445"/>
  <testcase classname="com.dtcc.automation.reports.DtccPublicAllureShowcaseTest" name="keyboardLoginFlowWorks" time="0.644"/>
  <testcase classname="com.dtcc.automation.reports.DtccPublicAllureShowcaseTest" name="restRiskEndpointRejectsMissingAuthorization" time="0.404"/>
  <testcase classname="com.dtcc.automation.reports.DtccPublicAllureShowcaseTest" name="intentionalUiDefectExampleIsOptInOnly" time="0.364">
    <skipped/>
  </testcase> <!-- intentionalUiDefectExampleIsOptInOnly -->
  <testcase classname="com.dtcc.automation.reports.DtccPublicAllureShowcaseTest" name="restSearchEndpointRejectsScriptPayload" time="0.407"/>
  <testcase classname="com.dtcc.automation.reports.DtccPublicAllureShowcaseTest" name="restOrderEndpointAcceptsSanitizedPayload" time="0.517"/>
  <testcase classname="com.dtcc.automation.reports.DtccPublicAllureShowcaseTest" name="orderConversionShowsPaymentButton" time="0.831"/>
  <testcase classname="com.dtcc.automation.reports.DtccPublicAllureShowcaseTest" name="checkoutButtonHiddenBeforeCartSelection" time="0.729"/>
  <testcase classname="com.dtcc.automation.reports.DtccPublicAllureShowcaseTest" name="paymentDisplaysSuccessConfirmation" time="0.865"/>
  <testcase classname="com.dtcc.automation.reports.DtccPublicAllureShowcaseTest" name="sqlInjectionPayloadIsRejected" time="0.659"/>
  <testcase classname="com.dtcc.automation.reports.DtccPublicAllureShowcaseTest" name="qualityGateSummaryIsPublished" time="0.380"/>
  <testcase classname="com.dtcc.automation.reports.DtccPublicAllureShowcaseTest" name="loginPasswordFieldHasAccessibleLabel" time="0.448"/>
  <testcase classname="com.dtcc.automation.reports.DtccPublicAllureShowcaseTest" name="restClearingEligibilityEndpointValidatesSymbol" time="3.334"/>
  <testcase classname="com.dtcc.automation.reports.DtccPublicAllureShowcaseTest" name="invalidLoginDoesNotExposeCatalogPanel" time="0.636"/>
  <testcase classname="com.dtcc.automation.reports.DtccPublicAllureShowcaseTest" name="globalKnownErrorRegisterIsPublished" time="0.352"/>
  <testcase classname="com.dtcc.automation.reports.DtccPublicAllureShowcaseTest" name="cartSelectionEnablesCheckout" time="0.782"/>
  <testcase classname="com.dtcc.automation.reports.DtccPublicAllureShowcaseTest" name="globalReportEvidenceAttachmentIsPublished" time="0.363"/>
  <testcase classname="com.dtcc.automation.reports.DtccPublicAllureShowcaseTest" name="restMarketStatusEndpointReturnsOpenStatus" time="0.426"/>
  <testcase classname="com.dtcc.automation.reports.DtccPublicAllureShowcaseTest" name="invalidLoginDisplaysControlledError" time="0.671"/>
  <testcase classname="com.dtcc.automation.reports.DtccPublicAllureShowcaseTest" name="scriptInjectionPayloadIsRejected" time="0.677"/>
  <testcase classname="com.dtcc.automation.reports.DtccPublicAllureShowcaseTest" name="blankCredentialsAreRejected" time="0.667"/>
  <testcase classname="com.dtcc.automation.reports.DtccPublicAllureShowcaseTest" name="publicDtccWebsiteMetadataIsAttached" time="0.381"/>
  <testcase classname="com.dtcc.automation.reports.DtccPublicAllureShowcaseTest" name="validDemoLoginRevealsCatalog" time="0.649"/>
</testsuite> <!-- com.dtcc.automation.reports.DtccPublicAllureShowcaseTest -->
