<?xml version="1.0" encoding="UTF-8"?>
<!-- Generated by org.testng.reporters.JUnitReportReporter -->
<testsuite hostname="runnervm3jyl0" failures="0" tests="2" name="com.dtcc.automation.reports.AllureEnabledUiReportTest" time="10.235" errors="0" timestamp="2026-06-04T01:47:23 UTC" skipped="1">
  <testcase classname="com.dtcc.automation.reports.AllureEnabledUiReportTest" name="orderLifecycleProducesDetailedAllureReport" time="9.826"/>
  <testcase classname="com.dtcc.automation.reports.AllureEnabledUiReportTest" name="intentionalFailureCreatesAllureDefectExample" time="0.409">
    <skipped/>
  </testcase> <!-- intentionalFailureCreatesAllureDefectExample -->
</testsuite> <!-- com.dtcc.automation.reports.AllureEnabledUiReportTest -->
