<?xml version="1.0" encoding="UTF-8"?>
<!-- Generated by org.testng.reporters.JUnitReportReporter -->
<testsuite hostname="runnervm3jyl0" failures="0" tests="1" name="com.dtcc.automation.ui.SeleniumOrderLifecycleTest" time="0.973" errors="0" timestamp="2026-06-04T03:23:16 UTC" skipped="0">
  <testcase classname="com.dtcc.automation.ui.SeleniumOrderLifecycleTest" name="userCanCompleteFullOrderLifecycleWithSelenium" time="0.973"/>
</testsuite> <!-- com.dtcc.automation.ui.SeleniumOrderLifecycleTest -->
