<?xml version="1.0" encoding="UTF-8"?>
<!-- Generated by org.testng.reporters.JUnitReportReporter -->
<testsuite hostname="runnervm3jyl0" failures="0" tests="43" name="com.dtcc.automation.runners.CucumberTestRunner" time="154.023" errors="0" timestamp="2026-06-04T03:13:25 UTC" skipped="0">
  <testcase classname="com.dtcc.automation.runners.CucumberTestRunner" name="runScenario" time="5.091"/>
  <testcase classname="com.dtcc.automation.runners.CucumberTestRunner" name="runScenario" time="2.595"/>
  <testcase classname="com.dtcc.automation.runners.CucumberTestRunner" name="runScenario" time="2.790"/>
  <testcase classname="com.dtcc.automation.runners.CucumberTestRunner" name="runScenario" time="5.135"/>
  <testcase classname="com.dtcc.automation.runners.CucumberTestRunner" name="runScenario" time="2.024"/>
  <testcase classname="com.dtcc.automation.runners.CucumberTestRunner" name="runScenario" time="2.812"/>
  <testcase classname="com.dtcc.automation.runners.CucumberTestRunner" name="runScenario" time="3.125"/>
  <testcase classname="com.dtcc.automation.runners.CucumberTestRunner" name="runScenario" time="5.061"/>
  <testcase classname="com.dtcc.automation.runners.CucumberTestRunner" name="runScenario" time="5.500"/>
  <testcase classname="com.dtcc.automation.runners.CucumberTestRunner" name="runScenario" time="2.713"/>
  <testcase classname="com.dtcc.automation.runners.CucumberTestRunner" name="runScenario" time="3.570"/>
  <testcase classname="com.dtcc.automation.runners.CucumberTestRunner" name="runScenario" time="2.806"/>
  <testcase classname="com.dtcc.automation.runners.CucumberTestRunner" name="runScenario" time="2.730"/>
  <testcase classname="com.dtcc.automation.runners.CucumberTestRunner" name="runScenario" time="3.270"/>
  <testcase classname="com.dtcc.automation.runners.CucumberTestRunner" name="runScenario" time="3.247"/>
  <testcase classname="com.dtcc.automation.runners.CucumberTestRunner" name="runScenario" time="2.701"/>
  <testcase classname="com.dtcc.automation.runners.CucumberTestRunner" name="runScenario" time="2.669"/>
  <testcase classname="com.dtcc.automation.runners.CucumberTestRunner" name="runScenario" time="2.893"/>
  <testcase classname="com.dtcc.automation.runners.CucumberTestRunner" name="runScenario" time="2.838"/>
  <testcase classname="com.dtcc.automation.runners.CucumberTestRunner" name="runScenario" time="3.057"/>
  <testcase classname="com.dtcc.automation.runners.CucumberTestRunner" name="runScenario" time="3.606"/>
  <testcase classname="com.dtcc.automation.runners.CucumberTestRunner" name="runScenario" time="3.241"/>
  <testcase classname="com.dtcc.automation.runners.CucumberTestRunner" name="runScenario" time="4.936"/>
  <testcase classname="com.dtcc.automation.runners.CucumberTestRunner" name="runScenario" time="1.972"/>
  <testcase classname="com.dtcc.automation.runners.CucumberTestRunner" name="runScenario" time="5.150"/>
  <testcase classname="com.dtcc.automation.runners.CucumberTestRunner" name="runScenario" time="2.903"/>
  <testcase classname="com.dtcc.automation.runners.CucumberTestRunner" name="runScenario" time="3.483"/>
  <testcase classname="com.dtcc.automation.runners.CucumberTestRunner" name="runScenario" time="2.660"/>
  <testcase classname="com.dtcc.automation.runners.CucumberTestRunner" name="runScenario" time="2.175"/>
  <testcase classname="com.dtcc.automation.runners.CucumberTestRunner" name="runScenario" time="4.953"/>
  <testcase classname="com.dtcc.automation.runners.CucumberTestRunner" name="runScenario" time="2.627"/>
  <testcase classname="com.dtcc.automation.runners.CucumberTestRunner" name="runScenario" time="5.267"/>
  <testcase classname="com.dtcc.automation.runners.CucumberTestRunner" name="runScenario" time="4.989"/>
  <testcase classname="com.dtcc.automation.runners.CucumberTestRunner" name="runScenario" time="3.999"/>
  <testcase classname="com.dtcc.automation.runners.CucumberTestRunner" name="runScenario" time="1.981"/>
  <testcase classname="com.dtcc.automation.runners.CucumberTestRunner" name="runScenario" time="2.677"/>
  <testcase classname="com.dtcc.automation.runners.CucumberTestRunner" name="runScenario" time="3.634"/>
  <testcase classname="com.dtcc.automation.runners.CucumberTestRunner" name="runScenario" time="3.183"/>
  <testcase classname="com.dtcc.automation.runners.CucumberTestRunner" name="runScenario" time="9.903"/>
  <testcase classname="com.dtcc.automation.runners.CucumberTestRunner" name="runScenario" time="2.573"/>
  <testcase classname="com.dtcc.automation.runners.CucumberTestRunner" name="runScenario" time="2.899"/>
  <testcase classname="com.dtcc.automation.runners.CucumberTestRunner" name="runScenario" time="4.941"/>
  <testcase classname="com.dtcc.automation.runners.CucumberTestRunner" name="runScenario" time="3.644"/>
</testsuite> <!-- com.dtcc.automation.runners.CucumberTestRunner -->
