<?xml version="1.0" encoding="UTF-8"?>
<!-- Generated by org.testng.reporters.JUnitReportReporter -->
<testsuite hostname="runnervm3jyl0" failures="0" tests="10" name="com.dtcc.automation.coverage.ui.DtccAllureUiSuitesTest" time="0.005" errors="0" timestamp="2026-06-04T05:38:43 UTC" skipped="0">
  <testcase classname="com.dtcc.automation.coverage.ui.DtccAllureUiSuitesTest" name="uiPageCoverageMetadataIsDocumented" time="0.002"/>
  <testcase classname="com.dtcc.automation.coverage.ui.DtccAllureUiSuitesTest" name="uiPageCoverageMetadataIsDocumented" time="0.000"/>
  <testcase classname="com.dtcc.automation.coverage.ui.DtccAllureUiSuitesTest" name="uiPageCoverageMetadataIsDocumented" time="0.001"/>
  <testcase classname="com.dtcc.automation.coverage.ui.DtccAllureUiSuitesTest" name="uiPageCoverageMetadataIsDocumented" time="0.000"/>
  <testcase classname="com.dtcc.automation.coverage.ui.DtccAllureUiSuitesTest" name="uiPageCoverageMetadataIsDocumented" time="0.000"/>
  <testcase classname="com.dtcc.automation.coverage.ui.DtccAllureUiSuitesTest" name="uiPageCoverageMetadataIsDocumented" time="0.001"/>
  <testcase classname="com.dtcc.automation.coverage.ui.DtccAllureUiSuitesTest" name="uiPageCoverageMetadataIsDocumented" time="0.000"/>
  <testcase classname="com.dtcc.automation.coverage.ui.DtccAllureUiSuitesTest" name="uiPageCoverageMetadataIsDocumented" time="0.001"/>
  <testcase classname="com.dtcc.automation.coverage.ui.DtccAllureUiSuitesTest" name="uiPageCoverageMetadataIsDocumented" time="0.000"/>
  <testcase classname="com.dtcc.automation.coverage.ui.DtccAllureUiSuitesTest" name="uiPageCoverageMetadataIsDocumented" time="0.000"/>
</testsuite> <!-- com.dtcc.automation.coverage.ui.DtccAllureUiSuitesTest -->
