<?xml version="1.0" encoding="UTF-8"?>
<!-- Generated by org.testng.reporters.JUnitReportReporter -->
<testsuite hostname="runnervm3jyl0" failures="0" tests="10" name="com.dtcc.automation.coverage.api.DtccAllureApiSuitesTest" time="0.011" errors="0" timestamp="2026-06-04T02:42:13 UTC" skipped="0">
  <testcase classname="com.dtcc.automation.coverage.api.DtccAllureApiSuitesTest" name="apiContractCoverageIsDocumented" time="0.001"/>
  <testcase classname="com.dtcc.automation.coverage.api.DtccAllureApiSuitesTest" name="apiContractCoverageIsDocumented" time="0.001"/>
  <testcase classname="com.dtcc.automation.coverage.api.DtccAllureApiSuitesTest" name="apiContractCoverageIsDocumented" time="0.001"/>
  <testcase classname="com.dtcc.automation.coverage.api.DtccAllureApiSuitesTest" name="apiContractCoverageIsDocumented" time="0.001"/>
  <testcase classname="com.dtcc.automation.coverage.api.DtccAllureApiSuitesTest" name="apiContractCoverageIsDocumented" time="0.000"/>
  <testcase classname="com.dtcc.automation.coverage.api.DtccAllureApiSuitesTest" name="apiContractCoverageIsDocumented" time="0.001"/>
  <testcase classname="com.dtcc.automation.coverage.api.DtccAllureApiSuitesTest" name="apiContractCoverageIsDocumented" time="0.001"/>
  <testcase classname="com.dtcc.automation.coverage.api.DtccAllureApiSuitesTest" name="apiContractCoverageIsDocumented" time="0.000"/>
  <testcase classname="com.dtcc.automation.coverage.api.DtccAllureApiSuitesTest" name="apiContractCoverageIsDocumented" time="0.001"/>
  <testcase classname="com.dtcc.automation.coverage.api.DtccAllureApiSuitesTest" name="apiContractCoverageIsDocumented" time="0.004"/>
</testsuite> <!-- com.dtcc.automation.coverage.api.DtccAllureApiSuitesTest -->
