<?xml version="1.0" encoding="UTF-8"?>
<!-- Generated by org.testng.reporters.JUnitReportReporter -->
<testsuite hostname="runnervm3jyl0" failures="0" tests="30" name="com.dtcc.automation.reports.DtccMoreAllureCoverageTest" time="14.819" errors="0" timestamp="2026-06-04T03:06:41 UTC" skipped="0">
  <testcase classname="com.dtcc.automation.reports.DtccMoreAllureCoverageTest" name="apiMalformedSymbolRequestReturnsBadRequest" time="0.400"/>
  <testcase classname="com.dtcc.automation.reports.DtccMoreAllureCoverageTest" name="databaseAggregatesSettlementAmountByCurrency" time="0.507"/>
  <testcase classname="com.dtcc.automation.reports.DtccMoreAllureCoverageTest" name="databaseInsertsReadySettlementOrder" time="0.365"/>
  <testcase classname="com.dtcc.automation.reports.DtccMoreAllureCoverageTest" name="databaseRollbackRemovesUncommittedSettlementOrder" time="0.367"/>
  <testcase classname="com.dtcc.automation.reports.DtccMoreAllureCoverageTest" name="apiResponseIncludesRateLimitHeader" time="0.402"/>
  <testcase classname="com.dtcc.automation.reports.DtccMoreAllureCoverageTest" name="databaseCountsOrdersBySettlementStatus" time="0.365"/>
  <testcase classname="com.dtcc.automation.reports.DtccMoreAllureCoverageTest" name="apiNoticesEndpointReturnsMultipleItems" time="0.391"/>
  <testcase classname="com.dtcc.automation.reports.DtccMoreAllureCoverageTest" name="apiDuplicateOrderReturnsConflict" time="0.389"/>
  <testcase classname="com.dtcc.automation.reports.DtccMoreAllureCoverageTest" name="uiValidDemoLoginHidesErrorBanner" time="0.634"/>
  <testcase classname="com.dtcc.automation.reports.DtccMoreAllureCoverageTest" name="apiStatusEndpointRespondsInsidePerformanceBudget" time="0.381"/>
  <testcase classname="com.dtcc.automation.reports.DtccMoreAllureCoverageTest" name="apiAuditEndpointReturnsTraceIdentifier" time="0.400"/>
  <testcase classname="com.dtcc.automation.reports.DtccMoreAllureCoverageTest" name="uiPageTitleIdentifiesMockLifecycleApp" time="0.408"/>
  <testcase classname="com.dtcc.automation.reports.DtccMoreAllureCoverageTest" name="databasePrimaryKeyPreventsDuplicateOrderIds" time="0.366"/>
  <testcase classname="com.dtcc.automation.reports.DtccMoreAllureCoverageTest" name="databaseValidatesPositiveSettlementAmounts" time="0.371"/>
  <testcase classname="com.dtcc.automation.reports.DtccMoreAllureCoverageTest" name="uiCheckoutEnablesSubmitPayment" time="0.795"/>
  <testcase classname="com.dtcc.automation.reports.DtccMoreAllureCoverageTest" name="uiLoginControlsExposeClearLabels" time="0.441"/>
  <testcase classname="com.dtcc.automation.reports.DtccMoreAllureCoverageTest" name="apiHealthEndpointReturnsServiceIdentity" time="0.399"/>
  <testcase classname="com.dtcc.automation.reports.DtccMoreAllureCoverageTest" name="apiContentTypeIsJsonForReferenceData" time="0.405"/>
  <testcase classname="com.dtcc.automation.reports.DtccMoreAllureCoverageTest" name="databaseParameterizedLookupFindsTransactionReference" time="0.411"/>
  <testcase classname="com.dtcc.automation.reports.DtccMoreAllureCoverageTest" name="uiAddToCartAloneDoesNotRevealPaymentButton" time="0.855"/>
  <testcase classname="com.dtcc.automation.reports.DtccMoreAllureCoverageTest" name="uiOpeningCartAfterSelectionEnablesCheckout" time="0.750"/>
  <testcase classname="com.dtcc.automation.reports.DtccMoreAllureCoverageTest" name="uiPaymentConfirmationIncludesLifecycleWording" time="1.242"/>
  <testcase classname="com.dtcc.automation.reports.DtccMoreAllureCoverageTest" name="databaseAuditTableRecordsStatusTransition" time="0.354"/>
  <testcase classname="com.dtcc.automation.reports.DtccMoreAllureCoverageTest" name="apiCreatesPublicSafeOrderInstruction" time="0.405"/>
  <testcase classname="com.dtcc.automation.reports.DtccMoreAllureCoverageTest" name="apiSecureSummaryRejectsMissingToken" time="0.420"/>
  <testcase classname="com.dtcc.automation.reports.DtccMoreAllureCoverageTest" name="databaseMergeUpdatesExistingOrderStatus" time="0.498"/>
  <testcase classname="com.dtcc.automation.reports.DtccMoreAllureCoverageTest" name="databaseCreatesSettlementTable" time="0.359"/>
  <testcase classname="com.dtcc.automation.reports.DtccMoreAllureCoverageTest" name="uiLoginPanelIsVisibleOnFirstLoad" time="0.451"/>
  <testcase classname="com.dtcc.automation.reports.DtccMoreAllureCoverageTest" name="uiValidSdetLoginDisplaysCatalogue" time="0.640"/>
  <testcase classname="com.dtcc.automation.reports.DtccMoreAllureCoverageTest" name="uiInvalidLoginErrorExposesAlertSemantics" time="0.648"/>
</testsuite> <!-- com.dtcc.automation.reports.DtccMoreAllureCoverageTest -->
