<?xml version="1.0" encoding="UTF-8"?>
<!-- Generated by org.testng.reporters.JUnitReportReporter -->
<testsuite hostname="runnervm3jyl0" failures="0" tests="2" name="com.dtcc.automation.reports.AllureEnabledUiReportTest" time="11.714" errors="0" timestamp="2026-06-04T02:08:28 UTC" skipped="1">
  <testcase classname="com.dtcc.automation.reports.AllureEnabledUiReportTest" name="intentionalFailureCreatesAllureDefectExample" time="0.414">
    <skipped/>
  </testcase> <!-- intentionalFailureCreatesAllureDefectExample -->
  <testcase classname="com.dtcc.automation.reports.AllureEnabledUiReportTest" name="orderLifecycleProducesDetailedAllureReport" time="11.300"/>
</testsuite> <!-- com.dtcc.automation.reports.AllureEnabledUiReportTest -->
