<?xml version="1.0" encoding="UTF-8"?>
<!-- Generated by org.testng.reporters.JUnitReportReporter -->
<testsuite hostname="runnervm3jyl0" failures="0" tests="35" name="com.dtcc.automation.reports.DtccExtendedAllureCoverageTest" time="0.051" errors="0" timestamp="2026-06-04T03:08:46 UTC" skipped="3">
  <testcase classname="com.dtcc.automation.reports.DtccExtendedAllureCoverageTest" name="qualityGatePassRate" time="0.003"/>
  <testcase classname="com.dtcc.automation.reports.DtccExtendedAllureCoverageTest" name="dbAmountPrecision" time="0.001"/>
  <testcase classname="com.dtcc.automation.reports.DtccExtendedAllureCoverageTest" name="apiContractVersion" time="0.002"/>
  <testcase classname="com.dtcc.automation.reports.DtccExtendedAllureCoverageTest" name="uiLegalRegulatoryArea" time="0.001"/>
  <testcase classname="com.dtcc.automation.reports.DtccExtendedAllureCoverageTest" name="uiNewsGroup" time="0.001"/>
  <testcase classname="com.dtcc.automation.reports.DtccExtendedAllureCoverageTest" name="apiNoticeSearch" time="0.002"/>
  <testcase classname="com.dtcc.automation.reports.DtccExtendedAllureCoverageTest" name="dbReconciliationCount" time="0.002"/>
  <testcase classname="com.dtcc.automation.reports.DtccExtendedAllureCoverageTest" name="dbAuditTrail" time="0.001"/>
  <testcase classname="com.dtcc.automation.reports.DtccExtendedAllureCoverageTest" name="apiSearchQueryValidation" time="0.001"/>
  <testcase classname="com.dtcc.automation.reports.DtccExtendedAllureCoverageTest" name="uiPdfLibrary" time="0.001"/>
  <testcase classname="com.dtcc.automation.reports.DtccExtendedAllureCoverageTest" name="intentionalApiDefect" time="0.001">
    <skipped/>
  </testcase> <!-- intentionalApiDefect -->
  <testcase classname="com.dtcc.automation.reports.DtccExtendedAllureCoverageTest" name="dbPiiMasking" time="0.002"/>
  <testcase classname="com.dtcc.automation.reports.DtccExtendedAllureCoverageTest" name="dbFailureReason" time="0.001"/>
  <testcase classname="com.dtcc.automation.reports.DtccExtendedAllureCoverageTest" name="apiLatencySmoke" time="0.003"/>
  <testcase classname="com.dtcc.automation.reports.DtccExtendedAllureCoverageTest" name="apiEligibility" time="0.002"/>
  <testcase classname="com.dtcc.automation.reports.DtccExtendedAllureCoverageTest" name="apiMissingAuthorization" time="0.002"/>
  <testcase classname="com.dtcc.automation.reports.DtccExtendedAllureCoverageTest" name="dbActiveView" time="0.002"/>
  <testcase classname="com.dtcc.automation.reports.DtccExtendedAllureCoverageTest" name="intentionalDbDefect" time="0.001">
    <skipped/>
  </testcase> <!-- intentionalDbDefect -->
  <testcase classname="com.dtcc.automation.reports.DtccExtendedAllureCoverageTest" name="uiVisualSmoke" time="0.001"/>
  <testcase classname="com.dtcc.automation.reports.DtccExtendedAllureCoverageTest" name="uiHomePageMetadata" time="0.001"/>
  <testcase classname="com.dtcc.automation.reports.DtccExtendedAllureCoverageTest" name="dbReferenceUniqueness" time="0.002"/>
  <testcase classname="com.dtcc.automation.reports.DtccExtendedAllureCoverageTest" name="uiGtrTables" time="0.001"/>
  <testcase classname="com.dtcc.automation.reports.DtccExtendedAllureCoverageTest" name="uiAccessibilitySmoke" time="0.001"/>
  <testcase classname="com.dtcc.automation.reports.DtccExtendedAllureCoverageTest" name="dbSettlementOrderInsert" time="0.001"/>
  <testcase classname="com.dtcc.automation.reports.DtccExtendedAllureCoverageTest" name="uiProductsTemplate" time="0.001"/>
  <testcase classname="com.dtcc.automation.reports.DtccExtendedAllureCoverageTest" name="qualityGateBlockerDefects" time="0.001"/>
  <testcase classname="com.dtcc.automation.reports.DtccExtendedAllureCoverageTest" name="dbQueryPerformance" time="0.001"/>
  <testcase classname="com.dtcc.automation.reports.DtccExtendedAllureCoverageTest" name="apiClientDocument" time="0.003"/>
  <testcase classname="com.dtcc.automation.reports.DtccExtendedAllureCoverageTest" name="uiImportantNoticesFiltering" time="0.001"/>
  <testcase classname="com.dtcc.automation.reports.DtccExtendedAllureCoverageTest" name="dbCurrencyConstraint" time="0.002"/>
  <testcase classname="com.dtcc.automation.reports.DtccExtendedAllureCoverageTest" name="apiRateLimit" time="0.001"/>
  <testcase classname="com.dtcc.automation.reports.DtccExtendedAllureCoverageTest" name="apiInvalidQuantity" time="0.001"/>
  <testcase classname="com.dtcc.automation.reports.DtccExtendedAllureCoverageTest" name="apiMarketStatus" time="0.001"/>
  <testcase classname="com.dtcc.automation.reports.DtccExtendedAllureCoverageTest" name="intentionalUiDefect" time="0.002">
    <skipped/>
  </testcase> <!-- intentionalUiDefect -->
  <testcase classname="com.dtcc.automation.reports.DtccExtendedAllureCoverageTest" name="uiClientCenterStatus" time="0.001"/>
</testsuite> <!-- com.dtcc.automation.reports.DtccExtendedAllureCoverageTest -->
