<?xml version="1.0" encoding="UTF-8"?>
<!-- Generated by org.testng.reporters.JUnitReportReporter -->
<testsuite hostname="runnervm3jyl0" failures="0" tests="25" name="com.dtcc.automation.reports.DtccAdditionalAllureCoverageTest" time="0.031" errors="0" timestamp="2026-06-04T03:12:50 UTC" skipped="0">
  <testcase classname="com.dtcc.automation.reports.DtccAdditionalAllureCoverageTest" name="databaseValidationEvidenceIsRepresented" time="0.001"/>
  <testcase classname="com.dtcc.automation.reports.DtccAdditionalAllureCoverageTest" name="dtccWebsiteAreaHasDefinedAutomationScope" time="0.001"/>
  <testcase classname="com.dtcc.automation.reports.DtccAdditionalAllureCoverageTest" name="apiBackendContractEvidenceIsRepresented" time="0.004"/>
  <testcase classname="com.dtcc.automation.reports.DtccAdditionalAllureCoverageTest" name="dtccWebsiteAreaHasDefinedAutomationScope" time="0.001"/>
  <testcase classname="com.dtcc.automation.reports.DtccAdditionalAllureCoverageTest" name="databaseValidationEvidenceIsRepresented" time="0.001"/>
  <testcase classname="com.dtcc.automation.reports.DtccAdditionalAllureCoverageTest" name="apiBackendContractEvidenceIsRepresented" time="0.002"/>
  <testcase classname="com.dtcc.automation.reports.DtccAdditionalAllureCoverageTest" name="apiBackendContractEvidenceIsRepresented" time="0.001"/>
  <testcase classname="com.dtcc.automation.reports.DtccAdditionalAllureCoverageTest" name="dtccWebsiteAreaHasDefinedAutomationScope" time="0.001"/>
  <testcase classname="com.dtcc.automation.reports.DtccAdditionalAllureCoverageTest" name="databaseValidationEvidenceIsRepresented" time="0.001"/>
  <testcase classname="com.dtcc.automation.reports.DtccAdditionalAllureCoverageTest" name="apiBackendContractEvidenceIsRepresented" time="0.002"/>
  <testcase classname="com.dtcc.automation.reports.DtccAdditionalAllureCoverageTest" name="databaseValidationEvidenceIsRepresented" time="0.001"/>
  <testcase classname="com.dtcc.automation.reports.DtccAdditionalAllureCoverageTest" name="databaseValidationEvidenceIsRepresented" time="0.003"/>
  <testcase classname="com.dtcc.automation.reports.DtccAdditionalAllureCoverageTest" name="dtccWebsiteAreaHasDefinedAutomationScope" time="0.001"/>
  <testcase classname="com.dtcc.automation.reports.DtccAdditionalAllureCoverageTest" name="databaseValidationEvidenceIsRepresented" time="0.000"/>
  <testcase classname="com.dtcc.automation.reports.DtccAdditionalAllureCoverageTest" name="apiBackendContractEvidenceIsRepresented" time="0.001"/>
  <testcase classname="com.dtcc.automation.reports.DtccAdditionalAllureCoverageTest" name="apiBackendContractEvidenceIsRepresented" time="0.001"/>
  <testcase classname="com.dtcc.automation.reports.DtccAdditionalAllureCoverageTest" name="dtccWebsiteAreaHasDefinedAutomationScope" time="0.001"/>
  <testcase classname="com.dtcc.automation.reports.DtccAdditionalAllureCoverageTest" name="dtccWebsiteAreaHasDefinedAutomationScope" time="0.001"/>
  <testcase classname="com.dtcc.automation.reports.DtccAdditionalAllureCoverageTest" name="apiBackendContractEvidenceIsRepresented" time="0.001"/>
  <testcase classname="com.dtcc.automation.reports.DtccAdditionalAllureCoverageTest" name="dtccWebsiteAreaHasDefinedAutomationScope" time="0.001"/>
  <testcase classname="com.dtcc.automation.reports.DtccAdditionalAllureCoverageTest" name="dtccWebsiteAreaHasDefinedAutomationScope" time="0.001"/>
  <testcase classname="com.dtcc.automation.reports.DtccAdditionalAllureCoverageTest" name="apiBackendContractEvidenceIsRepresented" time="0.001"/>
  <testcase classname="com.dtcc.automation.reports.DtccAdditionalAllureCoverageTest" name="dtccWebsiteAreaHasDefinedAutomationScope" time="0.001"/>
  <testcase classname="com.dtcc.automation.reports.DtccAdditionalAllureCoverageTest" name="databaseValidationEvidenceIsRepresented" time="0.001"/>
  <testcase classname="com.dtcc.automation.reports.DtccAdditionalAllureCoverageTest" name="dtccWebsiteAreaHasDefinedAutomationScope" time="0.001"/>
</testsuite> <!-- com.dtcc.automation.reports.DtccAdditionalAllureCoverageTest -->
