<?xml version="1.0" encoding="UTF-8"?>
<!-- Generated by org.testng.reporters.JUnitReportReporter -->
<testsuite hostname="runnervm3jyl0" failures="0" tests="30" name="com.dtcc.automation.reports.DtccMoreAllureCoverageTest" time="14.564" errors="0" timestamp="2026-06-04T02:32:23 UTC" skipped="0">
  <testcase classname="com.dtcc.automation.reports.DtccMoreAllureCoverageTest" name="uiValidDemoLoginHidesErrorBanner" time="0.658"/>
  <testcase classname="com.dtcc.automation.reports.DtccMoreAllureCoverageTest" name="apiDuplicateOrderReturnsConflict" time="0.396"/>
  <testcase classname="com.dtcc.automation.reports.DtccMoreAllureCoverageTest" name="databaseInsertsReadySettlementOrder" time="0.360"/>
  <testcase classname="com.dtcc.automation.reports.DtccMoreAllureCoverageTest" name="databaseParameterizedLookupFindsTransactionReference" time="0.396"/>
  <testcase classname="com.dtcc.automation.reports.DtccMoreAllureCoverageTest" name="apiStatusEndpointRespondsInsidePerformanceBudget" time="0.416"/>
  <testcase classname="com.dtcc.automation.reports.DtccMoreAllureCoverageTest" name="uiAddToCartAloneDoesNotRevealPaymentButton" time="0.743"/>
  <testcase classname="com.dtcc.automation.reports.DtccMoreAllureCoverageTest" name="uiInvalidLoginErrorExposesAlertSemantics" time="0.659"/>
  <testcase classname="com.dtcc.automation.reports.DtccMoreAllureCoverageTest" name="apiNoticesEndpointReturnsMultipleItems" time="0.390"/>
  <testcase classname="com.dtcc.automation.reports.DtccMoreAllureCoverageTest" name="apiResponseIncludesRateLimitHeader" time="0.399"/>
  <testcase classname="com.dtcc.automation.reports.DtccMoreAllureCoverageTest" name="databaseAuditTableRecordsStatusTransition" time="0.370"/>
  <testcase classname="com.dtcc.automation.reports.DtccMoreAllureCoverageTest" name="apiCreatesPublicSafeOrderInstruction" time="0.413"/>
  <testcase classname="com.dtcc.automation.reports.DtccMoreAllureCoverageTest" name="apiHealthEndpointReturnsServiceIdentity" time="0.414"/>
  <testcase classname="com.dtcc.automation.reports.DtccMoreAllureCoverageTest" name="databaseValidatesPositiveSettlementAmounts" time="0.362"/>
  <testcase classname="com.dtcc.automation.reports.DtccMoreAllureCoverageTest" name="uiLoginControlsExposeClearLabels" time="0.452"/>
  <testcase classname="com.dtcc.automation.reports.DtccMoreAllureCoverageTest" name="databaseCountsOrdersBySettlementStatus" time="0.382"/>
  <testcase classname="com.dtcc.automation.reports.DtccMoreAllureCoverageTest" name="apiContentTypeIsJsonForReferenceData" time="0.396"/>
  <testcase classname="com.dtcc.automation.reports.DtccMoreAllureCoverageTest" name="uiValidSdetLoginDisplaysCatalogue" time="0.765"/>
  <testcase classname="com.dtcc.automation.reports.DtccMoreAllureCoverageTest" name="uiLoginPanelIsVisibleOnFirstLoad" time="0.437"/>
  <testcase classname="com.dtcc.automation.reports.DtccMoreAllureCoverageTest" name="apiAuditEndpointReturnsTraceIdentifier" time="0.400"/>
  <testcase classname="com.dtcc.automation.reports.DtccMoreAllureCoverageTest" name="databaseAggregatesSettlementAmountByCurrency" time="0.545"/>
  <testcase classname="com.dtcc.automation.reports.DtccMoreAllureCoverageTest" name="apiMalformedSymbolRequestReturnsBadRequest" time="0.429"/>
  <testcase classname="com.dtcc.automation.reports.DtccMoreAllureCoverageTest" name="uiPaymentConfirmationIncludesLifecycleWording" time="0.883"/>
  <testcase classname="com.dtcc.automation.reports.DtccMoreAllureCoverageTest" name="uiPageTitleIdentifiesMockLifecycleApp" time="0.423"/>
  <testcase classname="com.dtcc.automation.reports.DtccMoreAllureCoverageTest" name="databaseRollbackRemovesUncommittedSettlementOrder" time="0.362"/>
  <testcase classname="com.dtcc.automation.reports.DtccMoreAllureCoverageTest" name="uiOpeningCartAfterSelectionEnablesCheckout" time="0.777"/>
  <testcase classname="com.dtcc.automation.reports.DtccMoreAllureCoverageTest" name="databaseCreatesSettlementTable" time="0.367"/>
  <testcase classname="com.dtcc.automation.reports.DtccMoreAllureCoverageTest" name="uiCheckoutEnablesSubmitPayment" time="0.841"/>
  <testcase classname="com.dtcc.automation.reports.DtccMoreAllureCoverageTest" name="databasePrimaryKeyPreventsDuplicateOrderIds" time="0.374"/>
  <testcase classname="com.dtcc.automation.reports.DtccMoreAllureCoverageTest" name="apiSecureSummaryRejectsMissingToken" time="0.386"/>
  <testcase classname="com.dtcc.automation.reports.DtccMoreAllureCoverageTest" name="databaseMergeUpdatesExistingOrderStatus" time="0.369"/>
</testsuite> <!-- com.dtcc.automation.reports.DtccMoreAllureCoverageTest -->
