<?xml version="1.0" encoding="UTF-8"?>
<!-- Generated by org.testng.reporters.JUnitReportReporter -->
<testsuite hostname="runnervm3jyl0" failures="0" tests="43" name="com.dtcc.automation.runners.CucumberTestRunner" time="131.298" errors="0" timestamp="2026-06-04T02:14:12 UTC" skipped="0">
  <testcase classname="com.dtcc.automation.runners.CucumberTestRunner" name="runScenario" time="4.163"/>
  <testcase classname="com.dtcc.automation.runners.CucumberTestRunner" name="runScenario" time="1.927"/>
  <testcase classname="com.dtcc.automation.runners.CucumberTestRunner" name="runScenario" time="2.521"/>
  <testcase classname="com.dtcc.automation.runners.CucumberTestRunner" name="runScenario" time="2.500"/>
  <testcase classname="com.dtcc.automation.runners.CucumberTestRunner" name="runScenario" time="3.317"/>
  <testcase classname="com.dtcc.automation.runners.CucumberTestRunner" name="runScenario" time="4.180"/>
  <testcase classname="com.dtcc.automation.runners.CucumberTestRunner" name="runScenario" time="3.074"/>
  <testcase classname="com.dtcc.automation.runners.CucumberTestRunner" name="runScenario" time="1.834"/>
  <testcase classname="com.dtcc.automation.runners.CucumberTestRunner" name="runScenario" time="1.982"/>
  <testcase classname="com.dtcc.automation.runners.CucumberTestRunner" name="runScenario" time="3.972"/>
  <testcase classname="com.dtcc.automation.runners.CucumberTestRunner" name="runScenario" time="3.912"/>
  <testcase classname="com.dtcc.automation.runners.CucumberTestRunner" name="runScenario" time="4.306"/>
  <testcase classname="com.dtcc.automation.runners.CucumberTestRunner" name="runScenario" time="2.815"/>
  <testcase classname="com.dtcc.automation.runners.CucumberTestRunner" name="runScenario" time="4.216"/>
  <testcase classname="com.dtcc.automation.runners.CucumberTestRunner" name="runScenario" time="3.551"/>
  <testcase classname="com.dtcc.automation.runners.CucumberTestRunner" name="runScenario" time="2.617"/>
  <testcase classname="com.dtcc.automation.runners.CucumberTestRunner" name="runScenario" time="2.620"/>
  <testcase classname="com.dtcc.automation.runners.CucumberTestRunner" name="runScenario" time="2.043"/>
  <testcase classname="com.dtcc.automation.runners.CucumberTestRunner" name="runScenario" time="2.736"/>
  <testcase classname="com.dtcc.automation.runners.CucumberTestRunner" name="runScenario" time="7.988"/>
  <testcase classname="com.dtcc.automation.runners.CucumberTestRunner" name="runScenario" time="3.279"/>
  <testcase classname="com.dtcc.automation.runners.CucumberTestRunner" name="runScenario" time="2.889"/>
  <testcase classname="com.dtcc.automation.runners.CucumberTestRunner" name="runScenario" time="4.227"/>
  <testcase classname="com.dtcc.automation.runners.CucumberTestRunner" name="runScenario" time="2.719"/>
  <testcase classname="com.dtcc.automation.runners.CucumberTestRunner" name="runScenario" time="2.848"/>
  <testcase classname="com.dtcc.automation.runners.CucumberTestRunner" name="runScenario" time="4.223"/>
  <testcase classname="com.dtcc.automation.runners.CucumberTestRunner" name="runScenario" time="1.710"/>
  <testcase classname="com.dtcc.automation.runners.CucumberTestRunner" name="runScenario" time="4.126"/>
  <testcase classname="com.dtcc.automation.runners.CucumberTestRunner" name="runScenario" time="1.920"/>
  <testcase classname="com.dtcc.automation.runners.CucumberTestRunner" name="runScenario" time="1.861"/>
  <testcase classname="com.dtcc.automation.runners.CucumberTestRunner" name="runScenario" time="1.824"/>
  <testcase classname="com.dtcc.automation.runners.CucumberTestRunner" name="runScenario" time="2.674"/>
  <testcase classname="com.dtcc.automation.runners.CucumberTestRunner" name="runScenario" time="3.639"/>
  <testcase classname="com.dtcc.automation.runners.CucumberTestRunner" name="runScenario" time="2.817"/>
  <testcase classname="com.dtcc.automation.runners.CucumberTestRunner" name="runScenario" time="3.457"/>
  <testcase classname="com.dtcc.automation.runners.CucumberTestRunner" name="runScenario" time="4.653"/>
  <testcase classname="com.dtcc.automation.runners.CucumberTestRunner" name="runScenario" time="2.080"/>
  <testcase classname="com.dtcc.automation.runners.CucumberTestRunner" name="runScenario" time="2.160"/>
  <testcase classname="com.dtcc.automation.runners.CucumberTestRunner" name="runScenario" time="2.238"/>
  <testcase classname="com.dtcc.automation.runners.CucumberTestRunner" name="runScenario" time="2.465"/>
  <testcase classname="com.dtcc.automation.runners.CucumberTestRunner" name="runScenario" time="2.158"/>
  <testcase classname="com.dtcc.automation.runners.CucumberTestRunner" name="runScenario" time="2.650"/>
  <testcase classname="com.dtcc.automation.runners.CucumberTestRunner" name="runScenario" time="2.407"/>
</testsuite> <!-- com.dtcc.automation.runners.CucumberTestRunner -->
